INFO: [VRFC 10-2263] Analyzing Verilog file "D:/studia_zadania/Systemy_Rekonfigurowalne/lab6/hdmi_vga_zybo/hdmi_vga_zybo.sim/sim_1/synth/func/xsim/tb_hdmi_func_synth.v" into library xil_defaultlib
INFO: [VRFC 10-311] analyzing module dbg_hub_CV
INFO: [VRFC 10-311] analyzing module hdmi_vga
INFO: [VRFC 10-311] analyzing module hdmi_vga_clk_wiz_0_0
INFO: [VRFC 10-311] analyzing module hdmi_vga_clk_wiz_0_0_clk_wiz
INFO: [VRFC 10-311] analyzing module hdmi_vga_dvi2rgb_0_0
INFO: [VRFC 10-311] analyzing module hdmi_vga_dvi2rgb_0_0_ChannelBond
INFO: [VRFC 10-311] analyzing module hdmi_vga_dvi2rgb_0_0_ChannelBond_243
INFO: [VRFC 10-311] analyzing module hdmi_vga_dvi2rgb_0_0_ChannelBond_250
INFO: [VRFC 10-311] analyzing module hdmi_vga_dvi2rgb_0_0_EEPROM_8b
INFO: [VRFC 10-311] analyzing module hdmi_vga_dvi2rgb_0_0_GlitchFilter
INFO: [VRFC 10-311] analyzing module hdmi_vga_dvi2rgb_0_0_GlitchFilter_1
INFO: [VRFC 10-311] analyzing module hdmi_vga_dvi2rgb_0_0_InputSERDES
INFO: [VRFC 10-311] analyzing module hdmi_vga_dvi2rgb_0_0_InputSERDES_244
INFO: [VRFC 10-311] analyzing module hdmi_vga_dvi2rgb_0_0_InputSERDES_251
INFO: [VRFC 10-311] analyzing module hdmi_vga_dvi2rgb_0_0_PhaseAlign
INFO: [VRFC 10-311] analyzing module hdmi_vga_dvi2rgb_0_0_PhaseAlign_245
INFO: [VRFC 10-311] analyzing module hdmi_vga_dvi2rgb_0_0_PhaseAlign_252
INFO: [VRFC 10-311] analyzing module hdmi_vga_dvi2rgb_0_0_ResetBridge
INFO: [VRFC 10-311] analyzing module hdmi_vga_dvi2rgb_0_0_ResetBridge_259
INFO: [VRFC 10-311] analyzing module hdmi_vga_dvi2rgb_0_0_ResetBridge__3
INFO: [VRFC 10-311] analyzing module hdmi_vga_dvi2rgb_0_0_ResetBridge__parameterized0
INFO: [VRFC 10-311] analyzing module hdmi_vga_dvi2rgb_0_0_ResyncToBUFG
INFO: [VRFC 10-311] analyzing module hdmi_vga_dvi2rgb_0_0_SyncAsync
INFO: [VRFC 10-311] analyzing module hdmi_vga_dvi2rgb_0_0_SyncAsync_2
INFO: [VRFC 10-311] analyzing module hdmi_vga_dvi2rgb_0_0_SyncAsync_241
INFO: [VRFC 10-311] analyzing module hdmi_vga_dvi2rgb_0_0_SyncAsync_248
INFO: [VRFC 10-311] analyzing module hdmi_vga_dvi2rgb_0_0_SyncAsync_255
INFO: [VRFC 10-311] analyzing module hdmi_vga_dvi2rgb_0_0_SyncAsync_257
INFO: [VRFC 10-311] analyzing module hdmi_vga_dvi2rgb_0_0_SyncAsync_260
INFO: [VRFC 10-311] analyzing module hdmi_vga_dvi2rgb_0_0_SyncAsync_261
INFO: [VRFC 10-311] analyzing module hdmi_vga_dvi2rgb_0_0_SyncAsync__parameterized0
INFO: [VRFC 10-311] analyzing module hdmi_vga_dvi2rgb_0_0_SyncAsync__parameterized0_0
INFO: [VRFC 10-311] analyzing module hdmi_vga_dvi2rgb_0_0_SyncAsync__parameterized0_258
INFO: [VRFC 10-311] analyzing module hdmi_vga_dvi2rgb_0_0_SyncAsync__parameterized1
INFO: [VRFC 10-311] analyzing module hdmi_vga_dvi2rgb_0_0_SyncAsync__parameterized1_242
INFO: [VRFC 10-311] analyzing module hdmi_vga_dvi2rgb_0_0_SyncAsync__parameterized1_249
INFO: [VRFC 10-311] analyzing module hdmi_vga_dvi2rgb_0_0_SyncAsync__parameterized1_256
INFO: [VRFC 10-311] analyzing module hdmi_vga_dvi2rgb_0_0_SyncBase
INFO: [VRFC 10-311] analyzing module hdmi_vga_dvi2rgb_0_0_SyncBase_246
INFO: [VRFC 10-311] analyzing module hdmi_vga_dvi2rgb_0_0_SyncBase_253
INFO: [VRFC 10-311] analyzing module hdmi_vga_dvi2rgb_0_0_SyncBase__parameterized0
INFO: [VRFC 10-311] analyzing module hdmi_vga_dvi2rgb_0_0_SyncBase__parameterized0_247
INFO: [VRFC 10-311] analyzing module hdmi_vga_dvi2rgb_0_0_SyncBase__parameterized0_254
INFO: [VRFC 10-311] analyzing module hdmi_vga_dvi2rgb_0_0_TMDS_Clocking
INFO: [VRFC 10-311] analyzing module hdmi_vga_dvi2rgb_0_0_TMDS_Decoder
INFO: [VRFC 10-311] analyzing module hdmi_vga_dvi2rgb_0_0_TMDS_Decoder__3
INFO: [VRFC 10-311] analyzing module hdmi_vga_dvi2rgb_0_0_TMDS_Decoder__4
INFO: [VRFC 10-311] analyzing module hdmi_vga_dvi2rgb_0_0_TWI_SlaveCtl
INFO: [VRFC 10-311] analyzing module hdmi_vga_dvi2rgb_0_0_dvi2rgb
INFO: [VRFC 10-311] analyzing module hdmi_vga_dvi2rgb_0_0_ila_pixclk
INFO: [VRFC 10-311] analyzing module hdmi_vga_dvi2rgb_0_0_ila_refclk
INFO: [VRFC 10-311] analyzing module hdmi_vga_rgb2vga_0_0
INFO: [VRFC 10-311] analyzing module hdmi_vga_rgb2vga_0_0_rgb2vga
INFO: [VRFC 10-311] analyzing module hdmi_vga_wrapper
INFO: [VRFC 10-311] analyzing module hdmi_vga_xlconstant_0_0
INFO: [VRFC 10-311] analyzing module hdmi_vga_dvi2rgb_0_0_ila_v6_2_12_ila
INFO: [VRFC 10-311] analyzing module hdmi_vga_dvi2rgb_0_0_ila_v6_2_12_ila__parameterized0
INFO: [VRFC 10-311] analyzing module hdmi_vga_dvi2rgb_0_0_ila_v6_2_12_ila_cap_addrgen
INFO: [VRFC 10-311] analyzing module hdmi_vga_dvi2rgb_0_0_ila_v6_2_12_ila_cap_addrgen__parameterized0
INFO: [VRFC 10-311] analyzing module hdmi_vga_dvi2rgb_0_0_ila_v6_2_12_ila_cap_ctrl_legacy
INFO: [VRFC 10-311] analyzing module hdmi_vga_dvi2rgb_0_0_ila_v6_2_12_ila_cap_ctrl_legacy__parameterized0
INFO: [VRFC 10-311] analyzing module hdmi_vga_dvi2rgb_0_0_ila_v6_2_12_ila_cap_sample_counter
INFO: [VRFC 10-311] analyzing module hdmi_vga_dvi2rgb_0_0_ila_v6_2_12_ila_cap_sample_counter__parameterized0
INFO: [VRFC 10-311] analyzing module hdmi_vga_dvi2rgb_0_0_ila_v6_2_12_ila_cap_window_counter
INFO: [VRFC 10-311] analyzing module hdmi_vga_dvi2rgb_0_0_ila_v6_2_12_ila_cap_window_counter__parameterized0
INFO: [VRFC 10-311] analyzing module hdmi_vga_dvi2rgb_0_0_ila_v6_2_12_ila_core
INFO: [VRFC 10-311] analyzing module hdmi_vga_dvi2rgb_0_0_ila_v6_2_12_ila_core__parameterized0
INFO: [VRFC 10-311] analyzing module hdmi_vga_dvi2rgb_0_0_ila_v6_2_12_ila_register
INFO: [VRFC 10-311] analyzing module hdmi_vga_dvi2rgb_0_0_ila_v6_2_12_ila_register__parameterized0
INFO: [VRFC 10-311] analyzing module hdmi_vga_dvi2rgb_0_0_ila_v6_2_12_ila_reset_ctrl
INFO: [VRFC 10-311] analyzing module hdmi_vga_dvi2rgb_0_0_ila_v6_2_12_ila_reset_ctrl_101
INFO: [VRFC 10-311] analyzing module hdmi_vga_dvi2rgb_0_0_ila_v6_2_12_ila_trace_memory
INFO: [VRFC 10-311] analyzing module hdmi_vga_dvi2rgb_0_0_ila_v6_2_12_ila_trace_memory__parameterized0
INFO: [VRFC 10-311] analyzing module hdmi_vga_dvi2rgb_0_0_ila_v6_2_12_ila_trig_match
INFO: [VRFC 10-311] analyzing module hdmi_vga_dvi2rgb_0_0_ila_v6_2_12_ila_trig_match__parameterized0
INFO: [VRFC 10-311] analyzing module hdmi_vga_dvi2rgb_0_0_ila_v6_2_12_ila_trigger
INFO: [VRFC 10-311] analyzing module hdmi_vga_dvi2rgb_0_0_ila_v6_2_12_ila_trigger__parameterized0
INFO: [VRFC 10-311] analyzing module hdmi_vga_dvi2rgb_0_0_ltlib_v1_0_0_all_typeA
INFO: [VRFC 10-311] analyzing module hdmi_vga_dvi2rgb_0_0_ltlib_v1_0_0_all_typeA_151
INFO: [VRFC 10-311] analyzing module hdmi_vga_dvi2rgb_0_0_ltlib_v1_0_0_all_typeA_155
INFO: [VRFC 10-311] analyzing module hdmi_vga_dvi2rgb_0_0_ltlib_v1_0_0_all_typeA_62
INFO: [VRFC 10-311] analyzing module hdmi_vga_dvi2rgb_0_0_ltlib_v1_0_0_all_typeA__parameterized0
INFO: [VRFC 10-311] analyzing module hdmi_vga_dvi2rgb_0_0_ltlib_v1_0_0_all_typeA__parameterized0_116
INFO: [VRFC 10-311] analyzing module hdmi_vga_dvi2rgb_0_0_ltlib_v1_0_0_all_typeA__parameterized0_119
INFO: [VRFC 10-311] analyzing module hdmi_vga_dvi2rgb_0_0_ltlib_v1_0_0_all_typeA__parameterized0_122
INFO: [VRFC 10-311] analyzing module hdmi_vga_dvi2rgb_0_0_ltlib_v1_0_0_all_typeA__parameterized0_125
INFO: [VRFC 10-311] analyzing module hdmi_vga_dvi2rgb_0_0_ltlib_v1_0_0_all_typeA__parameterized0_128
INFO: [VRFC 10-311] analyzing module hdmi_vga_dvi2rgb_0_0_ltlib_v1_0_0_all_typeA__parameterized0_131
INFO: [VRFC 10-311] analyzing module hdmi_vga_dvi2rgb_0_0_ltlib_v1_0_0_all_typeA__parameterized0_134
INFO: [VRFC 10-311] analyzing module hdmi_vga_dvi2rgb_0_0_ltlib_v1_0_0_all_typeA__parameterized0_137
INFO: [VRFC 10-311] analyzing module hdmi_vga_dvi2rgb_0_0_ltlib_v1_0_0_all_typeA__parameterized0_140
INFO: [VRFC 10-311] analyzing module hdmi_vga_dvi2rgb_0_0_ltlib_v1_0_0_all_typeA__parameterized0_143
INFO: [VRFC 10-311] analyzing module hdmi_vga_dvi2rgb_0_0_ltlib_v1_0_0_all_typeA__parameterized0_146
INFO: [VRFC 10-311] analyzing module hdmi_vga_dvi2rgb_0_0_ltlib_v1_0_0_all_typeA__parameterized0_149
INFO: [VRFC 10-311] analyzing module hdmi_vga_dvi2rgb_0_0_ltlib_v1_0_0_all_typeA__parameterized0_18
INFO: [VRFC 10-311] analyzing module hdmi_vga_dvi2rgb_0_0_ltlib_v1_0_0_all_typeA__parameterized0_20
INFO: [VRFC 10-311] analyzing module hdmi_vga_dvi2rgb_0_0_ltlib_v1_0_0_all_typeA__parameterized0_23
INFO: [VRFC 10-311] analyzing module hdmi_vga_dvi2rgb_0_0_ltlib_v1_0_0_all_typeA__parameterized0_26
INFO: [VRFC 10-311] analyzing module hdmi_vga_dvi2rgb_0_0_ltlib_v1_0_0_all_typeA__parameterized0_29
INFO: [VRFC 10-311] analyzing module hdmi_vga_dvi2rgb_0_0_ltlib_v1_0_0_all_typeA__parameterized0_32
INFO: [VRFC 10-311] analyzing module hdmi_vga_dvi2rgb_0_0_ltlib_v1_0_0_all_typeA__parameterized0_35
INFO: [VRFC 10-311] analyzing module hdmi_vga_dvi2rgb_0_0_ltlib_v1_0_0_all_typeA__parameterized0_37
INFO: [VRFC 10-311] analyzing module hdmi_vga_dvi2rgb_0_0_ltlib_v1_0_0_all_typeA__parameterized0_40
INFO: [VRFC 10-311] analyzing module hdmi_vga_dvi2rgb_0_0_ltlib_v1_0_0_all_typeA__parameterized0_43
INFO: [VRFC 10-311] analyzing module hdmi_vga_dvi2rgb_0_0_ltlib_v1_0_0_all_typeA__parameterized0_46
INFO: [VRFC 10-311] analyzing module hdmi_vga_dvi2rgb_0_0_ltlib_v1_0_0_all_typeA__parameterized0_49
INFO: [VRFC 10-311] analyzing module hdmi_vga_dvi2rgb_0_0_ltlib_v1_0_0_all_typeA__parameterized0_52
INFO: [VRFC 10-311] analyzing module hdmi_vga_dvi2rgb_0_0_ltlib_v1_0_0_all_typeA__parameterized0_55
INFO: [VRFC 10-311] analyzing module hdmi_vga_dvi2rgb_0_0_ltlib_v1_0_0_all_typeA__parameterized0_58
INFO: [VRFC 10-311] analyzing module hdmi_vga_dvi2rgb_0_0_ltlib_v1_0_0_all_typeA__parameterized1
INFO: [VRFC 10-311] analyzing module hdmi_vga_dvi2rgb_0_0_ltlib_v1_0_0_all_typeA__parameterized1_226
INFO: [VRFC 10-311] analyzing module hdmi_vga_dvi2rgb_0_0_ltlib_v1_0_0_all_typeA__parameterized1_230
INFO: [VRFC 10-311] analyzing module hdmi_vga_dvi2rgb_0_0_ltlib_v1_0_0_all_typeA__parameterized1_238
INFO: [VRFC 10-311] analyzing module hdmi_vga_dvi2rgb_0_0_ltlib_v1_0_0_all_typeA__parameterized1_90
INFO: [VRFC 10-311] analyzing module hdmi_vga_dvi2rgb_0_0_ltlib_v1_0_0_all_typeA__parameterized1_98
INFO: [VRFC 10-311] analyzing module hdmi_vga_dvi2rgb_0_0_ltlib_v1_0_0_all_typeA_slice
INFO: [VRFC 10-311] analyzing module hdmi_vga_dvi2rgb_0_0_ltlib_v1_0_0_all_typeA_slice_152
INFO: [VRFC 10-311] analyzing module hdmi_vga_dvi2rgb_0_0_ltlib_v1_0_0_all_typeA_slice_156
INFO: [VRFC 10-311] analyzing module hdmi_vga_dvi2rgb_0_0_ltlib_v1_0_0_all_typeA_slice_63
INFO: [VRFC 10-311] analyzing module hdmi_vga_dvi2rgb_0_0_ltlib_v1_0_0_all_typeA_slice__parameterized0
INFO: [VRFC 10-311] analyzing module hdmi_vga_dvi2rgb_0_0_ltlib_v1_0_0_all_typeA_slice__parameterized0_117
INFO: [VRFC 10-311] analyzing module hdmi_vga_dvi2rgb_0_0_ltlib_v1_0_0_all_typeA_slice__parameterized0_120
INFO: [VRFC 10-311] analyzing module hdmi_vga_dvi2rgb_0_0_ltlib_v1_0_0_all_typeA_slice__parameterized0_123
INFO: [VRFC 10-311] analyzing module hdmi_vga_dvi2rgb_0_0_ltlib_v1_0_0_all_typeA_slice__parameterized0_126
INFO: [VRFC 10-311] analyzing module hdmi_vga_dvi2rgb_0_0_ltlib_v1_0_0_all_typeA_slice__parameterized0_129
INFO: [VRFC 10-311] analyzing module hdmi_vga_dvi2rgb_0_0_ltlib_v1_0_0_all_typeA_slice__parameterized0_132
INFO: [VRFC 10-311] analyzing module hdmi_vga_dvi2rgb_0_0_ltlib_v1_0_0_all_typeA_slice__parameterized0_135
INFO: [VRFC 10-311] analyzing module hdmi_vga_dvi2rgb_0_0_ltlib_v1_0_0_all_typeA_slice__parameterized0_138
INFO: [VRFC 10-311] analyzing module hdmi_vga_dvi2rgb_0_0_ltlib_v1_0_0_all_typeA_slice__parameterized0_141
INFO: [VRFC 10-311] analyzing module hdmi_vga_dvi2rgb_0_0_ltlib_v1_0_0_all_typeA_slice__parameterized0_144
INFO: [VRFC 10-311] analyzing module hdmi_vga_dvi2rgb_0_0_ltlib_v1_0_0_all_typeA_slice__parameterized0_147
INFO: [VRFC 10-311] analyzing module hdmi_vga_dvi2rgb_0_0_ltlib_v1_0_0_all_typeA_slice__parameterized0_150
INFO: [VRFC 10-311] analyzing module hdmi_vga_dvi2rgb_0_0_ltlib_v1_0_0_all_typeA_slice__parameterized0_153
INFO: [VRFC 10-311] analyzing module hdmi_vga_dvi2rgb_0_0_ltlib_v1_0_0_all_typeA_slice__parameterized0_157
INFO: [VRFC 10-311] analyzing module hdmi_vga_dvi2rgb_0_0_ltlib_v1_0_0_all_typeA_slice__parameterized0_19
INFO: [VRFC 10-311] analyzing module hdmi_vga_dvi2rgb_0_0_ltlib_v1_0_0_all_typeA_slice__parameterized0_21
INFO: [VRFC 10-311] analyzing module hdmi_vga_dvi2rgb_0_0_ltlib_v1_0_0_all_typeA_slice__parameterized0_24
INFO: [VRFC 10-311] analyzing module hdmi_vga_dvi2rgb_0_0_ltlib_v1_0_0_all_typeA_slice__parameterized0_27
INFO: [VRFC 10-311] analyzing module hdmi_vga_dvi2rgb_0_0_ltlib_v1_0_0_all_typeA_slice__parameterized0_30
INFO: [VRFC 10-311] analyzing module hdmi_vga_dvi2rgb_0_0_ltlib_v1_0_0_all_typeA_slice__parameterized0_33
INFO: [VRFC 10-311] analyzing module hdmi_vga_dvi2rgb_0_0_ltlib_v1_0_0_all_typeA_slice__parameterized0_36
INFO: [VRFC 10-311] analyzing module hdmi_vga_dvi2rgb_0_0_ltlib_v1_0_0_all_typeA_slice__parameterized0_38
INFO: [VRFC 10-311] analyzing module hdmi_vga_dvi2rgb_0_0_ltlib_v1_0_0_all_typeA_slice__parameterized0_41
INFO: [VRFC 10-311] analyzing module hdmi_vga_dvi2rgb_0_0_ltlib_v1_0_0_all_typeA_slice__parameterized0_44
INFO: [VRFC 10-311] analyzing module hdmi_vga_dvi2rgb_0_0_ltlib_v1_0_0_all_typeA_slice__parameterized0_47
INFO: [VRFC 10-311] analyzing module hdmi_vga_dvi2rgb_0_0_ltlib_v1_0_0_all_typeA_slice__parameterized0_50
INFO: [VRFC 10-311] analyzing module hdmi_vga_dvi2rgb_0_0_ltlib_v1_0_0_all_typeA_slice__parameterized0_53
INFO: [VRFC 10-311] analyzing module hdmi_vga_dvi2rgb_0_0_ltlib_v1_0_0_all_typeA_slice__parameterized0_56
INFO: [VRFC 10-311] analyzing module hdmi_vga_dvi2rgb_0_0_ltlib_v1_0_0_all_typeA_slice__parameterized0_59
INFO: [VRFC 10-311] analyzing module hdmi_vga_dvi2rgb_0_0_ltlib_v1_0_0_all_typeA_slice__parameterized0_60
INFO: [VRFC 10-311] analyzing module hdmi_vga_dvi2rgb_0_0_ltlib_v1_0_0_all_typeA_slice__parameterized0_64
INFO: [VRFC 10-311] analyzing module hdmi_vga_dvi2rgb_0_0_ltlib_v1_0_0_all_typeA_slice__parameterized1
INFO: [VRFC 10-311] analyzing module hdmi_vga_dvi2rgb_0_0_ltlib_v1_0_0_all_typeA_slice__parameterized1_227
INFO: [VRFC 10-311] analyzing module hdmi_vga_dvi2rgb_0_0_ltlib_v1_0_0_all_typeA_slice__parameterized1_231
INFO: [VRFC 10-311] analyzing module hdmi_vga_dvi2rgb_0_0_ltlib_v1_0_0_all_typeA_slice__parameterized1_239
INFO: [VRFC 10-311] analyzing module hdmi_vga_dvi2rgb_0_0_ltlib_v1_0_0_all_typeA_slice__parameterized1_91
INFO: [VRFC 10-311] analyzing module hdmi_vga_dvi2rgb_0_0_ltlib_v1_0_0_all_typeA_slice__parameterized1_99
INFO: [VRFC 10-311] analyzing module hdmi_vga_dvi2rgb_0_0_ltlib_v1_0_0_all_typeA_slice__parameterized2
INFO: [VRFC 10-311] analyzing module hdmi_vga_dvi2rgb_0_0_ltlib_v1_0_0_all_typeA_slice__parameterized2_100
INFO: [VRFC 10-311] analyzing module hdmi_vga_dvi2rgb_0_0_ltlib_v1_0_0_all_typeA_slice__parameterized2_228
INFO: [VRFC 10-311] analyzing module hdmi_vga_dvi2rgb_0_0_ltlib_v1_0_0_all_typeA_slice__parameterized2_232
INFO: [VRFC 10-311] analyzing module hdmi_vga_dvi2rgb_0_0_ltlib_v1_0_0_all_typeA_slice__parameterized2_240
INFO: [VRFC 10-311] analyzing module hdmi_vga_dvi2rgb_0_0_ltlib_v1_0_0_all_typeA_slice__parameterized2_92
INFO: [VRFC 10-311] analyzing module hdmi_vga_dvi2rgb_0_0_ltlib_v1_0_0_allx_typeA
INFO: [VRFC 10-311] analyzing module hdmi_vga_dvi2rgb_0_0_ltlib_v1_0_0_allx_typeA_154
INFO: [VRFC 10-311] analyzing module hdmi_vga_dvi2rgb_0_0_ltlib_v1_0_0_allx_typeA__parameterized0
INFO: [VRFC 10-311] analyzing module hdmi_vga_dvi2rgb_0_0_ltlib_v1_0_0_allx_typeA__parameterized0_115
INFO: [VRFC 10-311] analyzing module hdmi_vga_dvi2rgb_0_0_ltlib_v1_0_0_allx_typeA__parameterized0_118
INFO: [VRFC 10-311] analyzing module hdmi_vga_dvi2rgb_0_0_ltlib_v1_0_0_allx_typeA__parameterized0_121
INFO: [VRFC 10-311] analyzing module hdmi_vga_dvi2rgb_0_0_ltlib_v1_0_0_allx_typeA__parameterized0_124
INFO: [VRFC 10-311] analyzing module hdmi_vga_dvi2rgb_0_0_ltlib_v1_0_0_allx_typeA__parameterized0_127
INFO: [VRFC 10-311] analyzing module hdmi_vga_dvi2rgb_0_0_ltlib_v1_0_0_allx_typeA__parameterized0_130
INFO: [VRFC 10-311] analyzing module hdmi_vga_dvi2rgb_0_0_ltlib_v1_0_0_allx_typeA__parameterized0_133
INFO: [VRFC 10-311] analyzing module hdmi_vga_dvi2rgb_0_0_ltlib_v1_0_0_allx_typeA__parameterized0_136
INFO: [VRFC 10-311] analyzing module hdmi_vga_dvi2rgb_0_0_ltlib_v1_0_0_allx_typeA__parameterized0_139
INFO: [VRFC 10-311] analyzing module hdmi_vga_dvi2rgb_0_0_ltlib_v1_0_0_allx_typeA__parameterized0_142
INFO: [VRFC 10-311] analyzing module hdmi_vga_dvi2rgb_0_0_ltlib_v1_0_0_allx_typeA__parameterized0_145
INFO: [VRFC 10-311] analyzing module hdmi_vga_dvi2rgb_0_0_ltlib_v1_0_0_allx_typeA__parameterized0_148
INFO: [VRFC 10-311] analyzing module hdmi_vga_dvi2rgb_0_0_ltlib_v1_0_0_allx_typeA__parameterized0_57
INFO: [VRFC 10-311] analyzing module hdmi_vga_dvi2rgb_0_0_ltlib_v1_0_0_allx_typeA__parameterized1
INFO: [VRFC 10-311] analyzing module hdmi_vga_dvi2rgb_0_0_ltlib_v1_0_0_allx_typeA__parameterized1_61
INFO: [VRFC 10-311] analyzing module hdmi_vga_dvi2rgb_0_0_ltlib_v1_0_0_allx_typeA__parameterized2
INFO: [VRFC 10-311] analyzing module hdmi_vga_dvi2rgb_0_0_ltlib_v1_0_0_allx_typeA__parameterized2_22
INFO: [VRFC 10-311] analyzing module hdmi_vga_dvi2rgb_0_0_ltlib_v1_0_0_allx_typeA__parameterized2_25
INFO: [VRFC 10-311] analyzing module hdmi_vga_dvi2rgb_0_0_ltlib_v1_0_0_allx_typeA__parameterized2_28
INFO: [VRFC 10-311] analyzing module hdmi_vga_dvi2rgb_0_0_ltlib_v1_0_0_allx_typeA__parameterized2_31
INFO: [VRFC 10-311] analyzing module hdmi_vga_dvi2rgb_0_0_ltlib_v1_0_0_allx_typeA__parameterized2_34
INFO: [VRFC 10-311] analyzing module hdmi_vga_dvi2rgb_0_0_ltlib_v1_0_0_allx_typeA__parameterized3
INFO: [VRFC 10-311] analyzing module hdmi_vga_dvi2rgb_0_0_ltlib_v1_0_0_allx_typeA__parameterized3_17
INFO: [VRFC 10-311] analyzing module hdmi_vga_dvi2rgb_0_0_ltlib_v1_0_0_allx_typeA__parameterized3_39
INFO: [VRFC 10-311] analyzing module hdmi_vga_dvi2rgb_0_0_ltlib_v1_0_0_allx_typeA__parameterized3_42
INFO: [VRFC 10-311] analyzing module hdmi_vga_dvi2rgb_0_0_ltlib_v1_0_0_allx_typeA__parameterized3_45
INFO: [VRFC 10-311] analyzing module hdmi_vga_dvi2rgb_0_0_ltlib_v1_0_0_allx_typeA__parameterized3_48
INFO: [VRFC 10-311] analyzing module hdmi_vga_dvi2rgb_0_0_ltlib_v1_0_0_allx_typeA__parameterized3_51
INFO: [VRFC 10-311] analyzing module hdmi_vga_dvi2rgb_0_0_ltlib_v1_0_0_allx_typeA__parameterized3_54
INFO: [VRFC 10-311] analyzing module hdmi_vga_dvi2rgb_0_0_ltlib_v1_0_0_allx_typeA_nodelay
INFO: [VRFC 10-311] analyzing module hdmi_vga_dvi2rgb_0_0_ltlib_v1_0_0_allx_typeA_nodelay_229
INFO: [VRFC 10-311] analyzing module hdmi_vga_dvi2rgb_0_0_ltlib_v1_0_0_allx_typeA_nodelay_237
INFO: [VRFC 10-311] analyzing module hdmi_vga_dvi2rgb_0_0_ltlib_v1_0_0_allx_typeA_nodelay__parameterized0
INFO: [VRFC 10-311] analyzing module hdmi_vga_dvi2rgb_0_0_ltlib_v1_0_0_allx_typeA_nodelay__parameterized0_89
INFO: [VRFC 10-311] analyzing module hdmi_vga_dvi2rgb_0_0_ltlib_v1_0_0_allx_typeA_nodelay__parameterized0_97
INFO: [VRFC 10-311] analyzing module hdmi_vga_dvi2rgb_0_0_ltlib_v1_0_0_async_edge_xfer
INFO: [VRFC 10-311] analyzing module hdmi_vga_dvi2rgb_0_0_ltlib_v1_0_0_async_edge_xfer_159
INFO: [VRFC 10-311] analyzing module hdmi_vga_dvi2rgb_0_0_ltlib_v1_0_0_async_edge_xfer_160
INFO: [VRFC 10-311] analyzing module hdmi_vga_dvi2rgb_0_0_ltlib_v1_0_0_async_edge_xfer_161
INFO: [VRFC 10-311] analyzing module hdmi_vga_dvi2rgb_0_0_ltlib_v1_0_0_async_edge_xfer_162
INFO: [VRFC 10-311] analyzing module hdmi_vga_dvi2rgb_0_0_ltlib_v1_0_0_async_edge_xfer_65
INFO: [VRFC 10-311] analyzing module hdmi_vga_dvi2rgb_0_0_ltlib_v1_0_0_async_edge_xfer_66
INFO: [VRFC 10-311] analyzing module hdmi_vga_dvi2rgb_0_0_ltlib_v1_0_0_async_edge_xfer_67
INFO: [VRFC 10-311] analyzing module hdmi_vga_dvi2rgb_0_0_ltlib_v1_0_0_cfglut4
INFO: [VRFC 10-311] analyzing module hdmi_vga_dvi2rgb_0_0_ltlib_v1_0_0_cfglut4_222
INFO: [VRFC 10-311] analyzing module hdmi_vga_dvi2rgb_0_0_ltlib_v1_0_0_cfglut4_233
INFO: [VRFC 10-311] analyzing module hdmi_vga_dvi2rgb_0_0_ltlib_v1_0_0_cfglut4_93
INFO: [VRFC 10-311] analyzing module hdmi_vga_dvi2rgb_0_0_ltlib_v1_0_0_cfglut5
INFO: [VRFC 10-311] analyzing module hdmi_vga_dvi2rgb_0_0_ltlib_v1_0_0_cfglut5_223
INFO: [VRFC 10-311] analyzing module hdmi_vga_dvi2rgb_0_0_ltlib_v1_0_0_cfglut5_224
INFO: [VRFC 10-311] analyzing module hdmi_vga_dvi2rgb_0_0_ltlib_v1_0_0_cfglut5_234
INFO: [VRFC 10-311] analyzing module hdmi_vga_dvi2rgb_0_0_ltlib_v1_0_0_cfglut5_87
INFO: [VRFC 10-311] analyzing module hdmi_vga_dvi2rgb_0_0_ltlib_v1_0_0_cfglut5_94
INFO: [VRFC 10-311] analyzing module hdmi_vga_dvi2rgb_0_0_ltlib_v1_0_0_cfglut6
INFO: [VRFC 10-311] analyzing module hdmi_vga_dvi2rgb_0_0_ltlib_v1_0_0_cfglut6_221
INFO: [VRFC 10-311] analyzing module hdmi_vga_dvi2rgb_0_0_ltlib_v1_0_0_cfglut6_235
INFO: [VRFC 10-311] analyzing module hdmi_vga_dvi2rgb_0_0_ltlib_v1_0_0_cfglut6_95
INFO: [VRFC 10-311] analyzing module hdmi_vga_dvi2rgb_0_0_ltlib_v1_0_0_cfglut6__parameterized0
INFO: [VRFC 10-311] analyzing module hdmi_vga_dvi2rgb_0_0_ltlib_v1_0_0_cfglut6__parameterized0_218
INFO: [VRFC 10-311] analyzing module hdmi_vga_dvi2rgb_0_0_ltlib_v1_0_0_cfglut7
INFO: [VRFC 10-311] analyzing module hdmi_vga_dvi2rgb_0_0_ltlib_v1_0_0_cfglut7_219
INFO: [VRFC 10-311] analyzing module hdmi_vga_dvi2rgb_0_0_ltlib_v1_0_0_cfglut7_220
INFO: [VRFC 10-311] analyzing module hdmi_vga_dvi2rgb_0_0_ltlib_v1_0_0_cfglut7_86
INFO: [VRFC 10-311] analyzing module hdmi_vga_dvi2rgb_0_0_ltlib_v1_0_0_generic_memrd
INFO: [VRFC 10-311] analyzing module hdmi_vga_dvi2rgb_0_0_ltlib_v1_0_0_generic_memrd__parameterized0
INFO: [VRFC 10-311] analyzing module hdmi_vga_dvi2rgb_0_0_ltlib_v1_0_0_match
INFO: [VRFC 10-311] analyzing module hdmi_vga_dvi2rgb_0_0_ltlib_v1_0_0_match_102
INFO: [VRFC 10-311] analyzing module hdmi_vga_dvi2rgb_0_0_ltlib_v1_0_0_match__parameterized0
INFO: [VRFC 10-311] analyzing module hdmi_vga_dvi2rgb_0_0_ltlib_v1_0_0_match__parameterized0_103
INFO: [VRFC 10-311] analyzing module hdmi_vga_dvi2rgb_0_0_ltlib_v1_0_0_match__parameterized0_104
INFO: [VRFC 10-311] analyzing module hdmi_vga_dvi2rgb_0_0_ltlib_v1_0_0_match__parameterized0_105
INFO: [VRFC 10-311] analyzing module hdmi_vga_dvi2rgb_0_0_ltlib_v1_0_0_match__parameterized0_106
INFO: [VRFC 10-311] analyzing module hdmi_vga_dvi2rgb_0_0_ltlib_v1_0_0_match__parameterized0_107
INFO: [VRFC 10-311] analyzing module hdmi_vga_dvi2rgb_0_0_ltlib_v1_0_0_match__parameterized0_108
INFO: [VRFC 10-311] analyzing module hdmi_vga_dvi2rgb_0_0_ltlib_v1_0_0_match__parameterized0_109
INFO: [VRFC 10-311] analyzing module hdmi_vga_dvi2rgb_0_0_ltlib_v1_0_0_match__parameterized0_110
INFO: [VRFC 10-311] analyzing module hdmi_vga_dvi2rgb_0_0_ltlib_v1_0_0_match__parameterized0_111
INFO: [VRFC 10-311] analyzing module hdmi_vga_dvi2rgb_0_0_ltlib_v1_0_0_match__parameterized0_112
INFO: [VRFC 10-311] analyzing module hdmi_vga_dvi2rgb_0_0_ltlib_v1_0_0_match__parameterized0_113
INFO: [VRFC 10-311] analyzing module hdmi_vga_dvi2rgb_0_0_ltlib_v1_0_0_match__parameterized0_114
INFO: [VRFC 10-311] analyzing module hdmi_vga_dvi2rgb_0_0_ltlib_v1_0_0_match__parameterized0_9
INFO: [VRFC 10-311] analyzing module hdmi_vga_dvi2rgb_0_0_ltlib_v1_0_0_match__parameterized1
INFO: [VRFC 10-311] analyzing module hdmi_vga_dvi2rgb_0_0_ltlib_v1_0_0_match__parameterized1_3
INFO: [VRFC 10-311] analyzing module hdmi_vga_dvi2rgb_0_0_ltlib_v1_0_0_match__parameterized2
INFO: [VRFC 10-311] analyzing module hdmi_vga_dvi2rgb_0_0_ltlib_v1_0_0_match__parameterized2_10
INFO: [VRFC 10-311] analyzing module hdmi_vga_dvi2rgb_0_0_ltlib_v1_0_0_match__parameterized2_11
INFO: [VRFC 10-311] analyzing module hdmi_vga_dvi2rgb_0_0_ltlib_v1_0_0_match__parameterized2_12
INFO: [VRFC 10-311] analyzing module hdmi_vga_dvi2rgb_0_0_ltlib_v1_0_0_match__parameterized2_13
INFO: [VRFC 10-311] analyzing module hdmi_vga_dvi2rgb_0_0_ltlib_v1_0_0_match__parameterized2_14
INFO: [VRFC 10-311] analyzing module hdmi_vga_dvi2rgb_0_0_ltlib_v1_0_0_match__parameterized3
INFO: [VRFC 10-311] analyzing module hdmi_vga_dvi2rgb_0_0_ltlib_v1_0_0_match__parameterized3_15
INFO: [VRFC 10-311] analyzing module hdmi_vga_dvi2rgb_0_0_ltlib_v1_0_0_match__parameterized3_16
INFO: [VRFC 10-311] analyzing module hdmi_vga_dvi2rgb_0_0_ltlib_v1_0_0_match__parameterized3_4
INFO: [VRFC 10-311] analyzing module hdmi_vga_dvi2rgb_0_0_ltlib_v1_0_0_match__parameterized3_5
INFO: [VRFC 10-311] analyzing module hdmi_vga_dvi2rgb_0_0_ltlib_v1_0_0_match__parameterized3_6
INFO: [VRFC 10-311] analyzing module hdmi_vga_dvi2rgb_0_0_ltlib_v1_0_0_match__parameterized3_7
INFO: [VRFC 10-311] analyzing module hdmi_vga_dvi2rgb_0_0_ltlib_v1_0_0_match__parameterized3_8
INFO: [VRFC 10-311] analyzing module hdmi_vga_dvi2rgb_0_0_ltlib_v1_0_0_match_nodelay
INFO: [VRFC 10-311] analyzing module hdmi_vga_dvi2rgb_0_0_ltlib_v1_0_0_match_nodelay_225
INFO: [VRFC 10-311] analyzing module hdmi_vga_dvi2rgb_0_0_ltlib_v1_0_0_match_nodelay_236
INFO: [VRFC 10-311] analyzing module hdmi_vga_dvi2rgb_0_0_ltlib_v1_0_0_match_nodelay__parameterized0
INFO: [VRFC 10-311] analyzing module hdmi_vga_dvi2rgb_0_0_ltlib_v1_0_0_match_nodelay__parameterized0_88
INFO: [VRFC 10-311] analyzing module hdmi_vga_dvi2rgb_0_0_ltlib_v1_0_0_match_nodelay__parameterized0_96
INFO: [VRFC 10-311] analyzing module hdmi_vga_dvi2rgb_0_0_ltlib_v1_0_0_rising_edge_detection
INFO: [VRFC 10-311] analyzing module hdmi_vga_dvi2rgb_0_0_ltlib_v1_0_0_rising_edge_detection_158
INFO: [VRFC 10-311] analyzing module hdmi_vga_dvi2rgb_0_0_ltlib_v1_0_0_rising_edge_detection_163
INFO: [VRFC 10-311] analyzing module hdmi_vga_dvi2rgb_0_0_ltlib_v1_0_0_rising_edge_detection_68
INFO: [VRFC 10-311] analyzing module hdmi_vga_dvi2rgb_0_0_xsdbs_v1_0_2_reg__parameterized27
INFO: [VRFC 10-311] analyzing module hdmi_vga_dvi2rgb_0_0_xsdbs_v1_0_2_reg__parameterized27_184
INFO: [VRFC 10-311] analyzing module hdmi_vga_dvi2rgb_0_0_xsdbs_v1_0_2_reg__parameterized28
INFO: [VRFC 10-311] analyzing module hdmi_vga_dvi2rgb_0_0_xsdbs_v1_0_2_reg__parameterized29
INFO: [VRFC 10-311] analyzing module hdmi_vga_dvi2rgb_0_0_xsdbs_v1_0_2_reg__parameterized29_185
INFO: [VRFC 10-311] analyzing module hdmi_vga_dvi2rgb_0_0_xsdbs_v1_0_2_reg__parameterized30
INFO: [VRFC 10-311] analyzing module hdmi_vga_dvi2rgb_0_0_xsdbs_v1_0_2_reg__parameterized30_194
INFO: [VRFC 10-311] analyzing module hdmi_vga_dvi2rgb_0_0_xsdbs_v1_0_2_reg__parameterized42
INFO: [VRFC 10-311] analyzing module hdmi_vga_dvi2rgb_0_0_xsdbs_v1_0_2_reg__parameterized42_178
INFO: [VRFC 10-311] analyzing module hdmi_vga_dvi2rgb_0_0_xsdbs_v1_0_2_reg__parameterized43
INFO: [VRFC 10-311] analyzing module hdmi_vga_dvi2rgb_0_0_xsdbs_v1_0_2_reg__parameterized43_179
INFO: [VRFC 10-311] analyzing module hdmi_vga_dvi2rgb_0_0_xsdbs_v1_0_2_reg__parameterized44
INFO: [VRFC 10-311] analyzing module hdmi_vga_dvi2rgb_0_0_xsdbs_v1_0_2_reg__parameterized44_180
INFO: [VRFC 10-311] analyzing module hdmi_vga_dvi2rgb_0_0_xsdbs_v1_0_2_reg__parameterized45
INFO: [VRFC 10-311] analyzing module hdmi_vga_dvi2rgb_0_0_xsdbs_v1_0_2_reg__parameterized45_181
INFO: [VRFC 10-311] analyzing module hdmi_vga_dvi2rgb_0_0_xsdbs_v1_0_2_reg__parameterized46
INFO: [VRFC 10-311] analyzing module hdmi_vga_dvi2rgb_0_0_xsdbs_v1_0_2_reg__parameterized46_182
INFO: [VRFC 10-311] analyzing module hdmi_vga_dvi2rgb_0_0_xsdbs_v1_0_2_reg__parameterized47
INFO: [VRFC 10-311] analyzing module hdmi_vga_dvi2rgb_0_0_xsdbs_v1_0_2_reg__parameterized47_183
INFO: [VRFC 10-311] analyzing module hdmi_vga_dvi2rgb_0_0_xsdbs_v1_0_2_reg__parameterized48
INFO: [VRFC 10-311] analyzing module hdmi_vga_dvi2rgb_0_0_xsdbs_v1_0_2_reg__parameterized48_186
INFO: [VRFC 10-311] analyzing module hdmi_vga_dvi2rgb_0_0_xsdbs_v1_0_2_reg__parameterized49
INFO: [VRFC 10-311] analyzing module hdmi_vga_dvi2rgb_0_0_xsdbs_v1_0_2_reg__parameterized49_187
INFO: [VRFC 10-311] analyzing module hdmi_vga_dvi2rgb_0_0_xsdbs_v1_0_2_reg__parameterized50
INFO: [VRFC 10-311] analyzing module hdmi_vga_dvi2rgb_0_0_xsdbs_v1_0_2_reg__parameterized50_188
INFO: [VRFC 10-311] analyzing module hdmi_vga_dvi2rgb_0_0_xsdbs_v1_0_2_reg__parameterized51
INFO: [VRFC 10-311] analyzing module hdmi_vga_dvi2rgb_0_0_xsdbs_v1_0_2_reg__parameterized51_189
INFO: [VRFC 10-311] analyzing module hdmi_vga_dvi2rgb_0_0_xsdbs_v1_0_2_reg__parameterized52
INFO: [VRFC 10-311] analyzing module hdmi_vga_dvi2rgb_0_0_xsdbs_v1_0_2_reg__parameterized52_190
INFO: [VRFC 10-311] analyzing module hdmi_vga_dvi2rgb_0_0_xsdbs_v1_0_2_reg__parameterized53
INFO: [VRFC 10-311] analyzing module hdmi_vga_dvi2rgb_0_0_xsdbs_v1_0_2_reg__parameterized53_191
INFO: [VRFC 10-311] analyzing module hdmi_vga_dvi2rgb_0_0_xsdbs_v1_0_2_reg__parameterized55
INFO: [VRFC 10-311] analyzing module hdmi_vga_dvi2rgb_0_0_xsdbs_v1_0_2_reg__parameterized55_192
INFO: [VRFC 10-311] analyzing module hdmi_vga_dvi2rgb_0_0_xsdbs_v1_0_2_reg__parameterized57
INFO: [VRFC 10-311] analyzing module hdmi_vga_dvi2rgb_0_0_xsdbs_v1_0_2_reg__parameterized57_193
INFO: [VRFC 10-311] analyzing module hdmi_vga_dvi2rgb_0_0_xsdbs_v1_0_2_reg__parameterized60
INFO: [VRFC 10-311] analyzing module hdmi_vga_dvi2rgb_0_0_xsdbs_v1_0_2_reg__parameterized60__1
INFO: [VRFC 10-311] analyzing module hdmi_vga_dvi2rgb_0_0_xsdbs_v1_0_2_reg__parameterized67
INFO: [VRFC 10-311] analyzing module hdmi_vga_dvi2rgb_0_0_xsdbs_v1_0_2_reg_ctl
INFO: [VRFC 10-311] analyzing module hdmi_vga_dvi2rgb_0_0_xsdbs_v1_0_2_reg_ctl_199
INFO: [VRFC 10-311] analyzing module hdmi_vga_dvi2rgb_0_0_xsdbs_v1_0_2_reg_ctl_203
INFO: [VRFC 10-311] analyzing module hdmi_vga_dvi2rgb_0_0_xsdbs_v1_0_2_reg_ctl_204
INFO: [VRFC 10-311] analyzing module hdmi_vga_dvi2rgb_0_0_xsdbs_v1_0_2_reg_ctl_205
INFO: [VRFC 10-311] analyzing module hdmi_vga_dvi2rgb_0_0_xsdbs_v1_0_2_reg_ctl_207
INFO: [VRFC 10-311] analyzing module hdmi_vga_dvi2rgb_0_0_xsdbs_v1_0_2_reg_ctl_210
INFO: [VRFC 10-311] analyzing module hdmi_vga_dvi2rgb_0_0_xsdbs_v1_0_2_reg_ctl_212
INFO: [VRFC 10-311] analyzing module hdmi_vga_dvi2rgb_0_0_xsdbs_v1_0_2_reg_ctl_213
INFO: [VRFC 10-311] analyzing module hdmi_vga_dvi2rgb_0_0_xsdbs_v1_0_2_reg_ctl_214
INFO: [VRFC 10-311] analyzing module hdmi_vga_dvi2rgb_0_0_xsdbs_v1_0_2_reg_ctl_215
INFO: [VRFC 10-311] analyzing module hdmi_vga_dvi2rgb_0_0_xsdbs_v1_0_2_reg_ctl_216
INFO: [VRFC 10-311] analyzing module hdmi_vga_dvi2rgb_0_0_xsdbs_v1_0_2_reg_ctl_72
INFO: [VRFC 10-311] analyzing module hdmi_vga_dvi2rgb_0_0_xsdbs_v1_0_2_reg_ctl_73
INFO: [VRFC 10-311] analyzing module hdmi_vga_dvi2rgb_0_0_xsdbs_v1_0_2_reg_ctl_74
INFO: [VRFC 10-311] analyzing module hdmi_vga_dvi2rgb_0_0_xsdbs_v1_0_2_reg_ctl_75
INFO: [VRFC 10-311] analyzing module hdmi_vga_dvi2rgb_0_0_xsdbs_v1_0_2_reg_ctl_78
INFO: [VRFC 10-311] analyzing module hdmi_vga_dvi2rgb_0_0_xsdbs_v1_0_2_reg_ctl_80
INFO: [VRFC 10-311] analyzing module hdmi_vga_dvi2rgb_0_0_xsdbs_v1_0_2_reg_ctl_81
INFO: [VRFC 10-311] analyzing module hdmi_vga_dvi2rgb_0_0_xsdbs_v1_0_2_reg_ctl_82
INFO: [VRFC 10-311] analyzing module hdmi_vga_dvi2rgb_0_0_xsdbs_v1_0_2_reg_ctl_83
INFO: [VRFC 10-311] analyzing module hdmi_vga_dvi2rgb_0_0_xsdbs_v1_0_2_reg_ctl_84
INFO: [VRFC 10-311] analyzing module hdmi_vga_dvi2rgb_0_0_xsdbs_v1_0_2_reg_ctl__parameterized0
INFO: [VRFC 10-311] analyzing module hdmi_vga_dvi2rgb_0_0_xsdbs_v1_0_2_reg_ctl__parameterized1
INFO: [VRFC 10-311] analyzing module hdmi_vga_dvi2rgb_0_0_xsdbs_v1_0_2_reg_ctl__parameterized1_206
INFO: [VRFC 10-311] analyzing module hdmi_vga_dvi2rgb_0_0_xsdbs_v1_0_2_reg_ctl__parameterized1_208
INFO: [VRFC 10-311] analyzing module hdmi_vga_dvi2rgb_0_0_xsdbs_v1_0_2_reg_ctl__parameterized1_211
INFO: [VRFC 10-311] analyzing module hdmi_vga_dvi2rgb_0_0_xsdbs_v1_0_2_reg_ctl__parameterized1_76
INFO: [VRFC 10-311] analyzing module hdmi_vga_dvi2rgb_0_0_xsdbs_v1_0_2_reg_ctl__parameterized1_79
INFO: [VRFC 10-311] analyzing module hdmi_vga_dvi2rgb_0_0_xsdbs_v1_0_2_reg_ctl__parameterized2
INFO: [VRFC 10-311] analyzing module hdmi_vga_dvi2rgb_0_0_xsdbs_v1_0_2_reg_p2s
INFO: [VRFC 10-311] analyzing module hdmi_vga_dvi2rgb_0_0_xsdbs_v1_0_2_reg_p2s_164
INFO: [VRFC 10-311] analyzing module hdmi_vga_dvi2rgb_0_0_xsdbs_v1_0_2_reg_p2s__parameterized0
INFO: [VRFC 10-311] analyzing module hdmi_vga_dvi2rgb_0_0_xsdbs_v1_0_2_reg_p2s__parameterized0_167
INFO: [VRFC 10-311] analyzing module hdmi_vga_dvi2rgb_0_0_xsdbs_v1_0_2_reg_p2s__parameterized1
INFO: [VRFC 10-311] analyzing module hdmi_vga_dvi2rgb_0_0_xsdbs_v1_0_2_reg_p2s__parameterized10
INFO: [VRFC 10-311] analyzing module hdmi_vga_dvi2rgb_0_0_xsdbs_v1_0_2_reg_p2s__parameterized10_166
INFO: [VRFC 10-311] analyzing module hdmi_vga_dvi2rgb_0_0_xsdbs_v1_0_2_reg_p2s__parameterized11
INFO: [VRFC 10-311] analyzing module hdmi_vga_dvi2rgb_0_0_xsdbs_v1_0_2_reg_p2s__parameterized11_177
INFO: [VRFC 10-311] analyzing module hdmi_vga_dvi2rgb_0_0_xsdbs_v1_0_2_reg_p2s__parameterized12
INFO: [VRFC 10-311] analyzing module hdmi_vga_dvi2rgb_0_0_xsdbs_v1_0_2_reg_p2s__parameterized12_176
INFO: [VRFC 10-311] analyzing module hdmi_vga_dvi2rgb_0_0_xsdbs_v1_0_2_reg_p2s__parameterized13
INFO: [VRFC 10-311] analyzing module hdmi_vga_dvi2rgb_0_0_xsdbs_v1_0_2_reg_p2s__parameterized13_195
INFO: [VRFC 10-311] analyzing module hdmi_vga_dvi2rgb_0_0_xsdbs_v1_0_2_reg_p2s__parameterized14
INFO: [VRFC 10-311] analyzing module hdmi_vga_dvi2rgb_0_0_xsdbs_v1_0_2_reg_p2s__parameterized15
INFO: [VRFC 10-311] analyzing module hdmi_vga_dvi2rgb_0_0_xsdbs_v1_0_2_reg_p2s__parameterized16
INFO: [VRFC 10-311] analyzing module hdmi_vga_dvi2rgb_0_0_xsdbs_v1_0_2_reg_p2s__parameterized17
INFO: [VRFC 10-311] analyzing module hdmi_vga_dvi2rgb_0_0_xsdbs_v1_0_2_reg_p2s__parameterized1_168
INFO: [VRFC 10-311] analyzing module hdmi_vga_dvi2rgb_0_0_xsdbs_v1_0_2_reg_p2s__parameterized2
INFO: [VRFC 10-311] analyzing module hdmi_vga_dvi2rgb_0_0_xsdbs_v1_0_2_reg_p2s__parameterized2_169
INFO: [VRFC 10-311] analyzing module hdmi_vga_dvi2rgb_0_0_xsdbs_v1_0_2_reg_p2s__parameterized3
INFO: [VRFC 10-311] analyzing module hdmi_vga_dvi2rgb_0_0_xsdbs_v1_0_2_reg_p2s__parameterized3_170
INFO: [VRFC 10-311] analyzing module hdmi_vga_dvi2rgb_0_0_xsdbs_v1_0_2_reg_p2s__parameterized4
INFO: [VRFC 10-311] analyzing module hdmi_vga_dvi2rgb_0_0_xsdbs_v1_0_2_reg_p2s__parameterized4_171
INFO: [VRFC 10-311] analyzing module hdmi_vga_dvi2rgb_0_0_xsdbs_v1_0_2_reg_p2s__parameterized5
INFO: [VRFC 10-311] analyzing module hdmi_vga_dvi2rgb_0_0_xsdbs_v1_0_2_reg_p2s__parameterized5_172
INFO: [VRFC 10-311] analyzing module hdmi_vga_dvi2rgb_0_0_xsdbs_v1_0_2_reg_p2s__parameterized6
INFO: [VRFC 10-311] analyzing module hdmi_vga_dvi2rgb_0_0_xsdbs_v1_0_2_reg_p2s__parameterized6_173
INFO: [VRFC 10-311] analyzing module hdmi_vga_dvi2rgb_0_0_xsdbs_v1_0_2_reg_p2s__parameterized7
INFO: [VRFC 10-311] analyzing module hdmi_vga_dvi2rgb_0_0_xsdbs_v1_0_2_reg_p2s__parameterized7_174
INFO: [VRFC 10-311] analyzing module hdmi_vga_dvi2rgb_0_0_xsdbs_v1_0_2_reg_p2s__parameterized8
INFO: [VRFC 10-311] analyzing module hdmi_vga_dvi2rgb_0_0_xsdbs_v1_0_2_reg_p2s__parameterized8_175
INFO: [VRFC 10-311] analyzing module hdmi_vga_dvi2rgb_0_0_xsdbs_v1_0_2_reg_p2s__parameterized9
INFO: [VRFC 10-311] analyzing module hdmi_vga_dvi2rgb_0_0_xsdbs_v1_0_2_reg_p2s__parameterized9_165
INFO: [VRFC 10-311] analyzing module hdmi_vga_dvi2rgb_0_0_xsdbs_v1_0_2_reg_stat
INFO: [VRFC 10-311] analyzing module hdmi_vga_dvi2rgb_0_0_xsdbs_v1_0_2_reg_stat_198
INFO: [VRFC 10-311] analyzing module hdmi_vga_dvi2rgb_0_0_xsdbs_v1_0_2_reg_stat_200
INFO: [VRFC 10-311] analyzing module hdmi_vga_dvi2rgb_0_0_xsdbs_v1_0_2_reg_stat_201
INFO: [VRFC 10-311] analyzing module hdmi_vga_dvi2rgb_0_0_xsdbs_v1_0_2_reg_stat_202
INFO: [VRFC 10-311] analyzing module hdmi_vga_dvi2rgb_0_0_xsdbs_v1_0_2_reg_stat_209
INFO: [VRFC 10-311] analyzing module hdmi_vga_dvi2rgb_0_0_xsdbs_v1_0_2_reg_stat_217
INFO: [VRFC 10-311] analyzing module hdmi_vga_dvi2rgb_0_0_xsdbs_v1_0_2_reg_stat_69
INFO: [VRFC 10-311] analyzing module hdmi_vga_dvi2rgb_0_0_xsdbs_v1_0_2_reg_stat_70
INFO: [VRFC 10-311] analyzing module hdmi_vga_dvi2rgb_0_0_xsdbs_v1_0_2_reg_stat_71
INFO: [VRFC 10-311] analyzing module hdmi_vga_dvi2rgb_0_0_xsdbs_v1_0_2_reg_stat_77
INFO: [VRFC 10-311] analyzing module hdmi_vga_dvi2rgb_0_0_xsdbs_v1_0_2_reg_stat_85
INFO: [VRFC 10-311] analyzing module hdmi_vga_dvi2rgb_0_0_xsdbs_v1_0_2_reg_stream
INFO: [VRFC 10-311] analyzing module hdmi_vga_dvi2rgb_0_0_xsdbs_v1_0_2_reg_stream_196
INFO: [VRFC 10-311] analyzing module hdmi_vga_dvi2rgb_0_0_xsdbs_v1_0_2_reg_stream__parameterized0
INFO: [VRFC 10-311] analyzing module hdmi_vga_dvi2rgb_0_0_xsdbs_v1_0_2_reg_stream__parameterized0_197
INFO: [VRFC 10-311] analyzing module hdmi_vga_dvi2rgb_0_0_xsdbs_v1_0_2_xsdbs
INFO: [VRFC 10-311] analyzing module hdmi_vga_dvi2rgb_0_0_xsdbs_v1_0_2_xsdbs__1
INFO: [VRFC 10-311] analyzing module hdmi_vga_dvi2rgb_0_0_blk_mem_gen_v8_4_5
INFO: [VRFC 10-311] analyzing module hdmi_vga_dvi2rgb_0_0_blk_mem_gen_v8_4_5__parameterized0
INFO: [VRFC 10-311] analyzing module hdmi_vga_dvi2rgb_0_0_blk_mem_gen_v8_4_5_blk_mem_gen_generic_cstr
INFO: [VRFC 10-311] analyzing module hdmi_vga_dvi2rgb_0_0_blk_mem_gen_v8_4_5_blk_mem_gen_generic_cstr__parameterized0
INFO: [VRFC 10-311] analyzing module hdmi_vga_dvi2rgb_0_0_blk_mem_gen_v8_4_5_blk_mem_gen_prim_width
INFO: [VRFC 10-311] analyzing module hdmi_vga_dvi2rgb_0_0_blk_mem_gen_v8_4_5_blk_mem_gen_prim_width__parameterized0
INFO: [VRFC 10-311] analyzing module hdmi_vga_dvi2rgb_0_0_blk_mem_gen_v8_4_5_blk_mem_gen_prim_width__parameterized1
INFO: [VRFC 10-311] analyzing module hdmi_vga_dvi2rgb_0_0_blk_mem_gen_v8_4_5_blk_mem_gen_prim_wrapper
INFO: [VRFC 10-311] analyzing module hdmi_vga_dvi2rgb_0_0_blk_mem_gen_v8_4_5_blk_mem_gen_prim_wrapper__parameterized0
INFO: [VRFC 10-311] analyzing module hdmi_vga_dvi2rgb_0_0_blk_mem_gen_v8_4_5_blk_mem_gen_prim_wrapper__parameterized1
INFO: [VRFC 10-311] analyzing module hdmi_vga_dvi2rgb_0_0_blk_mem_gen_v8_4_5_blk_mem_gen_top
INFO: [VRFC 10-311] analyzing module hdmi_vga_dvi2rgb_0_0_blk_mem_gen_v8_4_5_blk_mem_gen_top__parameterized0
INFO: [VRFC 10-311] analyzing module hdmi_vga_dvi2rgb_0_0_blk_mem_gen_v8_4_5_synth
INFO: [VRFC 10-311] analyzing module hdmi_vga_dvi2rgb_0_0_blk_mem_gen_v8_4_5_synth__parameterized0
INFO: [VRFC 10-311] analyzing module glbl
INFO: [VRFC 10-2263] Analyzing Verilog file "D:/studia_zadania/Systemy_Rekonfigurowalne/lab6/hdmi_vga_zybo/hdmi_vga_zybo.srcs/sources_1/imports/lab6/delay_module.v" into library xil_defaultlib
INFO: [VRFC 10-311] analyzing module single_delay
INFO: [VRFC 10-311] analyzing module delay_module
INFO: [VRFC 10-2263] Analyzing Verilog file "D:/studia_zadania/Systemy_Rekonfigurowalne/lab6/hdmi_vga_zybo/hdmi_vga_zybo.srcs/sources_1/imports/tb_src/hdmi_in.v" into library xil_defaultlib
INFO: [VRFC 10-311] analyzing module hdmi_in
INFO: [VRFC 10-2263] Analyzing Verilog file "D:/studia_zadania/Systemy_Rekonfigurowalne/lab6/hdmi_vga_zybo/hdmi_vga_zybo.srcs/sources_1/imports/tb_src/hdmi_out.v" into library xil_defaultlib
INFO: [VRFC 10-311] analyzing module hdmi_out
INFO: [VRFC 10-2263] Analyzing Verilog file "D:/studia_zadania/Systemy_Rekonfigurowalne/lab6/hdmi_vga_zybo/hdmi_vga_zybo.srcs/sources_1/new/vp.v" into library xil_defaultlib
INFO: [VRFC 10-311] analyzing module vp
INFO: [VRFC 10-2263] Analyzing Verilog file "D:/studia_zadania/Systemy_Rekonfigurowalne/lab6/hdmi_vga_zybo/hdmi_vga_zybo.srcs/sim_1/imports/tb_src/tb_hdmi.v" into library xil_defaultlib
INFO: [VRFC 10-311] analyzing module tb_hdmi
