INFO: [VRFC 10-2263] Analyzing Verilog file "D:/studia_zadania/Systemy_Rekonfigurowalne/lab8/hdmi_vga_zybo/hdmi_vga_zybo.gen/sources_1/ip/delayLineBRAM/sim/delayLineBRAM.v" into library xil_defaultlib
INFO: [VRFC 10-311] analyzing module delayLineBRAM
INFO: [VRFC 10-2263] Analyzing Verilog file "D:/studia_zadania/Systemy_Rekonfigurowalne/lab8/hdmi_vga_zybo/hdmi_vga_zybo.gen/sources_1/ip/divider_32_20_0/src/divider_32_20.v" into library xil_defaultlib
INFO: [VRFC 10-311] analyzing module divider_32_20
INFO: [VRFC 10-2263] Analyzing Verilog file "D:/studia_zadania/Systemy_Rekonfigurowalne/lab8/hdmi_vga_zybo/hdmi_vga_zybo.gen/sources_1/ip/divider_32_20_0/sim/divider_32_20_0.v" into library xil_defaultlib
INFO: [VRFC 10-311] analyzing module divider_32_20_0
INFO: [VRFC 10-2263] Analyzing Verilog file "D:/studia_zadania/Systemy_Rekonfigurowalne/lab8/hdmi_vga_zybo/hdmi_vga_zybo.gen/sources_1/ip/rgb2ycbcr_0/src/delay_module.v" into library xil_defaultlib
INFO: [VRFC 10-311] analyzing module single_delay
INFO: [VRFC 10-311] analyzing module delay_module
INFO: [VRFC 10-2263] Analyzing Verilog file "D:/studia_zadania/Systemy_Rekonfigurowalne/lab8/hdmi_vga_zybo/hdmi_vga_zybo.gen/sources_1/ip/rgb2ycbcr_0/src/rgb2ycbcr.v" into library xil_defaultlib
INFO: [VRFC 10-311] analyzing module rgb2ycbcr
INFO: [VRFC 10-2263] Analyzing Verilog file "D:/studia_zadania/Systemy_Rekonfigurowalne/lab8/hdmi_vga_zybo/hdmi_vga_zybo.gen/sources_1/ip/rgb2ycbcr_0/sim/rgb2ycbcr_0.v" into library xil_defaultlib
INFO: [VRFC 10-311] analyzing module rgb2ycbcr_0
INFO: [VRFC 10-2263] Analyzing Verilog file "D:/studia_zadania/Systemy_Rekonfigurowalne/lab8/hdmi_vga_zybo/hdmi_vga_zybo.srcs/sources_1/new/bounding_box.v" into library xil_defaultlib
INFO: [VRFC 10-311] analyzing module bounding_box
INFO: [VRFC 10-2263] Analyzing Verilog file "D:/studia_zadania/Systemy_Rekonfigurowalne/lab8/hdmi_vga_zybo/hdmi_vga_zybo.srcs/sources_1/new/centroid.v" into library xil_defaultlib
INFO: [VRFC 10-311] analyzing module centroid
INFO: [VRFC 10-2263] Analyzing Verilog file "D:/studia_zadania/Systemy_Rekonfigurowalne/lab8/hdmi_vga_zybo/hdmi_vga_zybo.srcs/sources_1/imports/Downloads/delayLinieBRAM_WP.v" into library xil_defaultlib
INFO: [VRFC 10-311] analyzing module delayLinieBRAM_WP
INFO: [VRFC 10-2263] Analyzing Verilog file "D:/studia_zadania/Systemy_Rekonfigurowalne/lab8/hdmi_vga_zybo/hdmi_vga_zybo.srcs/sources_1/imports/tb_src/hdmi_in.v" into library xil_defaultlib
INFO: [VRFC 10-311] analyzing module hdmi_in
INFO: [VRFC 10-2263] Analyzing Verilog file "D:/studia_zadania/Systemy_Rekonfigurowalne/lab8/hdmi_vga_zybo/hdmi_vga_zybo.srcs/sources_1/imports/tb_src/hdmi_out.v" into library xil_defaultlib
INFO: [VRFC 10-311] analyzing module hdmi_out
INFO: [VRFC 10-2263] Analyzing Verilog file "D:/studia_zadania/Systemy_Rekonfigurowalne/lab8/hdmi_vga_zybo/hdmi_vga_zybo.srcs/sources_1/new/median5x5.v" into library xil_defaultlib
INFO: [VRFC 10-311] analyzing module median5x5
INFO: [VRFC 10-2263] Analyzing Verilog file "D:/studia_zadania/Systemy_Rekonfigurowalne/lab8/hdmi_vga_zybo/hdmi_vga_zybo.srcs/sources_1/new/vis_bounding_box.v" into library xil_defaultlib
INFO: [VRFC 10-311] analyzing module vis_bounding_box
INFO: [VRFC 10-2263] Analyzing Verilog file "D:/studia_zadania/Systemy_Rekonfigurowalne/lab8/hdmi_vga_zybo/hdmi_vga_zybo.srcs/sources_1/new/vis_center_circle.v" into library xil_defaultlib
INFO: [VRFC 10-311] analyzing module vis_center_circle
INFO: [VRFC 10-2263] Analyzing Verilog file "D:/studia_zadania/Systemy_Rekonfigurowalne/lab8/hdmi_vga_zybo/hdmi_vga_zybo.srcs/sources_1/new/vis_centroid.v" into library xil_defaultlib
INFO: [VRFC 10-311] analyzing module vis_centroid
INFO: [VRFC 10-2263] Analyzing Verilog file "D:/studia_zadania/Systemy_Rekonfigurowalne/lab8/hdmi_vga_zybo/hdmi_vga_zybo.srcs/sources_1/new/vp.v" into library xil_defaultlib
INFO: [VRFC 10-311] analyzing module vp
INFO: [VRFC 10-2263] Analyzing Verilog file "D:/studia_zadania/Systemy_Rekonfigurowalne/lab8/hdmi_vga_zybo/hdmi_vga_zybo.srcs/sim_1/imports/tb_src/tb_hdmi.v" into library xil_defaultlib
INFO: [VRFC 10-311] analyzing module tb_hdmi
