
*** Running vivado
    with args -log advanced_logic_module.vds -m64 -product Vivado -mode batch -messageDb vivado.pb -notrace -source advanced_logic_module.tcl



****** Vivado v2021.2 (64-bit)
  **** SW Build 3367213 on Tue Oct 19 02:48:09 MDT 2021
  **** IP Build 3369179 on Thu Oct 21 08:25:16 MDT 2021
    ** Copyright 1986-2021 Xilinx, Inc. All Rights Reserved.

source advanced_logic_module.tcl -notrace
Command: read_checkpoint -auto_incremental -incremental C:/Users/mlech/lab2/lab2.srcs/utils_1/imports/synth_1/licznik_modulo.dcp
INFO: [Vivado 12-5825] Read reference checkpoint from C:/Users/mlech/lab2/lab2.srcs/utils_1/imports/synth_1/licznik_modulo.dcp for incremental synthesis
INFO: [Vivado 12-7989] Please ensure there are no constraint changes
Command: synth_design -top advanced_logic_module -part xc7z010clg400-1
Starting synth_design
Attempting to get a license for feature 'Synthesis' and/or device 'xc7z010'
INFO: [Common 17-349] Got license for feature 'Synthesis' and/or device 'xc7z010'
WARNING: [Designutils 20-4072] Reference run did not run incremental synthesis because the design is too small; reverting to default synthesis
INFO: [Designutils 20-4379] Flow is switching to default flow due to incremental criteria not met. If you would like to alter this behaviour and have the flow terminate instead, please set the following parameter config_implementation {autoIncr.Synth.RejectBehavior Terminate}
INFO: [Synth 8-7079] Multithreading enabled for synth_design using a maximum of 2 processes.
INFO: [Synth 8-7078] Launching helper process for spawning children vivado processes
INFO: [Synth 8-7075] Helper process launched with PID 20216
---------------------------------------------------------------------------------
Starting Synthesize : Time (s): cpu = 00:00:09 ; elapsed = 00:00:10 . Memory (MB): peak = 1246.707 ; gain = 0.000
---------------------------------------------------------------------------------
INFO: [Synth 8-6157] synthesizing module 'advanced_logic_module' [C:/Users/mlech/lab2/lab2.srcs/sources_1/new/advanced_logic_module.v:22]
WARNING: [Synth 8-324] index 16 out of range [C:/Users/mlech/lab2/lab2.srcs/sources_1/new/advanced_logic_module.v:48]
WARNING: [Synth 8-324] index 17 out of range [C:/Users/mlech/lab2/lab2.srcs/sources_1/new/advanced_logic_module.v:48]
WARNING: [Synth 8-324] index 18 out of range [C:/Users/mlech/lab2/lab2.srcs/sources_1/new/advanced_logic_module.v:48]
WARNING: [Synth 8-324] index 19 out of range [C:/Users/mlech/lab2/lab2.srcs/sources_1/new/advanced_logic_module.v:48]
WARNING: [Synth 8-324] index 16 out of range [C:/Users/mlech/lab2/lab2.srcs/sources_1/new/advanced_logic_module.v:48]
WARNING: [Synth 8-324] index 20 out of range [C:/Users/mlech/lab2/lab2.srcs/sources_1/new/advanced_logic_module.v:48]
WARNING: [Synth 8-324] index 21 out of range [C:/Users/mlech/lab2/lab2.srcs/sources_1/new/advanced_logic_module.v:48]
WARNING: [Synth 8-324] index 17 out of range [C:/Users/mlech/lab2/lab2.srcs/sources_1/new/advanced_logic_module.v:48]
WARNING: [Synth 8-324] index 22 out of range [C:/Users/mlech/lab2/lab2.srcs/sources_1/new/advanced_logic_module.v:48]
WARNING: [Synth 8-324] index 23 out of range [C:/Users/mlech/lab2/lab2.srcs/sources_1/new/advanced_logic_module.v:48]
WARNING: [Synth 8-324] index 18 out of range [C:/Users/mlech/lab2/lab2.srcs/sources_1/new/advanced_logic_module.v:48]
WARNING: [Synth 8-324] index 24 out of range [C:/Users/mlech/lab2/lab2.srcs/sources_1/new/advanced_logic_module.v:48]
WARNING: [Synth 8-324] index 25 out of range [C:/Users/mlech/lab2/lab2.srcs/sources_1/new/advanced_logic_module.v:48]
WARNING: [Synth 8-324] index 19 out of range [C:/Users/mlech/lab2/lab2.srcs/sources_1/new/advanced_logic_module.v:48]
WARNING: [Synth 8-324] index 26 out of range [C:/Users/mlech/lab2/lab2.srcs/sources_1/new/advanced_logic_module.v:48]
WARNING: [Synth 8-324] index 27 out of range [C:/Users/mlech/lab2/lab2.srcs/sources_1/new/advanced_logic_module.v:48]
WARNING: [Synth 8-324] index 20 out of range [C:/Users/mlech/lab2/lab2.srcs/sources_1/new/advanced_logic_module.v:48]
WARNING: [Synth 8-324] index 28 out of range [C:/Users/mlech/lab2/lab2.srcs/sources_1/new/advanced_logic_module.v:48]
WARNING: [Synth 8-324] index 29 out of range [C:/Users/mlech/lab2/lab2.srcs/sources_1/new/advanced_logic_module.v:48]
WARNING: [Synth 8-324] index 21 out of range [C:/Users/mlech/lab2/lab2.srcs/sources_1/new/advanced_logic_module.v:48]
WARNING: [Synth 8-324] index 30 out of range [C:/Users/mlech/lab2/lab2.srcs/sources_1/new/advanced_logic_module.v:48]
WARNING: [Synth 8-324] index 31 out of range [C:/Users/mlech/lab2/lab2.srcs/sources_1/new/advanced_logic_module.v:48]
WARNING: [Synth 8-324] index 22 out of range [C:/Users/mlech/lab2/lab2.srcs/sources_1/new/advanced_logic_module.v:48]
INFO: [Synth 8-6155] done synthesizing module 'advanced_logic_module' (1#1) [C:/Users/mlech/lab2/lab2.srcs/sources_1/new/advanced_logic_module.v:22]
---------------------------------------------------------------------------------
Finished Synthesize : Time (s): cpu = 00:00:11 ; elapsed = 00:00:12 . Memory (MB): peak = 1246.707 ; gain = 0.000
---------------------------------------------------------------------------------
---------------------------------------------------------------------------------
Finished Constraint Validation : Time (s): cpu = 00:00:11 ; elapsed = 00:00:12 . Memory (MB): peak = 1246.707 ; gain = 0.000
---------------------------------------------------------------------------------
---------------------------------------------------------------------------------
Start Loading Part and Timing Information
---------------------------------------------------------------------------------
Loading part: xc7z010clg400-1
---------------------------------------------------------------------------------
Finished Loading Part and Timing Information : Time (s): cpu = 00:00:11 ; elapsed = 00:00:12 . Memory (MB): peak = 1246.707 ; gain = 0.000
---------------------------------------------------------------------------------
INFO: [Device 21-403] Loading part xc7z010clg400-1
---------------------------------------------------------------------------------
Finished RTL Optimization Phase 2 : Time (s): cpu = 00:00:12 ; elapsed = 00:00:12 . Memory (MB): peak = 1246.707 ; gain = 0.000
---------------------------------------------------------------------------------
No constraint files found.
---------------------------------------------------------------------------------
Start RTL Component Statistics 
---------------------------------------------------------------------------------
Detailed RTL Component Info : 
---------------------------------------------------------------------------------
Finished RTL Component Statistics 
---------------------------------------------------------------------------------
---------------------------------------------------------------------------------
Start Part Resource Summary
---------------------------------------------------------------------------------
Part Resources:
DSPs: 80 (col length:40)
BRAMs: 120 (col length: RAMB18 40 RAMB36 20)
---------------------------------------------------------------------------------
Finished Part Resource Summary
---------------------------------------------------------------------------------
No constraint files found.
---------------------------------------------------------------------------------
Start Cross Boundary and Area Optimization
---------------------------------------------------------------------------------
WARNING: [Synth 8-7080] Parallel synthesis criteria is not met
---------------------------------------------------------------------------------
Finished Cross Boundary and Area Optimization : Time (s): cpu = 00:00:19 ; elapsed = 00:00:21 . Memory (MB): peak = 1246.707 ; gain = 0.000
---------------------------------------------------------------------------------
No constraint files found.
---------------------------------------------------------------------------------
Start Timing Optimization
---------------------------------------------------------------------------------
---------------------------------------------------------------------------------
Finished Timing Optimization : Time (s): cpu = 00:00:19 ; elapsed = 00:00:21 . Memory (MB): peak = 1246.707 ; gain = 0.000
---------------------------------------------------------------------------------
---------------------------------------------------------------------------------
Start Technology Mapping
---------------------------------------------------------------------------------
---------------------------------------------------------------------------------
Finished Technology Mapping : Time (s): cpu = 00:00:19 ; elapsed = 00:00:21 . Memory (MB): peak = 1246.707 ; gain = 0.000
---------------------------------------------------------------------------------
---------------------------------------------------------------------------------
Start IO Insertion
---------------------------------------------------------------------------------
---------------------------------------------------------------------------------
Start Flattening Before IO Insertion
---------------------------------------------------------------------------------
---------------------------------------------------------------------------------
Finished Flattening Before IO Insertion
---------------------------------------------------------------------------------
---------------------------------------------------------------------------------
Start Final Netlist Cleanup
---------------------------------------------------------------------------------
---------------------------------------------------------------------------------
Finished Final Netlist Cleanup
---------------------------------------------------------------------------------
---------------------------------------------------------------------------------
Finished IO Insertion : Time (s): cpu = 00:00:28 ; elapsed = 00:00:30 . Memory (MB): peak = 1246.707 ; gain = 0.000
---------------------------------------------------------------------------------
---------------------------------------------------------------------------------
Start Renaming Generated Instances
---------------------------------------------------------------------------------
---------------------------------------------------------------------------------
Finished Renaming Generated Instances : Time (s): cpu = 00:00:28 ; elapsed = 00:00:30 . Memory (MB): peak = 1246.707 ; gain = 0.000
---------------------------------------------------------------------------------
---------------------------------------------------------------------------------
Start Rebuilding User Hierarchy
---------------------------------------------------------------------------------
---------------------------------------------------------------------------------
Finished Rebuilding User Hierarchy : Time (s): cpu = 00:00:28 ; elapsed = 00:00:30 . Memory (MB): peak = 1246.707 ; gain = 0.000
---------------------------------------------------------------------------------
---------------------------------------------------------------------------------
Start Renaming Generated Ports
---------------------------------------------------------------------------------
---------------------------------------------------------------------------------
Finished Renaming Generated Ports : Time (s): cpu = 00:00:28 ; elapsed = 00:00:30 . Memory (MB): peak = 1246.707 ; gain = 0.000
---------------------------------------------------------------------------------
---------------------------------------------------------------------------------
Start Handling Custom Attributes
---------------------------------------------------------------------------------
---------------------------------------------------------------------------------
Finished Handling Custom Attributes : Time (s): cpu = 00:00:28 ; elapsed = 00:00:30 . Memory (MB): peak = 1246.707 ; gain = 0.000
---------------------------------------------------------------------------------
---------------------------------------------------------------------------------
Start Renaming Generated Nets
---------------------------------------------------------------------------------
---------------------------------------------------------------------------------
Finished Renaming Generated Nets : Time (s): cpu = 00:00:28 ; elapsed = 00:00:30 . Memory (MB): peak = 1246.707 ; gain = 0.000
---------------------------------------------------------------------------------
---------------------------------------------------------------------------------
Start Writing Synthesis Report
---------------------------------------------------------------------------------

Report BlackBoxes: 
+-+--------------+----------+
| |BlackBox name |Instances |
+-+--------------+----------+
+-+--------------+----------+

Report Cell Usage: 
+------+-----+------+
|      |Cell |Count |
+------+-----+------+
|1     |LUT4 |     5|
|2     |IBUF |    16|
|3     |OBUF |     1|
+------+-----+------+

Report Instance Areas: 
+------+---------+-------+------+
|      |Instance |Module |Cells |
+------+---------+-------+------+
|1     |top      |       |    22|
+------+---------+-------+------+
---------------------------------------------------------------------------------
Finished Writing Synthesis Report : Time (s): cpu = 00:00:28 ; elapsed = 00:00:30 . Memory (MB): peak = 1246.707 ; gain = 0.000
---------------------------------------------------------------------------------
Synthesis finished with 0 errors, 0 critical warnings and 24 warnings.
Synthesis Optimization Runtime : Time (s): cpu = 00:00:28 ; elapsed = 00:00:31 . Memory (MB): peak = 1246.707 ; gain = 0.000
Synthesis Optimization Complete : Time (s): cpu = 00:00:28 ; elapsed = 00:00:31 . Memory (MB): peak = 1246.707 ; gain = 0.000
INFO: [Project 1-571] Translating synthesized netlist
Netlist sorting complete. Time (s): cpu = 00:00:00 ; elapsed = 00:00:00 . Memory (MB): peak = 1246.707 ; gain = 0.000
INFO: [Project 1-570] Preparing netlist for logic optimization
INFO: [Opt 31-138] Pushed 0 inverter(s) to 0 load pin(s).
Netlist sorting complete. Time (s): cpu = 00:00:00 ; elapsed = 00:00:00 . Memory (MB): peak = 1246.707 ; gain = 0.000
INFO: [Project 1-111] Unisim Transformation Summary:
No Unisim elements were transformed.

Synth Design complete, checksum: ce0eec49
INFO: [Common 17-83] Releasing license: Synthesis
15 Infos, 25 Warnings, 0 Critical Warnings and 0 Errors encountered.
synth_design completed successfully
synth_design: Time (s): cpu = 00:00:31 ; elapsed = 00:00:34 . Memory (MB): peak = 1246.707 ; gain = 0.000
INFO: [Common 17-1381] The checkpoint 'C:/Users/mlech/lab2/lab2.runs/synth_1/advanced_logic_module.dcp' has been generated.
INFO: [runtcl-4] Executing : report_utilization -file advanced_logic_module_utilization_synth.rpt -pb advanced_logic_module_utilization_synth.pb
INFO: [Common 17-206] Exiting Vivado at Thu Mar 10 23:46:47 2022...
