INFO: [VRFC 10-2263] Analyzing Verilog file "D:/studia_zadania/Systemy_Rekonfigurowalne/lab6/hdmi_vga_zybo/hdmi_vga_zybo.gen/sources_1/ip/rgb2ycbcr_0_2/src/delay_module.v" into library xil_defaultlib
INFO: [VRFC 10-311] analyzing module single_delay
INFO: [VRFC 10-311] analyzing module delay_module
INFO: [VRFC 10-2263] Analyzing Verilog file "D:/studia_zadania/Systemy_Rekonfigurowalne/lab6/hdmi_vga_zybo/hdmi_vga_zybo.gen/sources_1/ip/rgb2ycbcr_0_2/src/rgb2ycbcr.v" into library xil_defaultlib
INFO: [VRFC 10-311] analyzing module rgb2ycbcr
INFO: [VRFC 10-2263] Analyzing Verilog file "D:/studia_zadania/Systemy_Rekonfigurowalne/lab6/hdmi_vga_zybo/hdmi_vga_zybo.gen/sources_1/ip/rgb2ycbcr_0_2/sim/rgb2ycbcr_0.v" into library xil_defaultlib
INFO: [VRFC 10-311] analyzing module rgb2ycbcr_0
INFO: [VRFC 10-2263] Analyzing Verilog file "D:/studia_zadania/Systemy_Rekonfigurowalne/lab6/hdmi_vga_zybo/hdmi_vga_zybo.srcs/sources_1/imports/lab6/delay_module.v" into library xil_defaultlib
INFO: [VRFC 10-311] analyzing module single_delay
WARNING: [VRFC 10-3609] overwriting previous definition of module 'single_delay' [D:/studia_zadania/Systemy_Rekonfigurowalne/lab6/hdmi_vga_zybo/hdmi_vga_zybo.srcs/sources_1/imports/lab6/delay_module.v:23]
INFO: [VRFC 10-311] analyzing module delay_module
WARNING: [VRFC 10-3609] overwriting previous definition of module 'delay_module' [D:/studia_zadania/Systemy_Rekonfigurowalne/lab6/hdmi_vga_zybo/hdmi_vga_zybo.srcs/sources_1/imports/lab6/delay_module.v:43]
INFO: [VRFC 10-2263] Analyzing Verilog file "D:/studia_zadania/Systemy_Rekonfigurowalne/lab6/hdmi_vga_zybo/hdmi_vga_zybo.srcs/sources_1/imports/tb_src/hdmi_in.v" into library xil_defaultlib
INFO: [VRFC 10-311] analyzing module hdmi_in
INFO: [VRFC 10-2263] Analyzing Verilog file "D:/studia_zadania/Systemy_Rekonfigurowalne/lab6/hdmi_vga_zybo/hdmi_vga_zybo.srcs/sources_1/imports/tb_src/hdmi_out.v" into library xil_defaultlib
INFO: [VRFC 10-311] analyzing module hdmi_out
INFO: [VRFC 10-2263] Analyzing Verilog file "D:/studia_zadania/Systemy_Rekonfigurowalne/lab6/hdmi_vga_zybo/hdmi_vga_zybo.srcs/sources_1/new/vp.v" into library xil_defaultlib
INFO: [VRFC 10-311] analyzing module vp
INFO: [VRFC 10-2263] Analyzing Verilog file "D:/studia_zadania/Systemy_Rekonfigurowalne/lab6/hdmi_vga_zybo/hdmi_vga_zybo.srcs/sim_1/imports/tb_src/tb_hdmi.v" into library xil_defaultlib
INFO: [VRFC 10-311] analyzing module tb_hdmi
