
*** Running vivado
    with args -log hdmi_vga_dvi2rgb_0_0.vds -m64 -product Vivado -mode batch -messageDb vivado.pb -notrace -source hdmi_vga_dvi2rgb_0_0.tcl


****** Vivado v2021.2 (64-bit)
  **** SW Build 3367213 on Tue Oct 19 02:47:39 MDT 2021
  **** IP Build 3369179 on Thu Oct 21 08:25:16 MDT 2021
    ** Copyright 1986-2021 Xilinx, Inc. All Rights Reserved.

source hdmi_vga_dvi2rgb_0_0.tcl -notrace
INFO: [IP_Flow 19-234] Refreshing IP repositories
INFO: [IP_Flow 19-1700] Loaded user IP repository '/home/lsriw/SR/LechowiczMarek/vivado-library'.
INFO: [IP_Flow 19-2313] Loaded Vivado IP repository '/opt/Xilinx/Vivado/2021.2/data/ip'.
Command: synth_design -top hdmi_vga_dvi2rgb_0_0 -part xc7z010clg400-1 -mode out_of_context
Starting synth_design
Attempting to get a license for feature 'Synthesis' and/or device 'xc7z010'
INFO: [Common 17-349] Got license for feature 'Synthesis' and/or device 'xc7z010'
INFO: [Device 21-403] Loading part xc7z010clg400-1
INFO: [Synth 8-7079] Multithreading enabled for synth_design using a maximum of 4 processes.
INFO: [Synth 8-7078] Launching helper process for spawning children vivado processes
INFO: [Synth 8-7075] Helper process launched with PID 91282
---------------------------------------------------------------------------------
Starting RTL Elaboration : Time (s): cpu = 00:00:05 ; elapsed = 00:00:06 . Memory (MB): peak = 2691.965 ; gain = 0.000 ; free physical = 2666 ; free virtual = 31557
---------------------------------------------------------------------------------
WARNING: [Synth 8-1565] actual for formal port arst is neither a static name nor a globally static expression [/home/lsriw/SR/LechowiczMarek/hdmi_vga_zybo/hdmi_vga_zybo.gen/sources_1/bd/hdmi_vga/ipshared/f99d/src/TMDS_Clocking.vhd:135]
WARNING: [Synth 8-1565] actual for formal port arst is neither a static name nor a globally static expression [/home/lsriw/SR/LechowiczMarek/hdmi_vga_zybo/hdmi_vga_zybo.gen/sources_1/bd/hdmi_vga/ipshared/f99d/src/dvi2rgb.vhd:212]
WARNING: [Synth 8-1565] actual for formal port potherchrdy is neither a static name nor a globally static expression [/home/lsriw/SR/LechowiczMarek/hdmi_vga_zybo/hdmi_vga_zybo.gen/sources_1/bd/hdmi_vga/ipshared/f99d/src/dvi2rgb.vhd:244]
WARNING: [Synth 8-1565] actual for formal port potherchvld is neither a static name nor a globally static expression [/home/lsriw/SR/LechowiczMarek/hdmi_vga_zybo/hdmi_vga_zybo.gen/sources_1/bd/hdmi_vga/ipshared/f99d/src/dvi2rgb.vhd:245]
INFO: [Synth 8-638] synthesizing module 'hdmi_vga_dvi2rgb_0_0' [/home/lsriw/SR/LechowiczMarek/hdmi_vga_zybo/hdmi_vga_zybo.gen/sources_1/bd/hdmi_vga/ip/hdmi_vga_dvi2rgb_0_0/synth/hdmi_vga_dvi2rgb_0_0.vhd:81]
	Parameter kEmulateDDC bound to: 1 - type: bool 
	Parameter kRstActiveHigh bound to: 1 - type: bool 
	Parameter kClkRange bound to: 3 - type: integer 
	Parameter kIDLY_TapValuePs bound to: 78 - type: integer 
	Parameter kIDLY_TapWidth bound to: 5 - type: integer 
	Parameter kAddBUFG bound to: 1 - type: bool 
	Parameter kEdidFileName bound to: dgl_720p_cea.data - type: string 
	Parameter kDebug bound to: 1 - type: bool 
INFO: [Synth 8-3491] module 'dvi2rgb' declared at '/home/lsriw/SR/LechowiczMarek/hdmi_vga_zybo/hdmi_vga_zybo.gen/sources_1/bd/hdmi_vga/ipshared/f99d/src/dvi2rgb.vhd:64' bound to instance 'U0' of component 'dvi2rgb' [/home/lsriw/SR/LechowiczMarek/hdmi_vga_zybo/hdmi_vga_zybo.gen/sources_1/bd/hdmi_vga/ip/hdmi_vga_dvi2rgb_0_0/synth/hdmi_vga_dvi2rgb_0_0.vhd:149]
INFO: [Synth 8-638] synthesizing module 'dvi2rgb' [/home/lsriw/SR/LechowiczMarek/hdmi_vga_zybo/hdmi_vga_zybo.gen/sources_1/bd/hdmi_vga/ipshared/f99d/src/dvi2rgb.vhd:112]
INFO: [Synth 8-638] synthesizing module 'TMDS_Clocking' [/home/lsriw/SR/LechowiczMarek/hdmi_vga_zybo/hdmi_vga_zybo.gen/sources_1/bd/hdmi_vga/ipshared/f99d/src/TMDS_Clocking.vhd:82]
INFO: [Synth 8-638] synthesizing module 'ResetBridge' [/home/lsriw/SR/LechowiczMarek/hdmi_vga_zybo/hdmi_vga_zybo.gen/sources_1/bd/hdmi_vga/ipshared/f99d/src/SyncAsyncReset.vhd:72]
INFO: [Synth 8-638] synthesizing module 'SyncAsync' [/home/lsriw/SR/LechowiczMarek/hdmi_vga_zybo/hdmi_vga_zybo.gen/sources_1/bd/hdmi_vga/ipshared/f99d/src/SyncAsync.vhd:72]
INFO: [Synth 8-256] done synthesizing module 'SyncAsync' (1#1) [/home/lsriw/SR/LechowiczMarek/hdmi_vga_zybo/hdmi_vga_zybo.gen/sources_1/bd/hdmi_vga/ipshared/f99d/src/SyncAsync.vhd:72]
INFO: [Synth 8-256] done synthesizing module 'ResetBridge' (2#1) [/home/lsriw/SR/LechowiczMarek/hdmi_vga_zybo/hdmi_vga_zybo.gen/sources_1/bd/hdmi_vga/ipshared/f99d/src/SyncAsyncReset.vhd:72]
INFO: [Synth 8-113] binding component instance 'IDelayCtrlX' to cell 'IDELAYCTRL' [/home/lsriw/SR/LechowiczMarek/hdmi_vga_zybo/hdmi_vga_zybo.gen/sources_1/bd/hdmi_vga/ipshared/f99d/src/TMDS_Clocking.vhd:125]
	Parameter DIFF_TERM bound to: 0 - type: bool 
	Parameter IBUF_LOW_PWR bound to: 1 - type: bool 
	Parameter IOSTANDARD bound to: TMDS_33 - type: string 
INFO: [Synth 8-113] binding component instance 'InputBuffer' to cell 'IBUFDS' [/home/lsriw/SR/LechowiczMarek/hdmi_vga_zybo/hdmi_vga_zybo.gen/sources_1/bd/hdmi_vga/ipshared/f99d/src/TMDS_Clocking.vhd:139]
	Parameter BANDWIDTH bound to: OPTIMIZED - type: string 
	Parameter CLKFBOUT_MULT_F bound to: 15.000000 - type: double 
	Parameter CLKFBOUT_PHASE bound to: 0.000000 - type: double 
	Parameter CLKFBOUT_USE_FINE_PS bound to: 0 - type: bool 
	Parameter CLKIN1_PERIOD bound to: 18.000000 - type: double 
	Parameter CLKOUT0_DIVIDE_F bound to: 3.000000 - type: double 
	Parameter CLKOUT0_DUTY_CYCLE bound to: 0.500000 - type: double 
	Parameter CLKOUT0_PHASE bound to: 0.000000 - type: double 
	Parameter CLKOUT0_USE_FINE_PS bound to: 0 - type: bool 
	Parameter CLKOUT4_CASCADE bound to: 0 - type: bool 
	Parameter COMPENSATION bound to: ZHOLD - type: string 
	Parameter DIVCLK_DIVIDE bound to: 1 - type: integer 
	Parameter REF_JITTER1 bound to: 0.010000 - type: double 
	Parameter STARTUP_WAIT bound to: 0 - type: bool 
INFO: [Synth 8-113] binding component instance 'DVI_ClkGenerator' to cell 'MMCME2_ADV' [/home/lsriw/SR/LechowiczMarek/hdmi_vga_zybo/hdmi_vga_zybo.gen/sources_1/bd/hdmi_vga/ipshared/f99d/src/TMDS_Clocking.vhd:180]
INFO: [Synth 8-113] binding component instance 'SerialClkBuffer' to cell 'BUFIO' [/home/lsriw/SR/LechowiczMarek/hdmi_vga_zybo/hdmi_vga_zybo.gen/sources_1/bd/hdmi_vga/ipshared/f99d/src/TMDS_Clocking.vhd:239]
	Parameter BUFR_DIVIDE bound to: 5 - type: string 
	Parameter SIM_DEVICE bound to: 7SERIES - type: string 
INFO: [Synth 8-113] binding component instance 'PixelClkBuffer' to cell 'BUFR' [/home/lsriw/SR/LechowiczMarek/hdmi_vga_zybo/hdmi_vga_zybo.gen/sources_1/bd/hdmi_vga/ipshared/f99d/src/TMDS_Clocking.vhd:245]
INFO: [Synth 8-638] synthesizing module 'SyncAsync__parameterized0' [/home/lsriw/SR/LechowiczMarek/hdmi_vga_zybo/hdmi_vga_zybo.gen/sources_1/bd/hdmi_vga/ipshared/f99d/src/SyncAsync.vhd:72]
INFO: [Synth 8-256] done synthesizing module 'SyncAsync__parameterized0' (2#1) [/home/lsriw/SR/LechowiczMarek/hdmi_vga_zybo/hdmi_vga_zybo.gen/sources_1/bd/hdmi_vga/ipshared/f99d/src/SyncAsync.vhd:72]
INFO: [Synth 8-256] done synthesizing module 'TMDS_Clocking' (3#1) [/home/lsriw/SR/LechowiczMarek/hdmi_vga_zybo/hdmi_vga_zybo.gen/sources_1/bd/hdmi_vga/ipshared/f99d/src/TMDS_Clocking.vhd:82]
INFO: [Synth 8-638] synthesizing module 'ResetBridge__parameterized0' [/home/lsriw/SR/LechowiczMarek/hdmi_vga_zybo/hdmi_vga_zybo.gen/sources_1/bd/hdmi_vga/ipshared/f99d/src/SyncAsyncReset.vhd:72]
INFO: [Synth 8-638] synthesizing module 'SyncAsync__parameterized1' [/home/lsriw/SR/LechowiczMarek/hdmi_vga_zybo/hdmi_vga_zybo.gen/sources_1/bd/hdmi_vga/ipshared/f99d/src/SyncAsync.vhd:72]
INFO: [Synth 8-256] done synthesizing module 'SyncAsync__parameterized1' (3#1) [/home/lsriw/SR/LechowiczMarek/hdmi_vga_zybo/hdmi_vga_zybo.gen/sources_1/bd/hdmi_vga/ipshared/f99d/src/SyncAsync.vhd:72]
INFO: [Synth 8-256] done synthesizing module 'ResetBridge__parameterized0' (3#1) [/home/lsriw/SR/LechowiczMarek/hdmi_vga_zybo/hdmi_vga_zybo.gen/sources_1/bd/hdmi_vga/ipshared/f99d/src/SyncAsyncReset.vhd:72]
INFO: [Synth 8-638] synthesizing module 'TMDS_Decoder' [/home/lsriw/SR/LechowiczMarek/hdmi_vga_zybo/hdmi_vga_zybo.gen/sources_1/bd/hdmi_vga/ipshared/f99d/src/TMDS_Decoder.vhd:98]
INFO: [Synth 8-638] synthesizing module 'InputSERDES' [/home/lsriw/SR/LechowiczMarek/hdmi_vga_zybo/hdmi_vga_zybo.gen/sources_1/bd/hdmi_vga/ipshared/f99d/src/InputSERDES.vhd:85]
	Parameter DIFF_TERM bound to: 0 - type: bool 
	Parameter IOSTANDARD bound to: TMDS_33 - type: string 
INFO: [Synth 8-113] binding component instance 'InputBuffer' to cell 'IBUFDS' [/home/lsriw/SR/LechowiczMarek/hdmi_vga_zybo/hdmi_vga_zybo.gen/sources_1/bd/hdmi_vga/ipshared/f99d/src/InputSERDES.vhd:92]
	Parameter CINVCTRL_SEL bound to: FALSE - type: string 
	Parameter DELAY_SRC bound to: IDATAIN - type: string 
	Parameter HIGH_PERFORMANCE_MODE bound to: TRUE - type: string 
	Parameter IDELAY_TYPE bound to: VARIABLE - type: string 
	Parameter IDELAY_VALUE bound to: 0 - type: integer 
	Parameter PIPE_SEL bound to: FALSE - type: string 
	Parameter REFCLK_FREQUENCY bound to: 200.000000 - type: double 
	Parameter SIGNAL_PATTERN bound to: DATA - type: string 
INFO: [Synth 8-113] binding component instance 'InputDelay' to cell 'IDELAYE2' [/home/lsriw/SR/LechowiczMarek/hdmi_vga_zybo/hdmi_vga_zybo.gen/sources_1/bd/hdmi_vga/ipshared/f99d/src/InputSERDES.vhd:102]
	Parameter DATA_RATE bound to: DDR - type: string 
	Parameter DATA_WIDTH bound to: 10 - type: integer 
	Parameter DYN_CLKDIV_INV_EN bound to: FALSE - type: string 
	Parameter DYN_CLK_INV_EN bound to: FALSE - type: string 
	Parameter INTERFACE_TYPE bound to: NETWORKING - type: string 
	Parameter IOBDELAY bound to: IFD - type: string 
	Parameter NUM_CE bound to: 2 - type: integer 
	Parameter OFB_USED bound to: FALSE - type: string 
	Parameter SERDES_MODE bound to: MASTER - type: string 
INFO: [Synth 8-113] binding component instance 'DeserializerMaster' to cell 'ISERDESE2' [/home/lsriw/SR/LechowiczMarek/hdmi_vga_zybo/hdmi_vga_zybo.gen/sources_1/bd/hdmi_vga/ipshared/f99d/src/InputSERDES.vhd:130]
	Parameter DATA_RATE bound to: DDR - type: string 
	Parameter DATA_WIDTH bound to: 10 - type: integer 
	Parameter DYN_CLKDIV_INV_EN bound to: FALSE - type: string 
	Parameter DYN_CLK_INV_EN bound to: FALSE - type: string 
	Parameter INTERFACE_TYPE bound to: NETWORKING - type: string 
	Parameter IOBDELAY bound to: IFD - type: string 
	Parameter NUM_CE bound to: 2 - type: integer 
	Parameter OFB_USED bound to: FALSE - type: string 
	Parameter SERDES_MODE bound to: SLAVE - type: string 
INFO: [Synth 8-113] binding component instance 'DeserializerSlave' to cell 'ISERDESE2' [/home/lsriw/SR/LechowiczMarek/hdmi_vga_zybo/hdmi_vga_zybo.gen/sources_1/bd/hdmi_vga/ipshared/f99d/src/InputSERDES.vhd:172]
INFO: [Synth 8-256] done synthesizing module 'InputSERDES' (4#1) [/home/lsriw/SR/LechowiczMarek/hdmi_vga_zybo/hdmi_vga_zybo.gen/sources_1/bd/hdmi_vga/ipshared/f99d/src/InputSERDES.vhd:85]
INFO: [Synth 8-638] synthesizing module 'SyncBase' [/home/lsriw/SR/LechowiczMarek/hdmi_vga_zybo/hdmi_vga_zybo.gen/sources_1/bd/hdmi_vga/ipshared/f99d/src/SyncBase.vhd:74]
INFO: [Synth 8-256] done synthesizing module 'SyncBase' (5#1) [/home/lsriw/SR/LechowiczMarek/hdmi_vga_zybo/hdmi_vga_zybo.gen/sources_1/bd/hdmi_vga/ipshared/f99d/src/SyncBase.vhd:74]
INFO: [Synth 8-638] synthesizing module 'SyncBase__parameterized0' [/home/lsriw/SR/LechowiczMarek/hdmi_vga_zybo/hdmi_vga_zybo.gen/sources_1/bd/hdmi_vga/ipshared/f99d/src/SyncBase.vhd:74]
INFO: [Synth 8-256] done synthesizing module 'SyncBase__parameterized0' (5#1) [/home/lsriw/SR/LechowiczMarek/hdmi_vga_zybo/hdmi_vga_zybo.gen/sources_1/bd/hdmi_vga/ipshared/f99d/src/SyncBase.vhd:74]
INFO: [Synth 8-638] synthesizing module 'PhaseAlign' [/home/lsriw/SR/LechowiczMarek/hdmi_vga_zybo/hdmi_vga_zybo.gen/sources_1/bd/hdmi_vga/ipshared/f99d/src/PhaseAlign.vhd:95]
WARNING: [Synth 8-6014] Unused sequential element pTkn0FlagQ_reg was removed.  [/home/lsriw/SR/LechowiczMarek/hdmi_vga_zybo/hdmi_vga_zybo.gen/sources_1/bd/hdmi_vga/ipshared/f99d/src/PhaseAlign.vhd:172]
WARNING: [Synth 8-6014] Unused sequential element pTkn1FlagQ_reg was removed.  [/home/lsriw/SR/LechowiczMarek/hdmi_vga_zybo/hdmi_vga_zybo.gen/sources_1/bd/hdmi_vga/ipshared/f99d/src/PhaseAlign.vhd:173]
WARNING: [Synth 8-6014] Unused sequential element pTkn2FlagQ_reg was removed.  [/home/lsriw/SR/LechowiczMarek/hdmi_vga_zybo/hdmi_vga_zybo.gen/sources_1/bd/hdmi_vga/ipshared/f99d/src/PhaseAlign.vhd:174]
WARNING: [Synth 8-6014] Unused sequential element pTkn3FlagQ_reg was removed.  [/home/lsriw/SR/LechowiczMarek/hdmi_vga_zybo/hdmi_vga_zybo.gen/sources_1/bd/hdmi_vga/ipshared/f99d/src/PhaseAlign.vhd:175]
WARNING: [Synth 8-6014] Unused sequential element pDelayFastOvf_reg was removed.  [/home/lsriw/SR/LechowiczMarek/hdmi_vga_zybo/hdmi_vga_zybo.gen/sources_1/bd/hdmi_vga/ipshared/f99d/src/PhaseAlign.vhd:209]
INFO: [Synth 8-256] done synthesizing module 'PhaseAlign' (6#1) [/home/lsriw/SR/LechowiczMarek/hdmi_vga_zybo/hdmi_vga_zybo.gen/sources_1/bd/hdmi_vga/ipshared/f99d/src/PhaseAlign.vhd:95]
INFO: [Synth 8-638] synthesizing module 'ChannelBond' [/home/lsriw/SR/LechowiczMarek/hdmi_vga_zybo/hdmi_vga_zybo.gen/sources_1/bd/hdmi_vga/ipshared/f99d/src/ChannelBond.vhd:74]
INFO: [Synth 8-256] done synthesizing module 'ChannelBond' (7#1) [/home/lsriw/SR/LechowiczMarek/hdmi_vga_zybo/hdmi_vga_zybo.gen/sources_1/bd/hdmi_vga/ipshared/f99d/src/ChannelBond.vhd:74]
INFO: [Synth 8-256] done synthesizing module 'TMDS_Decoder' (8#1) [/home/lsriw/SR/LechowiczMarek/hdmi_vga_zybo/hdmi_vga_zybo.gen/sources_1/bd/hdmi_vga/ipshared/f99d/src/TMDS_Decoder.vhd:98]
INFO: [Synth 8-638] synthesizing module 'ResyncToBUFG' [/home/lsriw/SR/LechowiczMarek/hdmi_vga_zybo/hdmi_vga_zybo.gen/sources_1/bd/hdmi_vga/ipshared/f99d/src/ResyncToBUFG.vhd:78]
INFO: [Synth 8-113] binding component instance 'InstBUFG' to cell 'BUFG' [/home/lsriw/SR/LechowiczMarek/hdmi_vga_zybo/hdmi_vga_zybo.gen/sources_1/bd/hdmi_vga/ipshared/f99d/src/ResyncToBUFG.vhd:84]
INFO: [Synth 8-256] done synthesizing module 'ResyncToBUFG' (9#1) [/home/lsriw/SR/LechowiczMarek/hdmi_vga_zybo/hdmi_vga_zybo.gen/sources_1/bd/hdmi_vga/ipshared/f99d/src/ResyncToBUFG.vhd:78]
INFO: [Synth 8-638] synthesizing module 'EEPROM_8b' [/home/lsriw/SR/LechowiczMarek/hdmi_vga_zybo/hdmi_vga_zybo.gen/sources_1/bd/hdmi_vga/ipshared/f99d/src/EEPROM_8b.vhd:85]
INFO: [Synth 8-638] synthesizing module 'TWI_SlaveCtl' [/home/lsriw/SR/LechowiczMarek/hdmi_vga_zybo/hdmi_vga_zybo.gen/sources_1/bd/hdmi_vga/ipshared/f99d/src/TWI_SlaveCtl.vhd:87]
INFO: [Synth 8-638] synthesizing module 'GlitchFilter' [/home/lsriw/SR/LechowiczMarek/hdmi_vga_zybo/hdmi_vga_zybo.gen/sources_1/bd/hdmi_vga/ipshared/f99d/src/GlitchFilter.vhd:69]
INFO: [Synth 8-256] done synthesizing module 'GlitchFilter' (10#1) [/home/lsriw/SR/LechowiczMarek/hdmi_vga_zybo/hdmi_vga_zybo.gen/sources_1/bd/hdmi_vga/ipshared/f99d/src/GlitchFilter.vhd:69]
INFO: [Synth 8-256] done synthesizing module 'TWI_SlaveCtl' (11#1) [/home/lsriw/SR/LechowiczMarek/hdmi_vga_zybo/hdmi_vga_zybo.gen/sources_1/bd/hdmi_vga/ipshared/f99d/src/TWI_SlaveCtl.vhd:87]
INFO: [Synth 8-226] default block is never used [/home/lsriw/SR/LechowiczMarek/hdmi_vga_zybo/hdmi_vga_zybo.gen/sources_1/bd/hdmi_vga/ipshared/f99d/src/EEPROM_8b.vhd:201]
INFO: [Synth 8-256] done synthesizing module 'EEPROM_8b' (12#1) [/home/lsriw/SR/LechowiczMarek/hdmi_vga_zybo/hdmi_vga_zybo.gen/sources_1/bd/hdmi_vga/ipshared/f99d/src/EEPROM_8b.vhd:85]
INFO: [Synth 8-3491] module 'ila_refclk' declared at '/home/lsriw/SR/LechowiczMarek/hdmi_vga_zybo/hdmi_vga_zybo.gen/sources_1/bd/hdmi_vga/ip/hdmi_vga_dvi2rgb_0_0/src/ila_refclk/synth/ila_refclk.v:84' bound to instance 'ILA_RefClkx' of component 'ila_refclk' [/home/lsriw/SR/LechowiczMarek/hdmi_vga_zybo/hdmi_vga_zybo.gen/sources_1/bd/hdmi_vga/ipshared/f99d/src/dvi2rgb.vhd:331]
INFO: [Synth 8-6157] synthesizing module 'ila_refclk' [/home/lsriw/SR/LechowiczMarek/hdmi_vga_zybo/hdmi_vga_zybo.gen/sources_1/bd/hdmi_vga/ip/hdmi_vga_dvi2rgb_0_0/src/ila_refclk/synth/ila_refclk.v:84]
INFO: [Synth 8-6157] synthesizing module 'CFGLUT5' [/opt/Xilinx/Vivado/2021.2/scripts/rt/data/unisim_comp.v:1524]
INFO: [Synth 8-6155] done synthesizing module 'CFGLUT5' (20#1) [/opt/Xilinx/Vivado/2021.2/scripts/rt/data/unisim_comp.v:1524]
INFO: [Synth 8-6157] synthesizing module 'CARRY4' [/opt/Xilinx/Vivado/2021.2/scripts/rt/data/unisim_comp.v:1487]
INFO: [Synth 8-6155] done synthesizing module 'CARRY4' (21#1) [/opt/Xilinx/Vivado/2021.2/scripts/rt/data/unisim_comp.v:1487]
INFO: [Synth 8-6157] synthesizing module 'SRLC32E' [/opt/Xilinx/Vivado/2021.2/scripts/rt/data/unisim_comp.v:106149]
INFO: [Synth 8-6155] done synthesizing module 'SRLC32E' (31#1) [/opt/Xilinx/Vivado/2021.2/scripts/rt/data/unisim_comp.v:106149]
INFO: [Synth 8-6157] synthesizing module 'SRL16E' [/opt/Xilinx/Vivado/2021.2/scripts/rt/data/unisim_comp.v:105999]
INFO: [Synth 8-6155] done synthesizing module 'SRL16E' (33#1) [/opt/Xilinx/Vivado/2021.2/scripts/rt/data/unisim_comp.v:105999]
INFO: [Synth 8-6157] synthesizing module 'SRLC16E' [/opt/Xilinx/Vivado/2021.2/scripts/rt/data/unisim_comp.v:106088]
INFO: [Synth 8-6155] done synthesizing module 'SRLC16E' (35#1) [/opt/Xilinx/Vivado/2021.2/scripts/rt/data/unisim_comp.v:106088]
INFO: [Synth 8-6157] synthesizing module 'FDRE' [/opt/Xilinx/Vivado/2021.2/scripts/rt/data/unisim_comp.v:27837]
INFO: [Synth 8-6155] done synthesizing module 'FDRE' (40#1) [/opt/Xilinx/Vivado/2021.2/scripts/rt/data/unisim_comp.v:27837]
WARNING: [Synth 8-7071] port 'clk_nobuf' of module 'ila_v6_2_12_ila' is unconnected for instance 'inst' [/home/lsriw/SR/LechowiczMarek/hdmi_vga_zybo/hdmi_vga_zybo.gen/sources_1/bd/hdmi_vga/ip/hdmi_vga_dvi2rgb_0_0/src/ila_refclk/synth/ila_refclk.v:3221]
WARNING: [Synth 8-7071] port 'clkdiv_out' of module 'ila_v6_2_12_ila' is unconnected for instance 'inst' [/home/lsriw/SR/LechowiczMarek/hdmi_vga_zybo/hdmi_vga_zybo.gen/sources_1/bd/hdmi_vga/ip/hdmi_vga_dvi2rgb_0_0/src/ila_refclk/synth/ila_refclk.v:3221]
WARNING: [Synth 8-7071] port 'trig_in' of module 'ila_v6_2_12_ila' is unconnected for instance 'inst' [/home/lsriw/SR/LechowiczMarek/hdmi_vga_zybo/hdmi_vga_zybo.gen/sources_1/bd/hdmi_vga/ip/hdmi_vga_dvi2rgb_0_0/src/ila_refclk/synth/ila_refclk.v:3221]
WARNING: [Synth 8-7071] port 'trig_in_ack' of module 'ila_v6_2_12_ila' is unconnected for instance 'inst' [/home/lsriw/SR/LechowiczMarek/hdmi_vga_zybo/hdmi_vga_zybo.gen/sources_1/bd/hdmi_vga/ip/hdmi_vga_dvi2rgb_0_0/src/ila_refclk/synth/ila_refclk.v:3221]
WARNING: [Synth 8-7023] instance 'inst' of module 'ila_v6_2_12_ila' has 1033 connections declared, but only 1029 given [/home/lsriw/SR/LechowiczMarek/hdmi_vga_zybo/hdmi_vga_zybo.gen/sources_1/bd/hdmi_vga/ip/hdmi_vga_dvi2rgb_0_0/src/ila_refclk/synth/ila_refclk.v:3221]
WARNING: [Synth 8-3848] Net sl_iport0 in module/entity ila_refclk does not have driver. [/home/lsriw/SR/LechowiczMarek/hdmi_vga_zybo/hdmi_vga_zybo.gen/sources_1/bd/hdmi_vga/ip/hdmi_vga_dvi2rgb_0_0/src/ila_refclk/synth/ila_refclk.v:110]
INFO: [Synth 8-6155] done synthesizing module 'ila_refclk' (58#1) [/home/lsriw/SR/LechowiczMarek/hdmi_vga_zybo/hdmi_vga_zybo.gen/sources_1/bd/hdmi_vga/ip/hdmi_vga_dvi2rgb_0_0/src/ila_refclk/synth/ila_refclk.v:84]
INFO: [Synth 8-3491] module 'ila_pixclk' declared at '/home/lsriw/SR/LechowiczMarek/hdmi_vga_zybo/hdmi_vga_zybo.gen/sources_1/bd/hdmi_vga/ip/hdmi_vga_dvi2rgb_0_0/src/ila_pixclk/synth/ila_pixclk.v:84' bound to instance 'ILA_PixClkx' of component 'ila_pixclk' [/home/lsriw/SR/LechowiczMarek/hdmi_vga_zybo/hdmi_vga_zybo.gen/sources_1/bd/hdmi_vga/ipshared/f99d/src/dvi2rgb.vhd:358]
INFO: [Synth 8-6157] synthesizing module 'ila_pixclk' [/home/lsriw/SR/LechowiczMarek/hdmi_vga_zybo/hdmi_vga_zybo.gen/sources_1/bd/hdmi_vga/ip/hdmi_vga_dvi2rgb_0_0/src/ila_pixclk/synth/ila_pixclk.v:84]
WARNING: [Synth 8-7071] port 'clk_nobuf' of module 'ila_v6_2_12_ila' is unconnected for instance 'inst' [/home/lsriw/SR/LechowiczMarek/hdmi_vga_zybo/hdmi_vga_zybo.gen/sources_1/bd/hdmi_vga/ip/hdmi_vga_dvi2rgb_0_0/src/ila_pixclk/synth/ila_pixclk.v:3225]
WARNING: [Synth 8-7071] port 'clkdiv_out' of module 'ila_v6_2_12_ila' is unconnected for instance 'inst' [/home/lsriw/SR/LechowiczMarek/hdmi_vga_zybo/hdmi_vga_zybo.gen/sources_1/bd/hdmi_vga/ip/hdmi_vga_dvi2rgb_0_0/src/ila_pixclk/synth/ila_pixclk.v:3225]
WARNING: [Synth 8-7071] port 'trig_out' of module 'ila_v6_2_12_ila' is unconnected for instance 'inst' [/home/lsriw/SR/LechowiczMarek/hdmi_vga_zybo/hdmi_vga_zybo.gen/sources_1/bd/hdmi_vga/ip/hdmi_vga_dvi2rgb_0_0/src/ila_pixclk/synth/ila_pixclk.v:3225]
WARNING: [Synth 8-7071] port 'trig_out_ack' of module 'ila_v6_2_12_ila' is unconnected for instance 'inst' [/home/lsriw/SR/LechowiczMarek/hdmi_vga_zybo/hdmi_vga_zybo.gen/sources_1/bd/hdmi_vga/ip/hdmi_vga_dvi2rgb_0_0/src/ila_pixclk/synth/ila_pixclk.v:3225]
WARNING: [Synth 8-7023] instance 'inst' of module 'ila_v6_2_12_ila' has 1033 connections declared, but only 1029 given [/home/lsriw/SR/LechowiczMarek/hdmi_vga_zybo/hdmi_vga_zybo.gen/sources_1/bd/hdmi_vga/ip/hdmi_vga_dvi2rgb_0_0/src/ila_pixclk/synth/ila_pixclk.v:3225]
WARNING: [Synth 8-3848] Net sl_iport0 in module/entity ila_pixclk does not have driver. [/home/lsriw/SR/LechowiczMarek/hdmi_vga_zybo/hdmi_vga_zybo.gen/sources_1/bd/hdmi_vga/ip/hdmi_vga_dvi2rgb_0_0/src/ila_pixclk/synth/ila_pixclk.v:114]
INFO: [Synth 8-6155] done synthesizing module 'ila_pixclk' (59#1) [/home/lsriw/SR/LechowiczMarek/hdmi_vga_zybo/hdmi_vga_zybo.gen/sources_1/bd/hdmi_vga/ip/hdmi_vga_dvi2rgb_0_0/src/ila_pixclk/synth/ila_pixclk.v:84]
INFO: [Synth 8-6071] Mark debug on the nets applies keep_hierarchy on instance 'TMDS_ClockingX'. This will prevent further optimization [/home/lsriw/SR/LechowiczMarek/hdmi_vga_zybo/hdmi_vga_zybo.gen/sources_1/bd/hdmi_vga/ipshared/f99d/src/dvi2rgb.vhd:183]
INFO: [Synth 8-6071] Mark debug on the nets applies keep_hierarchy on instance 'GenerateDebug.ILA_RefClkx'. This will prevent further optimization [/home/lsriw/SR/LechowiczMarek/hdmi_vga_zybo/hdmi_vga_zybo.gen/sources_1/bd/hdmi_vga/ipshared/f99d/src/dvi2rgb.vhd:331]
INFO: [Synth 8-6071] Mark debug on the nets applies keep_hierarchy on instance 'LockLostReset'. This will prevent further optimization [/home/lsriw/SR/LechowiczMarek/hdmi_vga_zybo/hdmi_vga_zybo.gen/sources_1/bd/hdmi_vga/ipshared/f99d/src/dvi2rgb.vhd:208]
INFO: [Synth 8-6071] Mark debug on the nets applies keep_hierarchy on instance 'GenerateDebug.ILA_PixClkx'. This will prevent further optimization [/home/lsriw/SR/LechowiczMarek/hdmi_vga_zybo/hdmi_vga_zybo.gen/sources_1/bd/hdmi_vga/ipshared/f99d/src/dvi2rgb.vhd:358]
INFO: [Synth 8-6071] Mark debug on the nets applies keep_hierarchy on instance 'DataDecoders[0].DecoderX'. This will prevent further optimization [/home/lsriw/SR/LechowiczMarek/hdmi_vga_zybo/hdmi_vga_zybo.gen/sources_1/bd/hdmi_vga/ipshared/f99d/src/dvi2rgb.vhd:229]
INFO: [Synth 8-6071] Mark debug on the nets applies keep_hierarchy on instance 'DataDecoders[1].DecoderX'. This will prevent further optimization [/home/lsriw/SR/LechowiczMarek/hdmi_vga_zybo/hdmi_vga_zybo.gen/sources_1/bd/hdmi_vga/ipshared/f99d/src/dvi2rgb.vhd:229]
INFO: [Synth 8-6071] Mark debug on the nets applies keep_hierarchy on instance 'DataDecoders[2].DecoderX'. This will prevent further optimization [/home/lsriw/SR/LechowiczMarek/hdmi_vga_zybo/hdmi_vga_zybo.gen/sources_1/bd/hdmi_vga/ipshared/f99d/src/dvi2rgb.vhd:229]
INFO: [Synth 8-256] done synthesizing module 'dvi2rgb' (60#1) [/home/lsriw/SR/LechowiczMarek/hdmi_vga_zybo/hdmi_vga_zybo.gen/sources_1/bd/hdmi_vga/ipshared/f99d/src/dvi2rgb.vhd:112]
INFO: [Synth 8-256] done synthesizing module 'hdmi_vga_dvi2rgb_0_0' (61#1) [/home/lsriw/SR/LechowiczMarek/hdmi_vga_zybo/hdmi_vga_zybo.gen/sources_1/bd/hdmi_vga/ip/hdmi_vga_dvi2rgb_0_0/synth/hdmi_vga_dvi2rgb_0_0.vhd:81]
WARNING: [Synth 8-7129] Port CLKB in module blk_mem_gen_v8_4_5_blk_mem_output_block__parameterized0 is either unconnected or has no load
WARNING: [Synth 8-7129] Port DOUTA_I[28] in module blk_mem_gen_v8_4_5_blk_mem_output_block__parameterized0 is either unconnected or has no load
WARNING: [Synth 8-7129] Port DOUTA_I[27] in module blk_mem_gen_v8_4_5_blk_mem_output_block__parameterized0 is either unconnected or has no load
WARNING: [Synth 8-7129] Port DOUTA_I[26] in module blk_mem_gen_v8_4_5_blk_mem_output_block__parameterized0 is either unconnected or has no load
WARNING: [Synth 8-7129] Port DOUTA_I[25] in module blk_mem_gen_v8_4_5_blk_mem_output_block__parameterized0 is either unconnected or has no load
WARNING: [Synth 8-7129] Port DOUTA_I[24] in module blk_mem_gen_v8_4_5_blk_mem_output_block__parameterized0 is either unconnected or has no load
WARNING: [Synth 8-7129] Port DOUTA_I[23] in module blk_mem_gen_v8_4_5_blk_mem_output_block__parameterized0 is either unconnected or has no load
WARNING: [Synth 8-7129] Port DOUTA_I[22] in module blk_mem_gen_v8_4_5_blk_mem_output_block__parameterized0 is either unconnected or has no load
WARNING: [Synth 8-7129] Port DOUTA_I[21] in module blk_mem_gen_v8_4_5_blk_mem_output_block__parameterized0 is either unconnected or has no load
WARNING: [Synth 8-7129] Port DOUTA_I[20] in module blk_mem_gen_v8_4_5_blk_mem_output_block__parameterized0 is either unconnected or has no load
WARNING: [Synth 8-7129] Port DOUTA_I[19] in module blk_mem_gen_v8_4_5_blk_mem_output_block__parameterized0 is either unconnected or has no load
WARNING: [Synth 8-7129] Port DOUTA_I[18] in module blk_mem_gen_v8_4_5_blk_mem_output_block__parameterized0 is either unconnected or has no load
WARNING: [Synth 8-7129] Port DOUTA_I[17] in module blk_mem_gen_v8_4_5_blk_mem_output_block__parameterized0 is either unconnected or has no load
WARNING: [Synth 8-7129] Port DOUTA_I[16] in module blk_mem_gen_v8_4_5_blk_mem_output_block__parameterized0 is either unconnected or has no load
WARNING: [Synth 8-7129] Port DOUTA_I[15] in module blk_mem_gen_v8_4_5_blk_mem_output_block__parameterized0 is either unconnected or has no load
WARNING: [Synth 8-7129] Port DOUTA_I[14] in module blk_mem_gen_v8_4_5_blk_mem_output_block__parameterized0 is either unconnected or has no load
WARNING: [Synth 8-7129] Port DOUTA_I[13] in module blk_mem_gen_v8_4_5_blk_mem_output_block__parameterized0 is either unconnected or has no load
WARNING: [Synth 8-7129] Port DOUTA_I[12] in module blk_mem_gen_v8_4_5_blk_mem_output_block__parameterized0 is either unconnected or has no load
WARNING: [Synth 8-7129] Port DOUTA_I[11] in module blk_mem_gen_v8_4_5_blk_mem_output_block__parameterized0 is either unconnected or has no load
WARNING: [Synth 8-7129] Port DOUTA_I[10] in module blk_mem_gen_v8_4_5_blk_mem_output_block__parameterized0 is either unconnected or has no load
WARNING: [Synth 8-7129] Port DOUTA_I[9] in module blk_mem_gen_v8_4_5_blk_mem_output_block__parameterized0 is either unconnected or has no load
WARNING: [Synth 8-7129] Port DOUTA_I[8] in module blk_mem_gen_v8_4_5_blk_mem_output_block__parameterized0 is either unconnected or has no load
WARNING: [Synth 8-7129] Port DOUTA_I[7] in module blk_mem_gen_v8_4_5_blk_mem_output_block__parameterized0 is either unconnected or has no load
WARNING: [Synth 8-7129] Port DOUTA_I[6] in module blk_mem_gen_v8_4_5_blk_mem_output_block__parameterized0 is either unconnected or has no load
WARNING: [Synth 8-7129] Port DOUTA_I[5] in module blk_mem_gen_v8_4_5_blk_mem_output_block__parameterized0 is either unconnected or has no load
WARNING: [Synth 8-7129] Port DOUTA_I[4] in module blk_mem_gen_v8_4_5_blk_mem_output_block__parameterized0 is either unconnected or has no load
WARNING: [Synth 8-7129] Port DOUTA_I[3] in module blk_mem_gen_v8_4_5_blk_mem_output_block__parameterized0 is either unconnected or has no load
WARNING: [Synth 8-7129] Port DOUTA_I[2] in module blk_mem_gen_v8_4_5_blk_mem_output_block__parameterized0 is either unconnected or has no load
WARNING: [Synth 8-7129] Port DOUTA_I[1] in module blk_mem_gen_v8_4_5_blk_mem_output_block__parameterized0 is either unconnected or has no load
WARNING: [Synth 8-7129] Port DOUTA_I[0] in module blk_mem_gen_v8_4_5_blk_mem_output_block__parameterized0 is either unconnected or has no load
WARNING: [Synth 8-7129] Port SBITERR_I in module blk_mem_gen_v8_4_5_blk_mem_output_block__parameterized0 is either unconnected or has no load
WARNING: [Synth 8-7129] Port DBITERR_I in module blk_mem_gen_v8_4_5_blk_mem_output_block__parameterized0 is either unconnected or has no load
WARNING: [Synth 8-7129] Port RDADDRECC_I[10] in module blk_mem_gen_v8_4_5_blk_mem_output_block__parameterized0 is either unconnected or has no load
WARNING: [Synth 8-7129] Port RDADDRECC_I[9] in module blk_mem_gen_v8_4_5_blk_mem_output_block__parameterized0 is either unconnected or has no load
WARNING: [Synth 8-7129] Port RDADDRECC_I[8] in module blk_mem_gen_v8_4_5_blk_mem_output_block__parameterized0 is either unconnected or has no load
WARNING: [Synth 8-7129] Port RDADDRECC_I[7] in module blk_mem_gen_v8_4_5_blk_mem_output_block__parameterized0 is either unconnected or has no load
WARNING: [Synth 8-7129] Port RDADDRECC_I[6] in module blk_mem_gen_v8_4_5_blk_mem_output_block__parameterized0 is either unconnected or has no load
WARNING: [Synth 8-7129] Port RDADDRECC_I[5] in module blk_mem_gen_v8_4_5_blk_mem_output_block__parameterized0 is either unconnected or has no load
WARNING: [Synth 8-7129] Port RDADDRECC_I[4] in module blk_mem_gen_v8_4_5_blk_mem_output_block__parameterized0 is either unconnected or has no load
WARNING: [Synth 8-7129] Port RDADDRECC_I[3] in module blk_mem_gen_v8_4_5_blk_mem_output_block__parameterized0 is either unconnected or has no load
WARNING: [Synth 8-7129] Port RDADDRECC_I[2] in module blk_mem_gen_v8_4_5_blk_mem_output_block__parameterized0 is either unconnected or has no load
WARNING: [Synth 8-7129] Port RDADDRECC_I[1] in module blk_mem_gen_v8_4_5_blk_mem_output_block__parameterized0 is either unconnected or has no load
WARNING: [Synth 8-7129] Port RDADDRECC_I[0] in module blk_mem_gen_v8_4_5_blk_mem_output_block__parameterized0 is either unconnected or has no load
WARNING: [Synth 8-7129] Port DOUTA[17] in module blk_mem_gen_v8_4_5_blk_mem_gen_prim_wrapper__parameterized1 is either unconnected or has no load
WARNING: [Synth 8-7129] Port DOUTA[16] in module blk_mem_gen_v8_4_5_blk_mem_gen_prim_wrapper__parameterized1 is either unconnected or has no load
WARNING: [Synth 8-7129] Port DOUTA[15] in module blk_mem_gen_v8_4_5_blk_mem_gen_prim_wrapper__parameterized1 is either unconnected or has no load
WARNING: [Synth 8-7129] Port DOUTA[14] in module blk_mem_gen_v8_4_5_blk_mem_gen_prim_wrapper__parameterized1 is either unconnected or has no load
WARNING: [Synth 8-7129] Port DOUTA[13] in module blk_mem_gen_v8_4_5_blk_mem_gen_prim_wrapper__parameterized1 is either unconnected or has no load
WARNING: [Synth 8-7129] Port DOUTA[12] in module blk_mem_gen_v8_4_5_blk_mem_gen_prim_wrapper__parameterized1 is either unconnected or has no load
WARNING: [Synth 8-7129] Port DOUTA[11] in module blk_mem_gen_v8_4_5_blk_mem_gen_prim_wrapper__parameterized1 is either unconnected or has no load
WARNING: [Synth 8-7129] Port DOUTA[10] in module blk_mem_gen_v8_4_5_blk_mem_gen_prim_wrapper__parameterized1 is either unconnected or has no load
WARNING: [Synth 8-7129] Port DOUTA[9] in module blk_mem_gen_v8_4_5_blk_mem_gen_prim_wrapper__parameterized1 is either unconnected or has no load
WARNING: [Synth 8-7129] Port DOUTA[8] in module blk_mem_gen_v8_4_5_blk_mem_gen_prim_wrapper__parameterized1 is either unconnected or has no load
WARNING: [Synth 8-7129] Port DOUTA[7] in module blk_mem_gen_v8_4_5_blk_mem_gen_prim_wrapper__parameterized1 is either unconnected or has no load
WARNING: [Synth 8-7129] Port DOUTA[6] in module blk_mem_gen_v8_4_5_blk_mem_gen_prim_wrapper__parameterized1 is either unconnected or has no load
WARNING: [Synth 8-7129] Port DOUTA[5] in module blk_mem_gen_v8_4_5_blk_mem_gen_prim_wrapper__parameterized1 is either unconnected or has no load
WARNING: [Synth 8-7129] Port DOUTA[4] in module blk_mem_gen_v8_4_5_blk_mem_gen_prim_wrapper__parameterized1 is either unconnected or has no load
WARNING: [Synth 8-7129] Port DOUTA[3] in module blk_mem_gen_v8_4_5_blk_mem_gen_prim_wrapper__parameterized1 is either unconnected or has no load
WARNING: [Synth 8-7129] Port DOUTA[2] in module blk_mem_gen_v8_4_5_blk_mem_gen_prim_wrapper__parameterized1 is either unconnected or has no load
WARNING: [Synth 8-7129] Port DOUTA[1] in module blk_mem_gen_v8_4_5_blk_mem_gen_prim_wrapper__parameterized1 is either unconnected or has no load
WARNING: [Synth 8-7129] Port DOUTA[0] in module blk_mem_gen_v8_4_5_blk_mem_gen_prim_wrapper__parameterized1 is either unconnected or has no load
WARNING: [Synth 8-7129] Port SBITERR in module blk_mem_gen_v8_4_5_blk_mem_gen_prim_wrapper__parameterized1 is either unconnected or has no load
WARNING: [Synth 8-7129] Port DBITERR in module blk_mem_gen_v8_4_5_blk_mem_gen_prim_wrapper__parameterized1 is either unconnected or has no load
WARNING: [Synth 8-7129] Port SSRA in module blk_mem_gen_v8_4_5_blk_mem_gen_prim_wrapper__parameterized1 is either unconnected or has no load
WARNING: [Synth 8-7129] Port REGCEA in module blk_mem_gen_v8_4_5_blk_mem_gen_prim_wrapper__parameterized1 is either unconnected or has no load
WARNING: [Synth 8-7129] Port SSRB in module blk_mem_gen_v8_4_5_blk_mem_gen_prim_wrapper__parameterized1 is either unconnected or has no load
WARNING: [Synth 8-7129] Port WEB[0] in module blk_mem_gen_v8_4_5_blk_mem_gen_prim_wrapper__parameterized1 is either unconnected or has no load
WARNING: [Synth 8-7129] Port DINB[17] in module blk_mem_gen_v8_4_5_blk_mem_gen_prim_wrapper__parameterized1 is either unconnected or has no load
WARNING: [Synth 8-7129] Port DINB[16] in module blk_mem_gen_v8_4_5_blk_mem_gen_prim_wrapper__parameterized1 is either unconnected or has no load
WARNING: [Synth 8-7129] Port DINB[15] in module blk_mem_gen_v8_4_5_blk_mem_gen_prim_wrapper__parameterized1 is either unconnected or has no load
WARNING: [Synth 8-7129] Port DINB[14] in module blk_mem_gen_v8_4_5_blk_mem_gen_prim_wrapper__parameterized1 is either unconnected or has no load
WARNING: [Synth 8-7129] Port DINB[13] in module blk_mem_gen_v8_4_5_blk_mem_gen_prim_wrapper__parameterized1 is either unconnected or has no load
WARNING: [Synth 8-7129] Port DINB[12] in module blk_mem_gen_v8_4_5_blk_mem_gen_prim_wrapper__parameterized1 is either unconnected or has no load
WARNING: [Synth 8-7129] Port DINB[11] in module blk_mem_gen_v8_4_5_blk_mem_gen_prim_wrapper__parameterized1 is either unconnected or has no load
WARNING: [Synth 8-7129] Port DINB[10] in module blk_mem_gen_v8_4_5_blk_mem_gen_prim_wrapper__parameterized1 is either unconnected or has no load
WARNING: [Synth 8-7129] Port DINB[9] in module blk_mem_gen_v8_4_5_blk_mem_gen_prim_wrapper__parameterized1 is either unconnected or has no load
WARNING: [Synth 8-7129] Port DINB[8] in module blk_mem_gen_v8_4_5_blk_mem_gen_prim_wrapper__parameterized1 is either unconnected or has no load
WARNING: [Synth 8-7129] Port DINB[7] in module blk_mem_gen_v8_4_5_blk_mem_gen_prim_wrapper__parameterized1 is either unconnected or has no load
WARNING: [Synth 8-7129] Port DINB[6] in module blk_mem_gen_v8_4_5_blk_mem_gen_prim_wrapper__parameterized1 is either unconnected or has no load
WARNING: [Synth 8-7129] Port DINB[5] in module blk_mem_gen_v8_4_5_blk_mem_gen_prim_wrapper__parameterized1 is either unconnected or has no load
WARNING: [Synth 8-7129] Port DINB[4] in module blk_mem_gen_v8_4_5_blk_mem_gen_prim_wrapper__parameterized1 is either unconnected or has no load
WARNING: [Synth 8-7129] Port DINB[3] in module blk_mem_gen_v8_4_5_blk_mem_gen_prim_wrapper__parameterized1 is either unconnected or has no load
WARNING: [Synth 8-7129] Port DINB[2] in module blk_mem_gen_v8_4_5_blk_mem_gen_prim_wrapper__parameterized1 is either unconnected or has no load
WARNING: [Synth 8-7129] Port DINB[1] in module blk_mem_gen_v8_4_5_blk_mem_gen_prim_wrapper__parameterized1 is either unconnected or has no load
WARNING: [Synth 8-7129] Port DINB[0] in module blk_mem_gen_v8_4_5_blk_mem_gen_prim_wrapper__parameterized1 is either unconnected or has no load
WARNING: [Synth 8-7129] Port SLEEP in module blk_mem_gen_v8_4_5_blk_mem_gen_prim_wrapper__parameterized1 is either unconnected or has no load
WARNING: [Synth 8-7129] Port INJECTSBITERR in module blk_mem_gen_v8_4_5_blk_mem_gen_prim_wrapper__parameterized1 is either unconnected or has no load
WARNING: [Synth 8-7129] Port INJECTDBITERR in module blk_mem_gen_v8_4_5_blk_mem_gen_prim_wrapper__parameterized1 is either unconnected or has no load
WARNING: [Synth 8-7129] Port ECCPIPECE in module blk_mem_gen_v8_4_5_blk_mem_gen_prim_wrapper__parameterized1 is either unconnected or has no load
WARNING: [Synth 8-7129] Port DOUTA[17] in module blk_mem_gen_v8_4_5_blk_mem_gen_prim_wrapper__parameterized0 is either unconnected or has no load
WARNING: [Synth 8-7129] Port DOUTA[16] in module blk_mem_gen_v8_4_5_blk_mem_gen_prim_wrapper__parameterized0 is either unconnected or has no load
WARNING: [Synth 8-7129] Port DOUTA[15] in module blk_mem_gen_v8_4_5_blk_mem_gen_prim_wrapper__parameterized0 is either unconnected or has no load
WARNING: [Synth 8-7129] Port DOUTA[14] in module blk_mem_gen_v8_4_5_blk_mem_gen_prim_wrapper__parameterized0 is either unconnected or has no load
WARNING: [Synth 8-7129] Port DOUTA[13] in module blk_mem_gen_v8_4_5_blk_mem_gen_prim_wrapper__parameterized0 is either unconnected or has no load
WARNING: [Synth 8-7129] Port DOUTA[12] in module blk_mem_gen_v8_4_5_blk_mem_gen_prim_wrapper__parameterized0 is either unconnected or has no load
WARNING: [Synth 8-7129] Port DOUTA[11] in module blk_mem_gen_v8_4_5_blk_mem_gen_prim_wrapper__parameterized0 is either unconnected or has no load
WARNING: [Synth 8-7129] Port DOUTA[10] in module blk_mem_gen_v8_4_5_blk_mem_gen_prim_wrapper__parameterized0 is either unconnected or has no load
WARNING: [Synth 8-7129] Port DOUTA[9] in module blk_mem_gen_v8_4_5_blk_mem_gen_prim_wrapper__parameterized0 is either unconnected or has no load
WARNING: [Synth 8-7129] Port DOUTA[8] in module blk_mem_gen_v8_4_5_blk_mem_gen_prim_wrapper__parameterized0 is either unconnected or has no load
WARNING: [Synth 8-7129] Port DOUTA[7] in module blk_mem_gen_v8_4_5_blk_mem_gen_prim_wrapper__parameterized0 is either unconnected or has no load
INFO: [Common 17-14] Message 'Synth 8-7129' appears 100 times and further instances of the messages will be disabled. Use the Tcl command set_msg_config to change the current settings.
---------------------------------------------------------------------------------
Finished RTL Elaboration : Time (s): cpu = 00:00:37 ; elapsed = 00:00:38 . Memory (MB): peak = 3045.133 ; gain = 353.168 ; free physical = 4726 ; free virtual = 33623
---------------------------------------------------------------------------------
---------------------------------------------------------------------------------
Start Handling Custom Attributes
---------------------------------------------------------------------------------
---------------------------------------------------------------------------------
Finished Handling Custom Attributes : Time (s): cpu = 00:00:38 ; elapsed = 00:00:40 . Memory (MB): peak = 3045.133 ; gain = 353.168 ; free physical = 4751 ; free virtual = 33648
---------------------------------------------------------------------------------
---------------------------------------------------------------------------------
Finished RTL Optimization Phase 1 : Time (s): cpu = 00:00:38 ; elapsed = 00:00:40 . Memory (MB): peak = 3045.133 ; gain = 353.168 ; free physical = 4751 ; free virtual = 33648
---------------------------------------------------------------------------------
Netlist sorting complete. Time (s): cpu = 00:00:00.11 ; elapsed = 00:00:00.12 . Memory (MB): peak = 3045.133 ; gain = 0.000 ; free physical = 4717 ; free virtual = 33613
INFO: [Netlist 29-17] Analyzing 334 Unisim elements for replacement
INFO: [Netlist 29-28] Unisim Transformation completed in 0 CPU seconds
INFO: [Project 1-570] Preparing netlist for logic optimization

Processing XDC Constraints
Initializing timing engine
Parsing XDC File [/home/lsriw/SR/LechowiczMarek/hdmi_vga_zybo/hdmi_vga_zybo.gen/sources_1/bd/hdmi_vga/ip/hdmi_vga_dvi2rgb_0_0/src/dvi2rgb_ooc.xdc] for cell 'U0'
Finished Parsing XDC File [/home/lsriw/SR/LechowiczMarek/hdmi_vga_zybo/hdmi_vga_zybo.gen/sources_1/bd/hdmi_vga/ip/hdmi_vga_dvi2rgb_0_0/src/dvi2rgb_ooc.xdc] for cell 'U0'
Parsing XDC File [/home/lsriw/SR/LechowiczMarek/hdmi_vga_zybo/hdmi_vga_zybo.gen/sources_1/bd/hdmi_vga/ip/hdmi_vga_dvi2rgb_0_0/src/ila_refclk/ila_v6_2/constraints/ila.xdc] for cell 'U0/GenerateDebug.ILA_RefClkx/inst'
Finished Parsing XDC File [/home/lsriw/SR/LechowiczMarek/hdmi_vga_zybo/hdmi_vga_zybo.gen/sources_1/bd/hdmi_vga/ip/hdmi_vga_dvi2rgb_0_0/src/ila_refclk/ila_v6_2/constraints/ila.xdc] for cell 'U0/GenerateDebug.ILA_RefClkx/inst'
Parsing XDC File [/home/lsriw/SR/LechowiczMarek/hdmi_vga_zybo/hdmi_vga_zybo.gen/sources_1/bd/hdmi_vga/ip/hdmi_vga_dvi2rgb_0_0/src/ila_pixclk/ila_v6_2/constraints/ila.xdc] for cell 'U0/GenerateDebug.ILA_PixClkx/inst'
Finished Parsing XDC File [/home/lsriw/SR/LechowiczMarek/hdmi_vga_zybo/hdmi_vga_zybo.gen/sources_1/bd/hdmi_vga/ip/hdmi_vga_dvi2rgb_0_0/src/ila_pixclk/ila_v6_2/constraints/ila.xdc] for cell 'U0/GenerateDebug.ILA_PixClkx/inst'
Parsing XDC File [/home/lsriw/SR/LechowiczMarek/hdmi_vga_zybo/hdmi_vga_zybo.gen/sources_1/bd/hdmi_vga/ip/hdmi_vga_dvi2rgb_0_0/src/dvi2rgb.xdc] for cell 'U0'
Finished Parsing XDC File [/home/lsriw/SR/LechowiczMarek/hdmi_vga_zybo/hdmi_vga_zybo.gen/sources_1/bd/hdmi_vga/ip/hdmi_vga_dvi2rgb_0_0/src/dvi2rgb.xdc] for cell 'U0'
Parsing XDC File [/home/lsriw/SR/LechowiczMarek/hdmi_vga_zybo/hdmi_vga_zybo.runs/hdmi_vga_dvi2rgb_0_0_synth_1/dont_touch.xdc]
Finished Parsing XDC File [/home/lsriw/SR/LechowiczMarek/hdmi_vga_zybo/hdmi_vga_zybo.runs/hdmi_vga_dvi2rgb_0_0_synth_1/dont_touch.xdc]
INFO: [Project 1-236] Implementation specific constraints were found while reading constraint file [/home/lsriw/SR/LechowiczMarek/hdmi_vga_zybo/hdmi_vga_zybo.runs/hdmi_vga_dvi2rgb_0_0_synth_1/dont_touch.xdc]. These constraints will be ignored for synthesis but will be used in implementation. Impacted constraints are listed in the file [.Xil/hdmi_vga_dvi2rgb_0_0_propImpl.xdc].
Resolution: To avoid this warning, move constraints listed in [.Xil/hdmi_vga_dvi2rgb_0_0_propImpl.xdc] to another XDC file and exclude this new file from synthesis with the used_in_synthesis property (File Properties dialog in GUI) and re-run elaboration/synthesis.
INFO: [Timing 38-2] Deriving generated clocks
Parsing XDC File [/home/lsriw/SR/LechowiczMarek/hdmi_vga_zybo/hdmi_vga_zybo.gen/sources_1/bd/hdmi_vga/ip/hdmi_vga_dvi2rgb_0_0/src/ila_timing_workaround.xdc] for cell 'U0'
Finished Parsing XDC File [/home/lsriw/SR/LechowiczMarek/hdmi_vga_zybo/hdmi_vga_zybo.gen/sources_1/bd/hdmi_vga/ip/hdmi_vga_dvi2rgb_0_0/src/ila_timing_workaround.xdc] for cell 'U0'
Completed Processing XDC Constraints

Netlist sorting complete. Time (s): cpu = 00:00:00 ; elapsed = 00:00:00 . Memory (MB): peak = 3109.164 ; gain = 0.000 ; free physical = 4610 ; free virtual = 33507
INFO: [Project 1-111] Unisim Transformation Summary:
  A total of 230 instances were transformed.
  CFGLUT5 => CFGLUT5 (SRL16E, SRLC32E): 192 instances
  CFGLUT5 => SRLC32E: 38 instances

Constraint Validation Runtime : Time (s): cpu = 00:00:00.22 ; elapsed = 00:00:00.17 . Memory (MB): peak = 3109.164 ; gain = 0.000 ; free physical = 4608 ; free virtual = 33504
---------------------------------------------------------------------------------
Finished Constraint Validation : Time (s): cpu = 00:00:46 ; elapsed = 00:00:47 . Memory (MB): peak = 3109.164 ; gain = 417.199 ; free physical = 4706 ; free virtual = 33607
---------------------------------------------------------------------------------
---------------------------------------------------------------------------------
Start Loading Part and Timing Information
---------------------------------------------------------------------------------
Loading part: xc7z010clg400-1
---------------------------------------------------------------------------------
Finished Loading Part and Timing Information : Time (s): cpu = 00:00:46 ; elapsed = 00:00:47 . Memory (MB): peak = 3109.164 ; gain = 417.199 ; free physical = 4706 ; free virtual = 33607
---------------------------------------------------------------------------------
---------------------------------------------------------------------------------
Start Applying 'set_property' XDC Constraints
---------------------------------------------------------------------------------
Applied set_property KEEP_HIERARCHY = SOFT for U0/\GenerateDebug.ILA_PixClkx /inst. (constraint file  /home/lsriw/SR/LechowiczMarek/hdmi_vga_zybo/hdmi_vga_zybo.runs/hdmi_vga_dvi2rgb_0_0_synth_1/dont_touch.xdc, line 14).
Applied set_property KEEP_HIERARCHY = SOFT for U0. (constraint file  /home/lsriw/SR/LechowiczMarek/hdmi_vga_zybo/hdmi_vga_zybo.runs/hdmi_vga_dvi2rgb_0_0_synth_1/dont_touch.xdc, line 20).
Applied set_property KEEP_HIERARCHY = SOFT for U0/\GenerateDebug.ILA_RefClkx /inst. (constraint file  /home/lsriw/SR/LechowiczMarek/hdmi_vga_zybo/hdmi_vga_zybo.runs/hdmi_vga_dvi2rgb_0_0_synth_1/dont_touch.xdc, line 31).
Applied set_property KEEP_HIERARCHY = SOFT for U0/\GenerateDebug.ILA_RefClkx . (constraint file  auto generated constraint).
Applied set_property KEEP_HIERARCHY = SOFT for U0/\GenerateDebug.ILA_PixClkx . (constraint file  auto generated constraint).
---------------------------------------------------------------------------------
Finished applying 'set_property' XDC Constraints : Time (s): cpu = 00:00:46 ; elapsed = 00:00:48 . Memory (MB): peak = 3109.164 ; gain = 417.199 ; free physical = 4708 ; free virtual = 33618
---------------------------------------------------------------------------------
INFO: [Synth 8-802] inferred FSM for state register 'pState_reg' in module 'PhaseAlign'
INFO: [Synth 8-802] inferred FSM for state register 'state_reg' in module 'TWI_SlaveCtl'
INFO: [Synth 8-802] inferred FSM for state register 'sState_reg' in module 'EEPROM_8b'
INFO: [Synth 8-802] inferred FSM for state register 'current_state_reg' in module 'xsdbs_v1_0_2_reg_p2s'
INFO: [Synth 8-802] inferred FSM for state register 'current_state_reg' in module 'xsdbs_v1_0_2_reg_p2s__parameterized0'
INFO: [Synth 8-802] inferred FSM for state register 'current_state_reg' in module 'xsdbs_v1_0_2_reg_p2s__parameterized1'
INFO: [Synth 8-802] inferred FSM for state register 'current_state_reg' in module 'xsdbs_v1_0_2_reg_p2s__parameterized2'
INFO: [Synth 8-802] inferred FSM for state register 'current_state_reg' in module 'xsdbs_v1_0_2_reg_p2s__parameterized3'
INFO: [Synth 8-802] inferred FSM for state register 'current_state_reg' in module 'xsdbs_v1_0_2_reg_p2s__parameterized4'
INFO: [Synth 8-802] inferred FSM for state register 'current_state_reg' in module 'xsdbs_v1_0_2_reg_p2s__parameterized5'
INFO: [Synth 8-802] inferred FSM for state register 'current_state_reg' in module 'xsdbs_v1_0_2_reg_p2s__parameterized6'
INFO: [Synth 8-802] inferred FSM for state register 'current_state_reg' in module 'xsdbs_v1_0_2_reg_p2s__parameterized7'
INFO: [Synth 8-802] inferred FSM for state register 'current_state_reg' in module 'xsdbs_v1_0_2_reg_p2s__parameterized8'
INFO: [Synth 8-802] inferred FSM for state register 'current_state_reg' in module 'xsdbs_v1_0_2_reg_p2s__parameterized9'
INFO: [Synth 8-802] inferred FSM for state register 'current_state_reg' in module 'xsdbs_v1_0_2_reg_p2s__parameterized10'
INFO: [Synth 8-802] inferred FSM for state register 'current_state_reg' in module 'xsdbs_v1_0_2_reg_p2s__parameterized11'
INFO: [Synth 8-802] inferred FSM for state register 'current_state_reg' in module 'xsdbs_v1_0_2_reg_p2s__parameterized12'
INFO: [Synth 8-802] inferred FSM for state register 'current_state_reg' in module 'xsdbs_v1_0_2_reg_p2s__parameterized13'
INFO: [Synth 8-802] inferred FSM for state register 'current_state_reg' in module 'ltlib_v1_0_0_generic_memrd'
INFO: [Synth 8-802] inferred FSM for state register 'current_state_reg' in module 'xsdbs_v1_0_2_reg_p2s__parameterized14'
INFO: [Synth 8-802] inferred FSM for state register 'current_state_reg' in module 'xsdbs_v1_0_2_reg_p2s__parameterized15'
INFO: [Synth 8-802] inferred FSM for state register 'current_state_reg' in module 'xsdbs_v1_0_2_reg_p2s__parameterized16'
INFO: [Synth 8-802] inferred FSM for state register 'current_state_reg' in module 'xsdbs_v1_0_2_reg_p2s__parameterized17'
INFO: [Synth 8-802] inferred FSM for state register 'current_state_reg' in module 'ltlib_v1_0_0_generic_memrd__parameterized0'
---------------------------------------------------------------------------------------------------
                   State |                     New Encoding |                Previous Encoding 
---------------------------------------------------------------------------------------------------
*
                 resetst |                      00000000001 |                      00000000001
                  idlest |                      00000000010 |                      00000000010
                 tokenst |                      00000000100 |                      00000000100
               eyeopenst |                      00000001000 |                      00000001000
               jtrzonest |                      00000010000 |                      00000010000
                dlydecst |                      00010000000 |                      00010000000
          dlytstcenterst |                      00100000000 |                      00100000000
               alignedst |                      01000000000 |                      01000000000
                dlyincst |                      00000100000 |                      00000100000
             dlytstovfst |                      00001000000 |                      00001000000
            alignerrorst |                      10000000000 |                      10000000000
---------------------------------------------------------------------------------------------------
INFO: [Synth 8-3898] No Re-encoding of one hot register 'pState_reg' in module 'PhaseAlign'
---------------------------------------------------------------------------------------------------
                   State |                     New Encoding |                Previous Encoding 
---------------------------------------------------------------------------------------------------
                  stidle |                              000 |                              000
               staddress |                              011 |                              001
            stturnaround |                              110 |                              110
                  stsack |                              100 |                              100
                  stread |                              001 |                              010
                  stmack |                              010 |                              101
                 stwrite |                              111 |                              011
---------------------------------------------------------------------------------------------------
INFO: [Synth 8-3354] encoded FSM with state register 'state_reg' using encoding 'gray' in module 'TWI_SlaveCtl'
---------------------------------------------------------------------------------------------------
                   State |                     New Encoding |                Previous Encoding 
---------------------------------------------------------------------------------------------------
                  stidle |                             0001 |                               00
                  stread |                             0010 |                               01
            stregaddress |                             0100 |                               11
                 stwrite |                             1000 |                               10
---------------------------------------------------------------------------------------------------
INFO: [Synth 8-3354] encoded FSM with state register 'sState_reg' using encoding 'one-hot' in module 'EEPROM_8b'
---------------------------------------------------------------------------------------------------
                   State |                     New Encoding |                Previous Encoding 
---------------------------------------------------------------------------------------------------
*
                    IDLE |                             0001 |                             0001
                     REG |                             0010 |                             0010
                     P2S |                             0100 |                             0100
                     S2P |                             1000 |                             1000
---------------------------------------------------------------------------------------------------
INFO: [Synth 8-3898] No Re-encoding of one hot register 'current_state_reg' in module 'xsdbs_v1_0_2_reg_p2s'
---------------------------------------------------------------------------------------------------
                   State |                     New Encoding |                Previous Encoding 
---------------------------------------------------------------------------------------------------
*
                    IDLE |                             0001 |                             0001
                     REG |                             0010 |                             0010
                     P2S |                             0100 |                             0100
                     S2P |                             1000 |                             1000
---------------------------------------------------------------------------------------------------
INFO: [Synth 8-3898] No Re-encoding of one hot register 'current_state_reg' in module 'xsdbs_v1_0_2_reg_p2s__parameterized0'
---------------------------------------------------------------------------------------------------
                   State |                     New Encoding |                Previous Encoding 
---------------------------------------------------------------------------------------------------
*
                    IDLE |                             0001 |                             0001
                     REG |                             0010 |                             0010
                     P2S |                             0100 |                             0100
                     S2P |                             1000 |                             1000
---------------------------------------------------------------------------------------------------
INFO: [Synth 8-3898] No Re-encoding of one hot register 'current_state_reg' in module 'xsdbs_v1_0_2_reg_p2s__parameterized1'
---------------------------------------------------------------------------------------------------
                   State |                     New Encoding |                Previous Encoding 
---------------------------------------------------------------------------------------------------
*
                    IDLE |                             0001 |                             0001
                     REG |                             0010 |                             0010
                     P2S |                             0100 |                             0100
                     S2P |                             1000 |                             1000
---------------------------------------------------------------------------------------------------
INFO: [Synth 8-3898] No Re-encoding of one hot register 'current_state_reg' in module 'xsdbs_v1_0_2_reg_p2s__parameterized2'
---------------------------------------------------------------------------------------------------
                   State |                     New Encoding |                Previous Encoding 
---------------------------------------------------------------------------------------------------
*
                    IDLE |                             0001 |                             0001
                     REG |                             0010 |                             0010
                     P2S |                             0100 |                             0100
                     S2P |                             1000 |                             1000
---------------------------------------------------------------------------------------------------
INFO: [Synth 8-3898] No Re-encoding of one hot register 'current_state_reg' in module 'xsdbs_v1_0_2_reg_p2s__parameterized3'
---------------------------------------------------------------------------------------------------
                   State |                     New Encoding |                Previous Encoding 
---------------------------------------------------------------------------------------------------
*
                    IDLE |                             0001 |                             0001
                     REG |                             0010 |                             0010
                     P2S |                             0100 |                             0100
                     S2P |                             1000 |                             1000
---------------------------------------------------------------------------------------------------
INFO: [Synth 8-3898] No Re-encoding of one hot register 'current_state_reg' in module 'xsdbs_v1_0_2_reg_p2s__parameterized4'
---------------------------------------------------------------------------------------------------
                   State |                     New Encoding |                Previous Encoding 
---------------------------------------------------------------------------------------------------
*
                    IDLE |                             0001 |                             0001
                     REG |                             0010 |                             0010
                     P2S |                             0100 |                             0100
                     S2P |                             1000 |                             1000
---------------------------------------------------------------------------------------------------
INFO: [Synth 8-3898] No Re-encoding of one hot register 'current_state_reg' in module 'xsdbs_v1_0_2_reg_p2s__parameterized5'
---------------------------------------------------------------------------------------------------
                   State |                     New Encoding |                Previous Encoding 
---------------------------------------------------------------------------------------------------
*
                    IDLE |                             0001 |                             0001
                     REG |                             0010 |                             0010
                     P2S |                             0100 |                             0100
                     S2P |                             1000 |                             1000
---------------------------------------------------------------------------------------------------
INFO: [Synth 8-3898] No Re-encoding of one hot register 'current_state_reg' in module 'xsdbs_v1_0_2_reg_p2s__parameterized6'
---------------------------------------------------------------------------------------------------
                   State |                     New Encoding |                Previous Encoding 
---------------------------------------------------------------------------------------------------
*
                    IDLE |                             0001 |                             0001
                     REG |                             0010 |                             0010
                     P2S |                             0100 |                             0100
                     S2P |                             1000 |                             1000
---------------------------------------------------------------------------------------------------
INFO: [Synth 8-3898] No Re-encoding of one hot register 'current_state_reg' in module 'xsdbs_v1_0_2_reg_p2s__parameterized7'
---------------------------------------------------------------------------------------------------
                   State |                     New Encoding |                Previous Encoding 
---------------------------------------------------------------------------------------------------
*
                    IDLE |                             0001 |                             0001
                     REG |                             0010 |                             0010
                     P2S |                             0100 |                             0100
                     S2P |                             1000 |                             1000
---------------------------------------------------------------------------------------------------
INFO: [Synth 8-3898] No Re-encoding of one hot register 'current_state_reg' in module 'xsdbs_v1_0_2_reg_p2s__parameterized8'
---------------------------------------------------------------------------------------------------
                   State |                     New Encoding |                Previous Encoding 
---------------------------------------------------------------------------------------------------
*
                    IDLE |                             0001 |                             0001
                     REG |                             0010 |                             0010
                     P2S |                             0100 |                             0100
                     S2P |                             1000 |                             1000
---------------------------------------------------------------------------------------------------
INFO: [Synth 8-3898] No Re-encoding of one hot register 'current_state_reg' in module 'xsdbs_v1_0_2_reg_p2s__parameterized9'
---------------------------------------------------------------------------------------------------
                   State |                     New Encoding |                Previous Encoding 
---------------------------------------------------------------------------------------------------
*
                    IDLE |                             0001 |                             0001
                     REG |                             0010 |                             0010
                     P2S |                             0100 |                             0100
                     S2P |                             1000 |                             1000
---------------------------------------------------------------------------------------------------
INFO: [Synth 8-3898] No Re-encoding of one hot register 'current_state_reg' in module 'xsdbs_v1_0_2_reg_p2s__parameterized10'
---------------------------------------------------------------------------------------------------
                   State |                     New Encoding |                Previous Encoding 
---------------------------------------------------------------------------------------------------
*
                    IDLE |                             0001 |                             0001
                     REG |                             0010 |                             0010
                     P2S |                             0100 |                             0100
                     S2P |                             1000 |                             1000
---------------------------------------------------------------------------------------------------
INFO: [Synth 8-3898] No Re-encoding of one hot register 'current_state_reg' in module 'xsdbs_v1_0_2_reg_p2s__parameterized11'
---------------------------------------------------------------------------------------------------
                   State |                     New Encoding |                Previous Encoding 
---------------------------------------------------------------------------------------------------
*
                    IDLE |                             0001 |                             0001
                     REG |                             0010 |                             0010
                     P2S |                             0100 |                             0100
                     S2P |                             1000 |                             1000
---------------------------------------------------------------------------------------------------
INFO: [Synth 8-3898] No Re-encoding of one hot register 'current_state_reg' in module 'xsdbs_v1_0_2_reg_p2s__parameterized12'
---------------------------------------------------------------------------------------------------
                   State |                     New Encoding |                Previous Encoding 
---------------------------------------------------------------------------------------------------
*
                    IDLE |                             0001 |                             0001
                     REG |                             0010 |                             0010
                     P2S |                             0100 |                             0100
                     S2P |                             1000 |                             1000
---------------------------------------------------------------------------------------------------
INFO: [Synth 8-3898] No Re-encoding of one hot register 'current_state_reg' in module 'xsdbs_v1_0_2_reg_p2s__parameterized13'
---------------------------------------------------------------------------------------------------
                   State |                     New Encoding |                Previous Encoding 
---------------------------------------------------------------------------------------------------
*
              RESET_ADDR |                          0000001 |                          0000001
            REQUEST_READ |                          0000010 |                          0000010
           WAIT_READ_ACK |                          0000100 |                          0000100
             OUTPUT_DATA |                          0001000 |                          0001000
                    IDLE |                          0010000 |                          0010000
       INCREMENT_ADDRESS |                          1000000 |                          1000000
---------------------------------------------------------------------------------------------------
INFO: [Synth 8-3898] No Re-encoding of one hot register 'current_state_reg' in module 'ltlib_v1_0_0_generic_memrd'
---------------------------------------------------------------------------------------------------
                   State |                     New Encoding |                Previous Encoding 
---------------------------------------------------------------------------------------------------
*
                    IDLE |                             0001 |                             0001
                     REG |                             0010 |                             0010
                     P2S |                             0100 |                             0100
                     S2P |                             1000 |                             1000
---------------------------------------------------------------------------------------------------
INFO: [Synth 8-3898] No Re-encoding of one hot register 'current_state_reg' in module 'xsdbs_v1_0_2_reg_p2s__parameterized14'
---------------------------------------------------------------------------------------------------
                   State |                     New Encoding |                Previous Encoding 
---------------------------------------------------------------------------------------------------
*
                    IDLE |                             0001 |                             0001
                     REG |                             0010 |                             0010
                     P2S |                             0100 |                             0100
                     S2P |                             1000 |                             1000
---------------------------------------------------------------------------------------------------
INFO: [Synth 8-3898] No Re-encoding of one hot register 'current_state_reg' in module 'xsdbs_v1_0_2_reg_p2s__parameterized15'
---------------------------------------------------------------------------------------------------
                   State |                     New Encoding |                Previous Encoding 
---------------------------------------------------------------------------------------------------
*
                    IDLE |                             0001 |                             0001
                     REG |                             0010 |                             0010
                     P2S |                             0100 |                             0100
                     S2P |                             1000 |                             1000
---------------------------------------------------------------------------------------------------
INFO: [Synth 8-3898] No Re-encoding of one hot register 'current_state_reg' in module 'xsdbs_v1_0_2_reg_p2s__parameterized16'
---------------------------------------------------------------------------------------------------
                   State |                     New Encoding |                Previous Encoding 
---------------------------------------------------------------------------------------------------
*
                    IDLE |                             0001 |                             0001
                     REG |                             0010 |                             0010
                     P2S |                             0100 |                             0100
                     S2P |                             1000 |                             1000
---------------------------------------------------------------------------------------------------
INFO: [Synth 8-3898] No Re-encoding of one hot register 'current_state_reg' in module 'xsdbs_v1_0_2_reg_p2s__parameterized17'
---------------------------------------------------------------------------------------------------
                   State |                     New Encoding |                Previous Encoding 
---------------------------------------------------------------------------------------------------
*
              RESET_ADDR |                          0000001 |                          0000001
            REQUEST_READ |                          0000010 |                          0000010
           WAIT_READ_ACK |                          0000100 |                          0000100
             OUTPUT_DATA |                          0001000 |                          0001000
                    IDLE |                          0010000 |                          0010000
         INCREMENT_BLOCK |                          0100000 |                          0100000
       INCREMENT_ADDRESS |                          1000000 |                          1000000
---------------------------------------------------------------------------------------------------
INFO: [Synth 8-3898] No Re-encoding of one hot register 'current_state_reg' in module 'ltlib_v1_0_0_generic_memrd__parameterized0'
---------------------------------------------------------------------------------
Finished RTL Optimization Phase 2 : Time (s): cpu = 00:00:49 ; elapsed = 00:00:51 . Memory (MB): peak = 3109.164 ; gain = 417.199 ; free physical = 4592 ; free virtual = 33504
---------------------------------------------------------------------------------
---------------------------------------------------------------------------------
Start RTL Component Statistics 
---------------------------------------------------------------------------------
---------------------------------------------------------------------------------
Finished RTL Component Statistics 
---------------------------------------------------------------------------------
---------------------------------------------------------------------------------
Start Part Resource Summary
---------------------------------------------------------------------------------
Part Resources:
DSPs: 80 (col length:40)
BRAMs: 120 (col length: RAMB18 40 RAMB36 20)
---------------------------------------------------------------------------------
Finished Part Resource Summary
---------------------------------------------------------------------------------
---------------------------------------------------------------------------------
Start Cross Boundary and Area Optimization
---------------------------------------------------------------------------------
WARNING: [Synth 8-7080] Parallel synthesis criteria is not met
---------------------------------------------------------------------------------
Finished Cross Boundary and Area Optimization : Time (s): cpu = 00:01:04 ; elapsed = 00:01:07 . Memory (MB): peak = 3109.164 ; gain = 417.199 ; free physical = 4599 ; free virtual = 33531
---------------------------------------------------------------------------------
---------------------------------------------------------------------------------
Start Applying XDC Timing Constraints
---------------------------------------------------------------------------------
WARNING: [Synth 8-3321] set_false_path : Empty from list for constraint at line 10 of /home/lsriw/SR/LechowiczMarek/hdmi_vga_zybo/hdmi_vga_zybo.gen/sources_1/bd/hdmi_vga/ip/hdmi_vga_dvi2rgb_0_0/src/ila_timing_workaround.xdc. [/home/lsriw/SR/LechowiczMarek/hdmi_vga_zybo/hdmi_vga_zybo.gen/sources_1/bd/hdmi_vga/ip/hdmi_vga_dvi2rgb_0_0/src/ila_timing_workaround.xdc:10]
WARNING: [Synth 8-3321] set_false_path : Empty from list for constraint at line 11 of /home/lsriw/SR/LechowiczMarek/hdmi_vga_zybo/hdmi_vga_zybo.gen/sources_1/bd/hdmi_vga/ip/hdmi_vga_dvi2rgb_0_0/src/ila_timing_workaround.xdc. [/home/lsriw/SR/LechowiczMarek/hdmi_vga_zybo/hdmi_vga_zybo.gen/sources_1/bd/hdmi_vga/ip/hdmi_vga_dvi2rgb_0_0/src/ila_timing_workaround.xdc:11]
WARNING: [Synth 8-3321] set_false_path : Empty from list for constraint at line 12 of /home/lsriw/SR/LechowiczMarek/hdmi_vga_zybo/hdmi_vga_zybo.gen/sources_1/bd/hdmi_vga/ip/hdmi_vga_dvi2rgb_0_0/src/ila_timing_workaround.xdc. [/home/lsriw/SR/LechowiczMarek/hdmi_vga_zybo/hdmi_vga_zybo.gen/sources_1/bd/hdmi_vga/ip/hdmi_vga_dvi2rgb_0_0/src/ila_timing_workaround.xdc:12]
WARNING: [Synth 8-3321] set_false_path : Empty from list for constraint at line 13 of /home/lsriw/SR/LechowiczMarek/hdmi_vga_zybo/hdmi_vga_zybo.gen/sources_1/bd/hdmi_vga/ip/hdmi_vga_dvi2rgb_0_0/src/ila_timing_workaround.xdc. [/home/lsriw/SR/LechowiczMarek/hdmi_vga_zybo/hdmi_vga_zybo.gen/sources_1/bd/hdmi_vga/ip/hdmi_vga_dvi2rgb_0_0/src/ila_timing_workaround.xdc:13]
---------------------------------------------------------------------------------
Finished Applying XDC Timing Constraints : Time (s): cpu = 00:01:12 ; elapsed = 00:01:15 . Memory (MB): peak = 3109.164 ; gain = 417.199 ; free physical = 4485 ; free virtual = 33417
---------------------------------------------------------------------------------
---------------------------------------------------------------------------------
Start Timing Optimization
---------------------------------------------------------------------------------
---------------------------------------------------------------------------------
Finished Timing Optimization : Time (s): cpu = 00:01:13 ; elapsed = 00:01:16 . Memory (MB): peak = 3109.164 ; gain = 417.199 ; free physical = 4479 ; free virtual = 33411
---------------------------------------------------------------------------------
---------------------------------------------------------------------------------
Start Technology Mapping
---------------------------------------------------------------------------------
---------------------------------------------------------------------------------
Finished Technology Mapping : Time (s): cpu = 00:01:14 ; elapsed = 00:01:17 . Memory (MB): peak = 3109.164 ; gain = 417.199 ; free physical = 4476 ; free virtual = 33408
---------------------------------------------------------------------------------
---------------------------------------------------------------------------------
Start IO Insertion
---------------------------------------------------------------------------------
---------------------------------------------------------------------------------
Start Flattening Before IO Insertion
---------------------------------------------------------------------------------
---------------------------------------------------------------------------------
Finished Flattening Before IO Insertion
---------------------------------------------------------------------------------
---------------------------------------------------------------------------------
Start Final Netlist Cleanup
---------------------------------------------------------------------------------
---------------------------------------------------------------------------------
Finished Final Netlist Cleanup
---------------------------------------------------------------------------------
INFO: [Synth 8-3295] tying undriven pin dummy_inferred:in0 to constant 0
INFO: [Synth 8-3295] tying undriven pin inst:sl_iport0[36] to constant 0
INFO: [Synth 8-3295] tying undriven pin inst:sl_iport0[35] to constant 0
INFO: [Synth 8-3295] tying undriven pin inst:sl_iport0[34] to constant 0
INFO: [Synth 8-3295] tying undriven pin inst:sl_iport0[33] to constant 0
INFO: [Synth 8-3295] tying undriven pin inst:sl_iport0[32] to constant 0
INFO: [Synth 8-3295] tying undriven pin inst:sl_iport0[31] to constant 0
INFO: [Synth 8-3295] tying undriven pin inst:sl_iport0[30] to constant 0
INFO: [Synth 8-3295] tying undriven pin inst:sl_iport0[29] to constant 0
INFO: [Synth 8-3295] tying undriven pin inst:sl_iport0[28] to constant 0
INFO: [Synth 8-3295] tying undriven pin inst:sl_iport0[27] to constant 0
INFO: [Synth 8-3295] tying undriven pin inst:sl_iport0[26] to constant 0
INFO: [Synth 8-3295] tying undriven pin inst:sl_iport0[25] to constant 0
INFO: [Synth 8-3295] tying undriven pin inst:sl_iport0[24] to constant 0
INFO: [Synth 8-3295] tying undriven pin inst:sl_iport0[23] to constant 0
INFO: [Synth 8-3295] tying undriven pin inst:sl_iport0[22] to constant 0
INFO: [Synth 8-3295] tying undriven pin inst:sl_iport0[21] to constant 0
INFO: [Synth 8-3295] tying undriven pin inst:sl_iport0[20] to constant 0
INFO: [Synth 8-3295] tying undriven pin inst:sl_iport0[19] to constant 0
INFO: [Synth 8-3295] tying undriven pin inst:sl_iport0[18] to constant 0
INFO: [Synth 8-3295] tying undriven pin inst:sl_iport0[17] to constant 0
INFO: [Synth 8-3295] tying undriven pin inst:sl_iport0[16] to constant 0
INFO: [Synth 8-3295] tying undriven pin inst:sl_iport0[15] to constant 0
INFO: [Synth 8-3295] tying undriven pin inst:sl_iport0[14] to constant 0
INFO: [Synth 8-3295] tying undriven pin inst:sl_iport0[13] to constant 0
INFO: [Synth 8-3295] tying undriven pin inst:sl_iport0[12] to constant 0
INFO: [Synth 8-3295] tying undriven pin inst:sl_iport0[11] to constant 0
INFO: [Synth 8-3295] tying undriven pin inst:sl_iport0[10] to constant 0
INFO: [Synth 8-3295] tying undriven pin inst:sl_iport0[9] to constant 0
INFO: [Synth 8-3295] tying undriven pin inst:sl_iport0[8] to constant 0
INFO: [Synth 8-3295] tying undriven pin inst:sl_iport0[7] to constant 0
INFO: [Synth 8-3295] tying undriven pin inst:sl_iport0[6] to constant 0
INFO: [Synth 8-3295] tying undriven pin inst:sl_iport0[5] to constant 0
INFO: [Synth 8-3295] tying undriven pin inst:sl_iport0[4] to constant 0
INFO: [Synth 8-3295] tying undriven pin inst:sl_iport0[3] to constant 0
INFO: [Synth 8-3295] tying undriven pin inst:sl_iport0[2] to constant 0
INFO: [Synth 8-3295] tying undriven pin inst:sl_iport0[1] to constant 0
INFO: [Synth 8-3295] tying undriven pin inst:sl_iport0[0] to constant 0
INFO: [Synth 8-3295] tying undriven pin inst:trig_in to constant 0
INFO: [Synth 8-3295] tying undriven pin dummy_inferred:in0 to constant 0
INFO: [Synth 8-3295] tying undriven pin inst:sl_iport0[36] to constant 0
INFO: [Synth 8-3295] tying undriven pin inst:sl_iport0[35] to constant 0
INFO: [Synth 8-3295] tying undriven pin inst:sl_iport0[34] to constant 0
INFO: [Synth 8-3295] tying undriven pin inst:sl_iport0[33] to constant 0
INFO: [Synth 8-3295] tying undriven pin inst:sl_iport0[32] to constant 0
INFO: [Synth 8-3295] tying undriven pin inst:sl_iport0[31] to constant 0
INFO: [Synth 8-3295] tying undriven pin inst:sl_iport0[30] to constant 0
INFO: [Synth 8-3295] tying undriven pin inst:sl_iport0[29] to constant 0
INFO: [Synth 8-3295] tying undriven pin inst:sl_iport0[28] to constant 0
INFO: [Synth 8-3295] tying undriven pin inst:sl_iport0[27] to constant 0
INFO: [Synth 8-3295] tying undriven pin inst:sl_iport0[26] to constant 0
INFO: [Synth 8-3295] tying undriven pin inst:sl_iport0[25] to constant 0
INFO: [Synth 8-3295] tying undriven pin inst:sl_iport0[24] to constant 0
INFO: [Synth 8-3295] tying undriven pin inst:sl_iport0[23] to constant 0
INFO: [Synth 8-3295] tying undriven pin inst:sl_iport0[22] to constant 0
INFO: [Synth 8-3295] tying undriven pin inst:sl_iport0[21] to constant 0
INFO: [Synth 8-3295] tying undriven pin inst:sl_iport0[20] to constant 0
INFO: [Synth 8-3295] tying undriven pin inst:sl_iport0[19] to constant 0
INFO: [Synth 8-3295] tying undriven pin inst:sl_iport0[18] to constant 0
INFO: [Synth 8-3295] tying undriven pin inst:sl_iport0[17] to constant 0
INFO: [Synth 8-3295] tying undriven pin inst:sl_iport0[16] to constant 0
INFO: [Synth 8-3295] tying undriven pin inst:sl_iport0[15] to constant 0
INFO: [Synth 8-3295] tying undriven pin inst:sl_iport0[14] to constant 0
INFO: [Synth 8-3295] tying undriven pin inst:sl_iport0[13] to constant 0
INFO: [Synth 8-3295] tying undriven pin inst:sl_iport0[12] to constant 0
INFO: [Synth 8-3295] tying undriven pin inst:sl_iport0[11] to constant 0
INFO: [Synth 8-3295] tying undriven pin inst:sl_iport0[10] to constant 0
INFO: [Synth 8-3295] tying undriven pin inst:sl_iport0[9] to constant 0
INFO: [Synth 8-3295] tying undriven pin inst:sl_iport0[8] to constant 0
INFO: [Synth 8-3295] tying undriven pin inst:sl_iport0[7] to constant 0
INFO: [Synth 8-3295] tying undriven pin inst:sl_iport0[6] to constant 0
INFO: [Synth 8-3295] tying undriven pin inst:sl_iport0[5] to constant 0
INFO: [Synth 8-3295] tying undriven pin inst:sl_iport0[4] to constant 0
INFO: [Synth 8-3295] tying undriven pin inst:sl_iport0[3] to constant 0
INFO: [Synth 8-3295] tying undriven pin inst:sl_iport0[2] to constant 0
INFO: [Synth 8-3295] tying undriven pin inst:sl_iport0[1] to constant 0
INFO: [Synth 8-3295] tying undriven pin inst:sl_iport0[0] to constant 0
INFO: [Synth 8-3295] tying undriven pin inst:trig_out_ack to constant 0
---------------------------------------------------------------------------------
Finished IO Insertion : Time (s): cpu = 00:01:17 ; elapsed = 00:01:20 . Memory (MB): peak = 3109.164 ; gain = 417.199 ; free physical = 4478 ; free virtual = 33410
---------------------------------------------------------------------------------
---------------------------------------------------------------------------------
Start Renaming Generated Instances
---------------------------------------------------------------------------------
---------------------------------------------------------------------------------
Finished Renaming Generated Instances : Time (s): cpu = 00:01:17 ; elapsed = 00:01:20 . Memory (MB): peak = 3109.164 ; gain = 417.199 ; free physical = 4478 ; free virtual = 33410
---------------------------------------------------------------------------------
---------------------------------------------------------------------------------
Start Rebuilding User Hierarchy
---------------------------------------------------------------------------------
---------------------------------------------------------------------------------
Finished Rebuilding User Hierarchy : Time (s): cpu = 00:01:17 ; elapsed = 00:01:20 . Memory (MB): peak = 3109.164 ; gain = 417.199 ; free physical = 4478 ; free virtual = 33410
---------------------------------------------------------------------------------
---------------------------------------------------------------------------------
Start Renaming Generated Ports
---------------------------------------------------------------------------------
---------------------------------------------------------------------------------
Finished Renaming Generated Ports : Time (s): cpu = 00:01:17 ; elapsed = 00:01:20 . Memory (MB): peak = 3109.164 ; gain = 417.199 ; free physical = 4478 ; free virtual = 33410
---------------------------------------------------------------------------------
---------------------------------------------------------------------------------
Start Handling Custom Attributes
---------------------------------------------------------------------------------
---------------------------------------------------------------------------------
Finished Handling Custom Attributes : Time (s): cpu = 00:01:17 ; elapsed = 00:01:20 . Memory (MB): peak = 3109.164 ; gain = 417.199 ; free physical = 4478 ; free virtual = 33410
---------------------------------------------------------------------------------
---------------------------------------------------------------------------------
Start Renaming Generated Nets
---------------------------------------------------------------------------------
---------------------------------------------------------------------------------
Finished Renaming Generated Nets : Time (s): cpu = 00:01:17 ; elapsed = 00:01:20 . Memory (MB): peak = 3109.164 ; gain = 417.199 ; free physical = 4478 ; free virtual = 33410
---------------------------------------------------------------------------------
---------------------------------------------------------------------------------
Start Writing Synthesis Report
---------------------------------------------------------------------------------

Report BlackBoxes: 
+-+--------------+----------+
| |BlackBox name |Instances |
+-+--------------+----------+
+-+--------------+----------+

Report Cell Usage: 
+------+-----------+------+
|      |Cell       |Count |
+------+-----------+------+
|1     |BUFG       |     1|
|2     |BUFIO      |     1|
|3     |BUFR       |     1|
|4     |CARRY4     |   104|
|5     |CFGLUT5    |   230|
|6     |IDELAYCTRL |     1|
|7     |IDELAYE2   |     3|
|8     |ISERDESE2  |     6|
|10    |LUT1       |   111|
|11    |LUT2       |   212|
|12    |LUT3       |   325|
|13    |LUT4       |   472|
|14    |LUT5       |   316|
|15    |LUT6       |  1398|
|16    |MMCME2_ADV |     1|
|17    |MUXF7      |    55|
|18    |MUXF8      |     8|
|19    |RAM32M     |     6|
|20    |RAMB18E1   |     1|
|21    |RAMB36E1   |     2|
|22    |SRL16E     |    42|
|23    |SRLC16E    |     4|
|24    |SRLC32E    |    34|
|25    |FDCE       |    12|
|26    |FDPE       |    20|
|27    |FDRE       |  4067|
|28    |FDSE       |    32|
|29    |IBUFDS     |     4|
+------+-----------+------+
---------------------------------------------------------------------------------
Finished Writing Synthesis Report : Time (s): cpu = 00:01:17 ; elapsed = 00:01:20 . Memory (MB): peak = 3109.164 ; gain = 417.199 ; free physical = 4478 ; free virtual = 33410
---------------------------------------------------------------------------------
Synthesis finished with 0 errors, 0 critical warnings and 2526 warnings.
Synthesis Optimization Runtime : Time (s): cpu = 00:01:12 ; elapsed = 00:01:15 . Memory (MB): peak = 3109.164 ; gain = 353.168 ; free physical = 4528 ; free virtual = 33460
Synthesis Optimization Complete : Time (s): cpu = 00:01:17 ; elapsed = 00:01:20 . Memory (MB): peak = 3109.164 ; gain = 417.199 ; free physical = 4528 ; free virtual = 33460
INFO: [Project 1-571] Translating synthesized netlist
Netlist sorting complete. Time (s): cpu = 00:00:00.06 ; elapsed = 00:00:00.07 . Memory (MB): peak = 3109.164 ; gain = 0.000 ; free physical = 4617 ; free virtual = 33549
INFO: [Netlist 29-17] Analyzing 421 Unisim elements for replacement
INFO: [Netlist 29-28] Unisim Transformation completed in 0 CPU seconds
INFO: [Project 1-570] Preparing netlist for logic optimization
INFO: [Opt 31-138] Pushed 3 inverter(s) to 6 load pin(s).
Netlist sorting complete. Time (s): cpu = 00:00:00 ; elapsed = 00:00:00 . Memory (MB): peak = 3109.164 ; gain = 0.000 ; free physical = 4555 ; free virtual = 33488
INFO: [Project 1-111] Unisim Transformation Summary:
  A total of 236 instances were transformed.
  CFGLUT5 => CFGLUT5 (SRL16E, SRLC32E): 192 instances
  CFGLUT5 => SRLC32E: 38 instances
  RAM32M => RAM32M (RAMD32(x6), RAMS32(x2)): 6 instances

Synth Design complete, checksum: eeed412a
INFO: [Common 17-83] Releasing license: Synthesis
221 Infos, 126 Warnings, 0 Critical Warnings and 0 Errors encountered.
synth_design completed successfully
synth_design: Time (s): cpu = 00:01:26 ; elapsed = 00:01:25 . Memory (MB): peak = 3109.164 ; gain = 417.492 ; free physical = 4765 ; free virtual = 33697
INFO: [Common 17-1381] The checkpoint '/home/lsriw/SR/LechowiczMarek/hdmi_vga_zybo/hdmi_vga_zybo.runs/hdmi_vga_dvi2rgb_0_0_synth_1/hdmi_vga_dvi2rgb_0_0.dcp' has been generated.
INFO: [Coretcl 2-1648] Added synthesis output to IP cache for IP hdmi_vga_dvi2rgb_0_0, cache-ID = bf69637cc68a4909
INFO: [Coretcl 2-1174] Renamed 398 cell refs.
INFO: [Common 17-1381] The checkpoint '/home/lsriw/SR/LechowiczMarek/hdmi_vga_zybo/hdmi_vga_zybo.runs/hdmi_vga_dvi2rgb_0_0_synth_1/hdmi_vga_dvi2rgb_0_0.dcp' has been generated.
INFO: [runtcl-4] Executing : report_utilization -file hdmi_vga_dvi2rgb_0_0_utilization_synth.rpt -pb hdmi_vga_dvi2rgb_0_0_utilization_synth.pb
INFO: [Common 17-206] Exiting Vivado at Mon Mar 28 15:25:42 2022...
