#-----------------------------------------------------------
# Vivado v2021.2 (64-bit)
# SW Build 3367213 on Tue Oct 19 02:48:09 MDT 2021
# IP Build 3369179 on Thu Oct 21 08:25:16 MDT 2021
# Start of session at: Fri Apr 22 23:33:08 2022
# Process ID: 21060
# Current directory: D:/studia_zadania/Systemy_Rekonfigurowalne/lab6/hdmi_vga_zybo
# Command line: vivado.exe -gui_launcher_event rodinguilauncherevent8020 D:\studia_zadania\Systemy_Rekonfigurowalne\lab6\hdmi_vga_zybo\hdmi_vga_zybo.xpr
# Log file: D:/studia_zadania/Systemy_Rekonfigurowalne/lab6/hdmi_vga_zybo/vivado.log
# Journal file: D:/studia_zadania/Systemy_Rekonfigurowalne/lab6/hdmi_vga_zybo\vivado.jou
# Running On: DESKTOP-948FMA1, OS: Windows, CPU Frequency: 2592 MHz, CPU Physical cores: 4, Host memory: 17053 MB
#-----------------------------------------------------------
start_gui
open_project D:/studia_zadania/Systemy_Rekonfigurowalne/lab6/hdmi_vga_zybo/hdmi_vga_zybo.xpr
WARNING: [Board 49-26] cannot add Board Part xilinx.com:kc705:part0:1.6 available at C:/Xilinx/Vivado/2021.2/data/xhub/boards/XilinxBoardStore/boards/Xilinx/kc705/1.6/board.xml as part xc7k325tffg900-2 specified in board_part file is either invalid or not available
WARNING: [Board 49-26] cannot add Board Part xilinx.com:kcu105:part0:1.6 available at C:/Xilinx/Vivado/2021.2/data/xhub/boards/XilinxBoardStore/boards/Xilinx/kcu105/1.6/board.xml as part xcku040-ffva1156-2-e specified in board_part file is either invalid or not available
WARNING: [Board 49-26] cannot add Board Part xilinx.com:kcu105:part0:1.7 available at C:/Xilinx/Vivado/2021.2/data/xhub/boards/XilinxBoardStore/boards/Xilinx/kcu105/1.7/board.xml as part xcku040-ffva1156-2-e specified in board_part file is either invalid or not available
WARNING: [Board 49-26] cannot add Board Part xilinx.com:kcu1500:part0:1.2 available at C:/Xilinx/Vivado/2021.2/data/xhub/boards/XilinxBoardStore/boards/Xilinx/kcu1500/1.2/board.xml as part xcku115-flvb2104-2-e specified in board_part file is either invalid or not available
WARNING: [Board 49-26] cannot add Board Part xilinx.com:vc707:part0:1.4 available at C:/Xilinx/Vivado/2021.2/data/xhub/boards/XilinxBoardStore/boards/Xilinx/vc707/1.4/board.xml as part xc7vx485tffg1761-2 specified in board_part file is either invalid or not available
WARNING: [Board 49-26] cannot add Board Part xilinx.com:vc709:part0:1.8 available at C:/Xilinx/Vivado/2021.2/data/xhub/boards/XilinxBoardStore/boards/Xilinx/vc709/1.8/board.xml as part xc7vx690tffg1761-2 specified in board_part file is either invalid or not available
WARNING: [Board 49-26] cannot add Board Part xilinx.com:vck190:part0:2.2 available at C:/Xilinx/Vivado/2021.2/data/xhub/boards/XilinxBoardStore/boards/Xilinx/vck190/production/2.2/board.xml as part xcvc1902-vsva2197-2mp-e-s specified in board_part file is either invalid or not available
WARNING: [Board 49-26] cannot add Board Part xilinx.com:vck190_es:part0:1.3 available at C:/Xilinx/Vivado/2021.2/data/xhub/boards/XilinxBoardStore/boards/Xilinx/vck190/es/1.3/board.xml as part xcvc1902-vsva2197-2mp-e-s-es1 specified in board_part file is either invalid or not available
WARNING: [Board 49-26] cannot add Board Part xilinx.com:vcu108:part0:1.6 available at C:/Xilinx/Vivado/2021.2/data/xhub/boards/XilinxBoardStore/boards/Xilinx/vcu108/1.6/board.xml as part xcvu095-ffva2104-2-e specified in board_part file is either invalid or not available
WARNING: [Board 49-26] cannot add Board Part xilinx.com:vcu108:part0:1.7 available at C:/Xilinx/Vivado/2021.2/data/xhub/boards/XilinxBoardStore/boards/Xilinx/vcu108/1.7/board.xml as part xcvu095-ffva2104-2-e specified in board_part file is either invalid or not available
WARNING: [Board 49-26] cannot add Board Part xilinx.com:vcu110:part0:1.4 available at C:/Xilinx/Vivado/2021.2/data/xhub/boards/XilinxBoardStore/boards/Xilinx/vcu110/1.4/board.xml as part xcvu190-flgc2104-2-e specified in board_part file is either invalid or not available
WARNING: [Board 49-26] cannot add Board Part xilinx.com:vcu118:part0:2.0 available at C:/Xilinx/Vivado/2021.2/data/xhub/boards/XilinxBoardStore/boards/Xilinx/vcu118/2.0/board.xml as part xcvu9p-flga2104-2l-e specified in board_part file is either invalid or not available
WARNING: [Board 49-26] cannot add Board Part xilinx.com:vcu118:part0:2.3 available at C:/Xilinx/Vivado/2021.2/data/xhub/boards/XilinxBoardStore/boards/Xilinx/vcu118/2.3/board.xml as part xcvu9p-flga2104-2l-e specified in board_part file is either invalid or not available
WARNING: [Board 49-26] cannot add Board Part xilinx.com:vcu118:part0:2.4 available at C:/Xilinx/Vivado/2021.2/data/xhub/boards/XilinxBoardStore/boards/Xilinx/vcu118/2.4/board.xml as part xcvu9p-flga2104-2l-e specified in board_part file is either invalid or not available
WARNING: [Board 49-26] cannot add Board Part xilinx.com:vcu128:part0:1.0 available at C:/Xilinx/Vivado/2021.2/data/xhub/boards/XilinxBoardStore/boards/Xilinx/vcu128/production/1.0/board.xml as part xcvu37p-fsvh2892-2l-e specified in board_part file is either invalid or not available
WARNING: [Board 49-26] cannot add Board Part xilinx.com:vcu129:part0:1.0 available at C:/Xilinx/Vivado/2021.2/data/xhub/boards/XilinxBoardStore/boards/Xilinx/vcu129/production/1.0/board.xml as part xcvu29p-fsga2577-2l-e specified in board_part file is either invalid or not available
WARNING: [Board 49-26] cannot add Board Part xilinx.com:vcu1525:part0:1.3 available at C:/Xilinx/Vivado/2021.2/data/xhub/boards/XilinxBoardStore/boards/Xilinx/vcu1525/1.3/board.xml as part xcvu9p-fsgd2104-2l-e specified in board_part file is either invalid or not available
WARNING: [Board 49-26] cannot add Board Part xilinx.com:vermeo_t1_mpsoc:part0:1.0 available at C:/Xilinx/Vivado/2021.2/data/xhub/boards/XilinxBoardStore/boards/Xilinx/vermeo_t1_mpsoc/1.0/board.xml as part xczu19eg-ffvd1760-2l-e specified in board_part file is either invalid or not available
WARNING: [Board 49-26] cannot add Board Part xilinx.com:vermeo_t1_rfsoc:part0:1.0 available at C:/Xilinx/Vivado/2021.2/data/xhub/boards/XilinxBoardStore/boards/Xilinx/vermeo_t1_rfsoc/1.0/board.xml as part xczu21dr-ffvd1156-2l-e specified in board_part file is either invalid or not available
WARNING: [Board 49-26] cannot add Board Part xilinx.com:vmk180:part0:2.2 available at C:/Xilinx/Vivado/2021.2/data/xhub/boards/XilinxBoardStore/boards/Xilinx/vmk180/production/2.2/board.xml as part xcvm1802-vsva2197-2mp-e-s specified in board_part file is either invalid or not available
WARNING: [Board 49-26] cannot add Board Part xilinx.com:vmk180_es:part0:1.3 available at C:/Xilinx/Vivado/2021.2/data/xhub/boards/XilinxBoardStore/boards/Xilinx/vmk180/es/1.3/board.xml as part xcvm1802-vsva2197-2mp-e-s-es1 specified in board_part file is either invalid or not available
WARNING: [Board 49-26] cannot add Board Part xilinx.com:vpk120_es:part0:1.2 available at C:/Xilinx/Vivado/2021.2/data/xhub/boards/XilinxBoardStore/boards/Xilinx/vpk120/es/1.2/board.xml as part xcvp1202-vsva2785-2mp-e-s-es1 specified in board_part file is either invalid or not available
WARNING: [Board 49-26] cannot add Board Part xilinx.com:zc706:part0:1.4 available at C:/Xilinx/Vivado/2021.2/data/xhub/boards/XilinxBoardStore/boards/Xilinx/zc706/1.4/board.xml as part xc7z045ffg900-2 specified in board_part file is either invalid or not available
WARNING: [Board 49-26] cannot add Board Part xilinx.com:zcu102:part0:3.3 available at C:/Xilinx/Vivado/2021.2/data/xhub/boards/XilinxBoardStore/boards/Xilinx/zcu102/3.3/board.xml as part xczu9eg-ffvb1156-2-e specified in board_part file is either invalid or not available
WARNING: [Board 49-26] cannot add Board Part xilinx.com:zcu102:part0:3.4 available at C:/Xilinx/Vivado/2021.2/data/xhub/boards/XilinxBoardStore/boards/Xilinx/zcu102/3.4/board.xml as part xczu9eg-ffvb1156-2-e specified in board_part file is either invalid or not available
WARNING: [Board 49-26] cannot add Board Part xilinx.com:zcu111:part0:1.2 available at C:/Xilinx/Vivado/2021.2/data/xhub/boards/XilinxBoardStore/boards/Xilinx/zcu111/1.2/board.xml as part xczu28dr-ffvg1517-2-e specified in board_part file is either invalid or not available
WARNING: [Board 49-26] cannot add Board Part xilinx.com:zcu111:part0:1.3 available at C:/Xilinx/Vivado/2021.2/data/xhub/boards/XilinxBoardStore/boards/Xilinx/zcu111/1.3/board.xml as part xczu28dr-ffvg1517-2-e specified in board_part file is either invalid or not available
WARNING: [Board 49-26] cannot add Board Part xilinx.com:zcu111:part0:1.4 available at C:/Xilinx/Vivado/2021.2/data/xhub/boards/XilinxBoardStore/boards/Xilinx/zcu111/1.4/board.xml as part xczu28dr-ffvg1517-2-e specified in board_part file is either invalid or not available
WARNING: [Board 49-26] cannot add Board Part xilinx.com:zcu1275:part0:1.0 available at C:/Xilinx/Vivado/2021.2/data/xhub/boards/XilinxBoardStore/boards/Xilinx/zcu1275/1.0/board.xml as part xczu29dr-ffvf1760-2-e specified in board_part file is either invalid or not available
WARNING: [Board 49-26] cannot add Board Part xilinx.com:zcu1285:part0:1.0 available at C:/Xilinx/Vivado/2021.2/data/xhub/boards/XilinxBoardStore/boards/Xilinx/zcu1285/1.0/board.xml as part xczu39dr-ffvf1760-2-i specified in board_part file is either invalid or not available
WARNING: [Board 49-26] cannot add Board Part xilinx.com:zcu208:part0:2.0 available at C:/Xilinx/Vivado/2021.2/data/xhub/boards/XilinxBoardStore/boards/Xilinx/zcu208/production/2.0/board.xml as part xczu48dr-fsvg1517-2-e specified in board_part file is either invalid or not available
WARNING: [Board 49-26] cannot add Board Part xilinx.com:zcu208_es:part0:1.0 available at C:/Xilinx/Vivado/2021.2/data/xhub/boards/XilinxBoardStore/boards/Xilinx/zcu208/es/1.0/board.xml as part xczu48dr-fsvg1517-2-e-es1 specified in board_part file is either invalid or not available
WARNING: [Board 49-26] cannot add Board Part xilinx.com:zcu208_es:part0:1.1 available at C:/Xilinx/Vivado/2021.2/data/xhub/boards/XilinxBoardStore/boards/Xilinx/zcu208/es/1.1/board.xml as part xczu48dr-fsvg1517-2-e-es1 specified in board_part file is either invalid or not available
WARNING: [Board 49-26] cannot add Board Part xilinx.com:zcu208_es:part0:1.2 available at C:/Xilinx/Vivado/2021.2/data/xhub/boards/XilinxBoardStore/boards/Xilinx/zcu208/es/1.2/board.xml as part xczu48dr-fsvg1517-2-e-es1 specified in board_part file is either invalid or not available
WARNING: [Board 49-26] cannot add Board Part xilinx.com:zcu208ld:part0:2.0 available at C:/Xilinx/Vivado/2021.2/data/xhub/boards/XilinxBoardStore/boards/Xilinx/zcu208ld/production/2.0/board.xml as part xczu58dr-fsvg1517-2-i specified in board_part file is either invalid or not available
WARNING: [Board 49-26] cannot add Board Part xilinx.com:zcu208ld_es:part0:1.0 available at C:/Xilinx/Vivado/2021.2/data/xhub/boards/XilinxBoardStore/boards/Xilinx/zcu208ld/es/1.0/board.xml as part xczu58dr-fsvg1517-2-i-es1 specified in board_part file is either invalid or not available
WARNING: [Board 49-26] cannot add Board Part xilinx.com:zcu216:part0:2.0 available at C:/Xilinx/Vivado/2021.2/data/xhub/boards/XilinxBoardStore/boards/Xilinx/zcu216/production/2.0/board.xml as part xczu49dr-ffvf1760-2-e specified in board_part file is either invalid or not available
WARNING: [Board 49-26] cannot add Board Part xilinx.com:zcu216_es:part0:1.0 available at C:/Xilinx/Vivado/2021.2/data/xhub/boards/XilinxBoardStore/boards/Xilinx/zcu216/es/1.0/board.xml as part xczu49dr-ffvf1760-2-e-es1 specified in board_part file is either invalid or not available
WARNING: [Board 49-26] cannot add Board Part xilinx.com:zcu216_es:part0:1.1 available at C:/Xilinx/Vivado/2021.2/data/xhub/boards/XilinxBoardStore/boards/Xilinx/zcu216/es/1.1/board.xml as part xczu49dr-ffvf1760-2-e-es1 specified in board_part file is either invalid or not available
WARNING: [Board 49-26] cannot add Board Part xilinx.com:zcu216_es:part0:1.2 available at C:/Xilinx/Vivado/2021.2/data/xhub/boards/XilinxBoardStore/boards/Xilinx/zcu216/es/1.2/board.xml as part xczu49dr-ffvf1760-2-e-es1 specified in board_part file is either invalid or not available
WARNING: [Board 49-26] cannot add Board Part xilinx.com:zcu216ld:part0:2.0 available at C:/Xilinx/Vivado/2021.2/data/xhub/boards/XilinxBoardStore/boards/Xilinx/zcu216ld/production/2.0/board.xml as part xczu59dr-ffvf1760-2-i specified in board_part file is either invalid or not available
WARNING: [Board 49-26] cannot add Board Part xilinx.com:zcu216ld_es:part0:1.0 available at C:/Xilinx/Vivado/2021.2/data/xhub/boards/XilinxBoardStore/boards/Xilinx/zcu216ld/es/1.0/board.xml as part xczu59dr-ffvf1760-2-i-es1 specified in board_part file is either invalid or not available
WARNING: [Board 49-26] cannot add Board Part xilinx.com:zcu670:part0:1.0 available at C:/Xilinx/Vivado/2021.2/data/xhub/boards/XilinxBoardStore/boards/Xilinx/zcu670/1.0/board.xml as part xczu67dr-fsve1156-2-i specified in board_part file is either invalid or not available
INFO: [Project 1-313] Project file moved from 'D:/studia_zadania/SR/Systemy_Rekonfigurowalne/lab5/hdmi_vga_zybo' since last save.
INFO: [filemgmt 56-1] IP Repository Path: Directory not found as 'D:/studia_zadania/Systemy_Rekonfigurowalne/lab6/vivado-library'; using path 'D:/studia_zadania/SR/Systemy_Rekonfigurowalne/lab5/vivado-library' instead.
WARNING: [Project 1-312] File not found as 'D:/studia_zadania/Systemy_Rekonfigurowalne/lab6/hdmi_vga_zybo_src/lut.coe'; using path 'D:/studia_zadania/SR/Systemy_Rekonfigurowalne/lab5/hdmi_vga_zybo_src/lut.coe' instead.
Scanning sources...
Finished scanning sources
INFO: [IP_Flow 19-234] Refreshing IP repositories
INFO: [IP_Flow 19-1700] Loaded user IP repository 'd:/studia_zadania/SR/Systemy_Rekonfigurowalne/lab5/vivado-library'.
INFO: [IP_Flow 19-2313] Loaded Vivado IP repository 'C:/Xilinx/Vivado/2021.2/data/ip'.
open_project: Time (s): cpu = 00:00:22 ; elapsed = 00:00:11 . Memory (MB): peak = 1250.254 ; gain = 0.000
update_compile_order -fileset sources_1
set_property  ip_repo_paths  {d:/studia_zadania/SR/Systemy_Rekonfigurowalne/lab5/vivado-library D:/studia_zadania/SR/ip_repo} [current_project]
update_ip_catalog
INFO: [IP_Flow 19-234] Refreshing IP repositories
INFO: [IP_Flow 19-1700] Loaded user IP repository 'd:/studia_zadania/SR/Systemy_Rekonfigurowalne/lab5/vivado-library'.
INFO: [IP_Flow 19-1700] Loaded user IP repository 'd:/studia_zadania/SR/ip_repo'.
create_ip -name rgb2ycbcr -vendor xilinx.com -library user -version 1.0 -module_name rgb2ycbcr_0
generate_target {instantiation_template} [get_files d:/studia_zadania/Systemy_Rekonfigurowalne/lab6/hdmi_vga_zybo/hdmi_vga_zybo.srcs/sources_1/ip/rgb2ycbcr_0/rgb2ycbcr_0.xci]
INFO: [IP_Flow 19-1686] Generating 'Instantiation Template' target for IP 'rgb2ycbcr_0'...
update_compile_order -fileset sources_1
set_property generate_synth_checkpoint false [get_files  d:/studia_zadania/Systemy_Rekonfigurowalne/lab6/hdmi_vga_zybo/hdmi_vga_zybo.srcs/sources_1/ip/rgb2ycbcr_0/rgb2ycbcr_0.xci]
generate_target all [get_files  d:/studia_zadania/Systemy_Rekonfigurowalne/lab6/hdmi_vga_zybo/hdmi_vga_zybo.srcs/sources_1/ip/rgb2ycbcr_0/rgb2ycbcr_0.xci]
INFO: [IP_Flow 19-1686] Generating 'Instantiation Template' target for IP 'rgb2ycbcr_0'...
INFO: [IP_Flow 19-1686] Generating 'Synthesis' target for IP 'rgb2ycbcr_0'...
INFO: [IP_Flow 19-1686] Generating 'Simulation' target for IP 'rgb2ycbcr_0'...
INFO: [IP_Flow 19-1686] Generating 'Test Bench' target for IP 'rgb2ycbcr_0'...
export_ip_user_files -of_objects [get_files d:/studia_zadania/Systemy_Rekonfigurowalne/lab6/hdmi_vga_zybo/hdmi_vga_zybo.srcs/sources_1/ip/rgb2ycbcr_0/rgb2ycbcr_0.xci] -no_script -sync -force -quiet
export_simulation -of_objects [get_files d:/studia_zadania/Systemy_Rekonfigurowalne/lab6/hdmi_vga_zybo/hdmi_vga_zybo.srcs/sources_1/ip/rgb2ycbcr_0/rgb2ycbcr_0.xci] -directory D:/studia_zadania/Systemy_Rekonfigurowalne/lab6/hdmi_vga_zybo/hdmi_vga_zybo.ip_user_files/sim_scripts -ip_user_files_dir D:/studia_zadania/Systemy_Rekonfigurowalne/lab6/hdmi_vga_zybo/hdmi_vga_zybo.ip_user_files -ipstatic_source_dir D:/studia_zadania/Systemy_Rekonfigurowalne/lab6/hdmi_vga_zybo/hdmi_vga_zybo.ip_user_files/ipstatic -lib_map_path [list {modelsim=D:/studia_zadania/Systemy_Rekonfigurowalne/lab6/hdmi_vga_zybo/hdmi_vga_zybo.cache/compile_simlib/modelsim} {questa=D:/studia_zadania/Systemy_Rekonfigurowalne/lab6/hdmi_vga_zybo/hdmi_vga_zybo.cache/compile_simlib/questa} {riviera=D:/studia_zadania/Systemy_Rekonfigurowalne/lab6/hdmi_vga_zybo/hdmi_vga_zybo.cache/compile_simlib/riviera} {activehdl=D:/studia_zadania/Systemy_Rekonfigurowalne/lab6/hdmi_vga_zybo/hdmi_vga_zybo.cache/compile_simlib/activehdl}] -use_ip_compiled_libs -force -quiet
launch_simulation
Command: launch_simulation 
INFO: [Vivado 12-12493] Simulation top is 'tb_hdmi'
INFO: [Vivado 12-12490] The selected simulation model for 'rgb2ycbcr_0' IP changed to 'rtl' from '', the simulation run directory will be deleted.
WARNING: [Vivado 12-12986] Compiled library path does not exist: ''
INFO: [Runs 36-567] Checking/generating simulation output products for IPs/BDs (if any)...
INFO: [Vivado 12-5682] Launching behavioral simulation in 'D:/studia_zadania/Systemy_Rekonfigurowalne/lab6/hdmi_vga_zybo/hdmi_vga_zybo.sim/sim_1/behav/xsim'
INFO: [Vivado 12-4795] Using compiled simulation libraries for IPs
INFO: [SIM-utils-51] Simulation object is 'sim_1'
INFO: [SIM-utils-72] Using boost library from 'C:/Xilinx/Vivado/2021.2/tps/boost_1_72_0'
INFO: [USF-XSim-7] Finding pre-compiled libraries...
INFO: [USF-XSim-11] File 'C:/Xilinx/Vivado/2021.2/data/xsim/xsim.ini' copied to run dir:'D:/studia_zadania/Systemy_Rekonfigurowalne/lab6/hdmi_vga_zybo/hdmi_vga_zybo.sim/sim_1/behav/xsim'
INFO: [SIM-utils-20] The project contains locked or custom IPs. The pre-compiled version of these IPs will not be referenced and the sources from these IP libraries will be compiled locally.
INFO: [SIM-utils-54] Inspecting design source files for 'tb_hdmi' in fileset 'sim_1'...
INFO: [SIM-utils-43] Exported 'D:/studia_zadania/Systemy_Rekonfigurowalne/lab6/hdmi_vga_zybo/hdmi_vga_zybo.sim/sim_1/behav/xsim/dist_mem_gen_0.mif'
INFO: [SIM-utils-43] Exported 'D:/studia_zadania/Systemy_Rekonfigurowalne/lab6/hdmi_vga_zybo/hdmi_vga_zybo.sim/sim_1/behav/xsim/lut.coe'
INFO: [SIM-utils-43] Exported 'D:/studia_zadania/Systemy_Rekonfigurowalne/lab6/hdmi_vga_zybo/hdmi_vga_zybo.sim/sim_1/behav/xsim/lut.coe'
INFO: [USF-XSim-97] Finding global include files...
INFO: [USF-XSim-98] Fetching design files from 'sim_1'...
INFO: [USF-XSim-2] XSim::Compile design
INFO: [USF-XSim-61] Executing 'COMPILE and ANALYZE' step in 'D:/studia_zadania/Systemy_Rekonfigurowalne/lab6/hdmi_vga_zybo/hdmi_vga_zybo.sim/sim_1/behav/xsim'
"xvlog --incr --relax -prj tb_hdmi_vlog.prj"
INFO: [VRFC 10-2263] Analyzing Verilog file "D:/studia_zadania/Systemy_Rekonfigurowalne/lab6/hdmi_vga_zybo/hdmi_vga_zybo.gen/sources_1/ip/rgb2ycbcr_0/src/delay_module.v" into library xil_defaultlib
INFO: [VRFC 10-311] analyzing module single_delay
INFO: [VRFC 10-311] analyzing module delay_module
INFO: [VRFC 10-2263] Analyzing Verilog file "D:/studia_zadania/Systemy_Rekonfigurowalne/lab6/hdmi_vga_zybo/hdmi_vga_zybo.gen/sources_1/ip/rgb2ycbcr_0/src/rgb2ycbcr.v" into library xil_defaultlib
INFO: [VRFC 10-311] analyzing module rgb2ycbcr
INFO: [VRFC 10-2263] Analyzing Verilog file "D:/studia_zadania/Systemy_Rekonfigurowalne/lab6/hdmi_vga_zybo/hdmi_vga_zybo.gen/sources_1/ip/rgb2ycbcr_0/sim/rgb2ycbcr_0.v" into library xil_defaultlib
INFO: [VRFC 10-311] analyzing module rgb2ycbcr_0
INFO: [VRFC 10-2263] Analyzing Verilog file "D:/studia_zadania/Systemy_Rekonfigurowalne/lab6/hdmi_vga_zybo/hdmi_vga_zybo.srcs/sources_1/imports/tb_src/hdmi_in.v" into library xil_defaultlib
INFO: [VRFC 10-311] analyzing module hdmi_in
INFO: [VRFC 10-2263] Analyzing Verilog file "D:/studia_zadania/Systemy_Rekonfigurowalne/lab6/hdmi_vga_zybo/hdmi_vga_zybo.srcs/sources_1/imports/tb_src/hdmi_out.v" into library xil_defaultlib
INFO: [VRFC 10-311] analyzing module hdmi_out
INFO: [VRFC 10-2263] Analyzing Verilog file "D:/studia_zadania/Systemy_Rekonfigurowalne/lab6/hdmi_vga_zybo/hdmi_vga_zybo.srcs/sources_1/new/vp.v" into library xil_defaultlib
INFO: [VRFC 10-311] analyzing module vp
INFO: [VRFC 10-2263] Analyzing Verilog file "D:/studia_zadania/Systemy_Rekonfigurowalne/lab6/hdmi_vga_zybo/hdmi_vga_zybo.srcs/sim_1/imports/tb_src/tb_hdmi.v" into library xil_defaultlib
INFO: [VRFC 10-311] analyzing module tb_hdmi
INFO: [VRFC 10-2263] Analyzing Verilog file "D:/studia_zadania/Systemy_Rekonfigurowalne/lab6/hdmi_vga_zybo/hdmi_vga_zybo.sim/sim_1/behav/xsim/glbl.v" into library xil_defaultlib
INFO: [VRFC 10-311] analyzing module glbl
"xvhdl --incr --relax -prj tb_hdmi_vhdl.prj"
INFO: [VRFC 10-163] Analyzing VHDL file "D:/studia_zadania/Systemy_Rekonfigurowalne/lab6/hdmi_vga_zybo/hdmi_vga_zybo.ip_user_files/ipstatic/hdl/xbip_utils_v3_0_vh_rfs.vhd" into library xbip_utils_v3_0_10
INFO: [VRFC 10-163] Analyzing VHDL file "D:/studia_zadania/Systemy_Rekonfigurowalne/lab6/hdmi_vga_zybo/hdmi_vga_zybo.ip_user_files/ipstatic/hdl/c_reg_fd_v12_0_vh_rfs.vhd" into library c_reg_fd_v12_0_6
INFO: [VRFC 10-3107] analyzing entity 'c_reg_fd_v12_0_6_viv'
INFO: [VRFC 10-3107] analyzing entity 'c_reg_fd_v12_0_6'
INFO: [VRFC 10-163] Analyzing VHDL file "D:/studia_zadania/Systemy_Rekonfigurowalne/lab6/hdmi_vga_zybo/hdmi_vga_zybo.ip_user_files/ipstatic/hdl/xbip_dsp48_wrapper_v3_0_vh_rfs.vhd" into library xbip_dsp48_wrapper_v3_0_4
INFO: [VRFC 10-3107] analyzing entity 'xbip_dsp48a_wrapper_v3_0'
INFO: [VRFC 10-3107] analyzing entity 'xbip_dsp48a1_wrapper_v3_0'
INFO: [VRFC 10-3107] analyzing entity 'xbip_dsp48e_wrapper_v3_0'
INFO: [VRFC 10-3107] analyzing entity 'xbip_dsp48e1_wrapper_v3_0'
INFO: [VRFC 10-3107] analyzing entity 'xbip_dsp48e2_wrapper_v3_0'
INFO: [VRFC 10-3107] analyzing entity 'xbip_dsp58e5_wrapper_v3_0'
INFO: [VRFC 10-3107] analyzing entity 'xbip_dsp48_wrapper_v3_0_4'
INFO: [VRFC 10-163] Analyzing VHDL file "D:/studia_zadania/Systemy_Rekonfigurowalne/lab6/hdmi_vga_zybo/hdmi_vga_zybo.ip_user_files/ipstatic/hdl/xbip_pipe_v3_0_vh_rfs.vhd" into library xbip_pipe_v3_0_6
INFO: [VRFC 10-3107] analyzing entity 'xbip_pipe_v3_0_6_viv'
INFO: [VRFC 10-3107] analyzing entity 'xbip_pipe_v3_0_6'
INFO: [VRFC 10-163] Analyzing VHDL file "D:/studia_zadania/Systemy_Rekonfigurowalne/lab6/hdmi_vga_zybo/hdmi_vga_zybo.ip_user_files/ipstatic/hdl/xbip_dsp48_addsub_v3_0_vh_rfs.vhd" into library xbip_dsp48_addsub_v3_0_6
INFO: [VRFC 10-3107] analyzing entity 'xbip_dsp48_addsub_rtl'
INFO: [VRFC 10-3107] analyzing entity 'xbip_dsp48_addsub_synth'
INFO: [VRFC 10-3107] analyzing entity 'xbip_dsp48_addsub_v3_0_6_viv'
INFO: [VRFC 10-3107] analyzing entity 'xbip_dsp48_addsub_v3_0_6'
INFO: [VRFC 10-163] Analyzing VHDL file "D:/studia_zadania/Systemy_Rekonfigurowalne/lab6/hdmi_vga_zybo/hdmi_vga_zybo.ip_user_files/ipstatic/hdl/xbip_addsub_v3_0_vh_rfs.vhd" into library xbip_addsub_v3_0_6
INFO: [VRFC 10-3107] analyzing entity 'xbip_addsub_v3_0_6_viv'
INFO: [VRFC 10-3107] analyzing entity 'xbip_addsub_v3_0_6'
INFO: [VRFC 10-163] Analyzing VHDL file "D:/studia_zadania/Systemy_Rekonfigurowalne/lab6/hdmi_vga_zybo/hdmi_vga_zybo.ip_user_files/ipstatic/hdl/c_addsub_v12_0_vh_rfs.vhd" into library c_addsub_v12_0_14
INFO: [VRFC 10-3107] analyzing entity 'c_addsub_v12_0_14_lut6_legacy'
INFO: [VRFC 10-3107] analyzing entity 'c_addsub_v12_0_14_base_legacy'
INFO: [VRFC 10-3107] analyzing entity 'c_addsub_v12_0_14_fabric_legacy'
INFO: [VRFC 10-3107] analyzing entity 'c_addsub_v12_0_14_legacy'
INFO: [VRFC 10-3107] analyzing entity 'c_addsub_v12_0_14_viv'
INFO: [VRFC 10-3107] analyzing entity 'c_addsub_v12_0_14'
INFO: [VRFC 10-163] Analyzing VHDL file "D:/studia_zadania/Systemy_Rekonfigurowalne/lab6/hdmi_vga_zybo/hdmi_vga_zybo.gen/sources_1/ip/rgb2ycbcr_0/src/c_addsub_0/sim/c_addsub_0.vhd" into library xil_defaultlib
INFO: [VRFC 10-3107] analyzing entity 'c_addsub_0'
INFO: [VRFC 10-163] Analyzing VHDL file "D:/studia_zadania/Systemy_Rekonfigurowalne/lab6/hdmi_vga_zybo/hdmi_vga_zybo.ip_user_files/ipstatic/hdl/xbip_bram18k_v3_0_vh_rfs.vhd" into library xbip_bram18k_v3_0_6
INFO: [VRFC 10-3107] analyzing entity 'xbip_bram18k_synth'
INFO: [VRFC 10-3107] analyzing entity 'xbip_bram18k_rtl'
INFO: [VRFC 10-3107] analyzing entity 'xbip_bram18k_v3_0_6_viv'
INFO: [VRFC 10-3107] analyzing entity 'xbip_bram18k_v3_0_6'
INFO: [VRFC 10-163] Analyzing VHDL file "D:/studia_zadania/Systemy_Rekonfigurowalne/lab6/hdmi_vga_zybo/hdmi_vga_zybo.ip_user_files/ipstatic/hdl/mult_gen_v12_0_vh_rfs.vhd" into library mult_gen_v12_0_17
INFO: [VRFC 10-3107] analyzing entity 'op_resize'
INFO: [VRFC 10-3107] analyzing entity 'delay_line'
INFO: [VRFC 10-3107] analyzing entity 'cc_compare'
INFO: [VRFC 10-3107] analyzing entity 'luts'
INFO: [VRFC 10-3107] analyzing entity 'mult18'
INFO: [VRFC 10-3107] analyzing entity 'dsp'
INFO: [VRFC 10-3107] analyzing entity 'hybrid'
INFO: [VRFC 10-3107] analyzing entity 'ccm_dist_mem'
INFO: [VRFC 10-3107] analyzing entity 'ccm_sp_block_mem'
INFO: [VRFC 10-3107] analyzing entity 'ccm_dp_block_mem'
INFO: [VRFC 10-3107] analyzing entity 'ccm_syncmem'
INFO: [VRFC 10-3107] analyzing entity 'ccm_scaled_adder'
INFO: [VRFC 10-3107] analyzing entity 'ccm_operation'
INFO: [VRFC 10-3107] analyzing entity 'ccm'
INFO: [VRFC 10-3107] analyzing entity 'three_input_adder'
INFO: [VRFC 10-3107] analyzing entity 'multmxn_lut6'
INFO: [VRFC 10-3107] analyzing entity 'mult_gen_v12_0_17_viv'
INFO: [VRFC 10-3107] analyzing entity 'mult_gen_v12_0_17'
INFO: [VRFC 10-163] Analyzing VHDL file "D:/studia_zadania/Systemy_Rekonfigurowalne/lab6/hdmi_vga_zybo/hdmi_vga_zybo.gen/sources_1/ip/rgb2ycbcr_0/src/mult_gen_0/sim/mult_gen_0.vhd" into library xil_defaultlib
INFO: [VRFC 10-3107] analyzing entity 'mult_gen_0'
run_program: Time (s): cpu = 00:00:02 ; elapsed = 00:00:09 . Memory (MB): peak = 1250.254 ; gain = 0.000
INFO: [USF-XSim-69] 'compile' step finished in '9' seconds
INFO: [USF-XSim-3] XSim::Elaborate design
INFO: [USF-XSim-61] Executing 'ELABORATE' step in 'D:/studia_zadania/Systemy_Rekonfigurowalne/lab6/hdmi_vga_zybo/hdmi_vga_zybo.sim/sim_1/behav/xsim'
"xelab --incr --debug typical --relax --mt 2 -L xil_defaultlib -L xbip_utils_v3_0_10 -L c_reg_fd_v12_0_6 -L xbip_dsp48_wrapper_v3_0_4 -L xbip_pipe_v3_0_6 -L xbip_dsp48_addsub_v3_0_6 -L xbip_addsub_v3_0_6 -L c_addsub_v12_0_14 -L xbip_bram18k_v3_0_6 -L mult_gen_v12_0_17 -L unisims_ver -L unimacro_ver -L secureip -L xpm --snapshot tb_hdmi_behav xil_defaultlib.tb_hdmi xil_defaultlib.glbl -log elaborate.log"
Vivado Simulator v2021.2
Copyright 1986-1999, 2001-2021 Xilinx, Inc. All Rights Reserved.
Running: C:/Xilinx/Vivado/2021.2/bin/unwrapped/win64.o/xelab.exe --incr --debug typical --relax --mt 2 -L xil_defaultlib -L xbip_utils_v3_0_10 -L c_reg_fd_v12_0_6 -L xbip_dsp48_wrapper_v3_0_4 -L xbip_pipe_v3_0_6 -L xbip_dsp48_addsub_v3_0_6 -L xbip_addsub_v3_0_6 -L c_addsub_v12_0_14 -L xbip_bram18k_v3_0_6 -L mult_gen_v12_0_17 -L unisims_ver -L unimacro_ver -L secureip -L xpm --snapshot tb_hdmi_behav xil_defaultlib.tb_hdmi xil_defaultlib.glbl -log elaborate.log 
Using 2 slave threads.
Starting static elaboration
Pass Through NonSizing Optimizer
ERROR: [VRFC 10-3180] cannot find port 'hsunc_out' on this module [D:/studia_zadania/Systemy_Rekonfigurowalne/lab6/hdmi_vga_zybo/hdmi_vga_zybo.srcs/sources_1/new/vp.v:57]
ERROR: [XSIM 43-3322] Static elaboration of top level Verilog design unit(s) in library work failed.
INFO: [USF-XSim-69] 'elaborate' step finished in '3' seconds
INFO: [USF-XSim-99] Step results log file:'D:/studia_zadania/Systemy_Rekonfigurowalne/lab6/hdmi_vga_zybo/hdmi_vga_zybo.sim/sim_1/behav/xsim/elaborate.log'
ERROR: [USF-XSim-62] 'elaborate' step failed with error(s). Please check the Tcl console output or 'D:/studia_zadania/Systemy_Rekonfigurowalne/lab6/hdmi_vga_zybo/hdmi_vga_zybo.sim/sim_1/behav/xsim/elaborate.log' file for more information.
ERROR: [Vivado 12-4473] Detected error while running simulation. Please correct the issue and retry this operation.
launch_simulation: Time (s): cpu = 00:00:04 ; elapsed = 00:00:16 . Memory (MB): peak = 1250.254 ; gain = 0.000
ERROR: [Common 17-39] 'launch_simulation' failed due to earlier errors.
launch_simulation
Command: launch_simulation 
INFO: [Vivado 12-12493] Simulation top is 'tb_hdmi'
WARNING: [Vivado 12-12986] Compiled library path does not exist: ''
INFO: [Runs 36-567] Checking/generating simulation output products for IPs/BDs (if any)...
INFO: [Vivado 12-5682] Launching behavioral simulation in 'D:/studia_zadania/Systemy_Rekonfigurowalne/lab6/hdmi_vga_zybo/hdmi_vga_zybo.sim/sim_1/behav/xsim'
INFO: [Vivado 12-4795] Using compiled simulation libraries for IPs
INFO: [SIM-utils-51] Simulation object is 'sim_1'
INFO: [SIM-utils-72] Using boost library from 'C:/Xilinx/Vivado/2021.2/tps/boost_1_72_0'
INFO: [USF-XSim-7] Finding pre-compiled libraries...
INFO: [USF-XSim-11] File 'C:/Xilinx/Vivado/2021.2/data/xsim/xsim.ini' copied to run dir:'D:/studia_zadania/Systemy_Rekonfigurowalne/lab6/hdmi_vga_zybo/hdmi_vga_zybo.sim/sim_1/behav/xsim'
INFO: [SIM-utils-20] The project contains locked or custom IPs. The pre-compiled version of these IPs will not be referenced and the sources from these IP libraries will be compiled locally.
INFO: [SIM-utils-54] Inspecting design source files for 'tb_hdmi' in fileset 'sim_1'...
INFO: [SIM-utils-43] Exported 'D:/studia_zadania/Systemy_Rekonfigurowalne/lab6/hdmi_vga_zybo/hdmi_vga_zybo.sim/sim_1/behav/xsim/dist_mem_gen_0.mif'
INFO: [SIM-utils-43] Exported 'D:/studia_zadania/Systemy_Rekonfigurowalne/lab6/hdmi_vga_zybo/hdmi_vga_zybo.sim/sim_1/behav/xsim/lut.coe'
INFO: [SIM-utils-43] Exported 'D:/studia_zadania/Systemy_Rekonfigurowalne/lab6/hdmi_vga_zybo/hdmi_vga_zybo.sim/sim_1/behav/xsim/lut.coe'
INFO: [USF-XSim-97] Finding global include files...
INFO: [USF-XSim-98] Fetching design files from 'sim_1'...
INFO: [USF-XSim-2] XSim::Compile design
INFO: [USF-XSim-61] Executing 'COMPILE and ANALYZE' step in 'D:/studia_zadania/Systemy_Rekonfigurowalne/lab6/hdmi_vga_zybo/hdmi_vga_zybo.sim/sim_1/behav/xsim'
"xvlog --incr --relax -prj tb_hdmi_vlog.prj"
INFO: [VRFC 10-2263] Analyzing Verilog file "D:/studia_zadania/Systemy_Rekonfigurowalne/lab6/hdmi_vga_zybo/hdmi_vga_zybo.gen/sources_1/ip/rgb2ycbcr_0/src/delay_module.v" into library xil_defaultlib
INFO: [VRFC 10-311] analyzing module single_delay
INFO: [VRFC 10-311] analyzing module delay_module
INFO: [VRFC 10-2263] Analyzing Verilog file "D:/studia_zadania/Systemy_Rekonfigurowalne/lab6/hdmi_vga_zybo/hdmi_vga_zybo.gen/sources_1/ip/rgb2ycbcr_0/src/rgb2ycbcr.v" into library xil_defaultlib
INFO: [VRFC 10-311] analyzing module rgb2ycbcr
INFO: [VRFC 10-2263] Analyzing Verilog file "D:/studia_zadania/Systemy_Rekonfigurowalne/lab6/hdmi_vga_zybo/hdmi_vga_zybo.gen/sources_1/ip/rgb2ycbcr_0/sim/rgb2ycbcr_0.v" into library xil_defaultlib
INFO: [VRFC 10-311] analyzing module rgb2ycbcr_0
INFO: [VRFC 10-2263] Analyzing Verilog file "D:/studia_zadania/Systemy_Rekonfigurowalne/lab6/hdmi_vga_zybo/hdmi_vga_zybo.srcs/sources_1/imports/tb_src/hdmi_in.v" into library xil_defaultlib
INFO: [VRFC 10-311] analyzing module hdmi_in
INFO: [VRFC 10-2263] Analyzing Verilog file "D:/studia_zadania/Systemy_Rekonfigurowalne/lab6/hdmi_vga_zybo/hdmi_vga_zybo.srcs/sources_1/imports/tb_src/hdmi_out.v" into library xil_defaultlib
INFO: [VRFC 10-311] analyzing module hdmi_out
INFO: [VRFC 10-2263] Analyzing Verilog file "D:/studia_zadania/Systemy_Rekonfigurowalne/lab6/hdmi_vga_zybo/hdmi_vga_zybo.srcs/sources_1/new/vp.v" into library xil_defaultlib
INFO: [VRFC 10-311] analyzing module vp
INFO: [VRFC 10-2263] Analyzing Verilog file "D:/studia_zadania/Systemy_Rekonfigurowalne/lab6/hdmi_vga_zybo/hdmi_vga_zybo.srcs/sim_1/imports/tb_src/tb_hdmi.v" into library xil_defaultlib
INFO: [VRFC 10-311] analyzing module tb_hdmi
"xvhdl --incr --relax -prj tb_hdmi_vhdl.prj"
INFO: [USF-XSim-69] 'compile' step finished in '5' seconds
INFO: [USF-XSim-3] XSim::Elaborate design
INFO: [USF-XSim-61] Executing 'ELABORATE' step in 'D:/studia_zadania/Systemy_Rekonfigurowalne/lab6/hdmi_vga_zybo/hdmi_vga_zybo.sim/sim_1/behav/xsim'
"xelab --incr --debug typical --relax --mt 2 -L xil_defaultlib -L xbip_utils_v3_0_10 -L c_reg_fd_v12_0_6 -L xbip_dsp48_wrapper_v3_0_4 -L xbip_pipe_v3_0_6 -L xbip_dsp48_addsub_v3_0_6 -L xbip_addsub_v3_0_6 -L c_addsub_v12_0_14 -L xbip_bram18k_v3_0_6 -L mult_gen_v12_0_17 -L unisims_ver -L unimacro_ver -L secureip -L xpm --snapshot tb_hdmi_behav xil_defaultlib.tb_hdmi xil_defaultlib.glbl -log elaborate.log"
Vivado Simulator v2021.2
Copyright 1986-1999, 2001-2021 Xilinx, Inc. All Rights Reserved.
Running: C:/Xilinx/Vivado/2021.2/bin/unwrapped/win64.o/xelab.exe --incr --debug typical --relax --mt 2 -L xil_defaultlib -L xbip_utils_v3_0_10 -L c_reg_fd_v12_0_6 -L xbip_dsp48_wrapper_v3_0_4 -L xbip_pipe_v3_0_6 -L xbip_dsp48_addsub_v3_0_6 -L xbip_addsub_v3_0_6 -L c_addsub_v12_0_14 -L xbip_bram18k_v3_0_6 -L mult_gen_v12_0_17 -L unisims_ver -L unimacro_ver -L secureip -L xpm --snapshot tb_hdmi_behav xil_defaultlib.tb_hdmi xil_defaultlib.glbl -log elaborate.log 
Using 2 slave threads.
Starting static elaboration
Pass Through NonSizing Optimizer
WARNING: [VRFC 10-3091] actual bit length 32 differs from formal bit length 1 for port 'ce' [D:/studia_zadania/Systemy_Rekonfigurowalne/lab6/hdmi_vga_zybo/hdmi_vga_zybo.gen/sources_1/ip/rgb2ycbcr_0/src/rgb2ycbcr.v:155]
WARNING: [VRFC 10-3091] actual bit length 32 differs from formal bit length 1 for port 'ce' [D:/studia_zadania/Systemy_Rekonfigurowalne/lab6/hdmi_vga_zybo/hdmi_vga_zybo.gen/sources_1/ip/rgb2ycbcr_0/src/rgb2ycbcr.v:245]
Completed static elaboration
Starting simulation data flow analysis
Completed simulation data flow analysis
Time Resolution for simulation is 1ps
Compiling package std.standard
Compiling package std.textio
Compiling package ieee.std_logic_1164
Compiling package ieee.numeric_std
Compiling package mult_gen_v12_0_17.mult_gen_v12_0_17_viv_comp
Compiling package xbip_utils_v3_0_10.xbip_utils_v3_0_10_pkg
Compiling package mult_gen_v12_0_17.mult_gen_v12_0_17_pkg
Compiling package ieee.std_logic_arith
Compiling package ieee.std_logic_signed
Compiling package unisim.vcomponents
Compiling package mult_gen_v12_0_17.dsp_pkg
Compiling package c_addsub_v12_0_14.c_addsub_v12_0_14_viv_comp
Compiling package xbip_pipe_v3_0_6.xbip_pipe_v3_0_6_viv_comp
Compiling package xbip_addsub_v3_0_6.xbip_addsub_v3_0_6_viv_comp
Compiling package c_addsub_v12_0_14.c_addsub_v12_0_14_pkg
Compiling package c_addsub_v12_0_14.c_addsub_v12_0_14_pkg_legacy
Compiling package xbip_dsp48_addsub_v3_0_6.xbip_dsp48_addsub_v3_0_6_viv_com...
Compiling package xbip_dsp48_addsub_v3_0_6.xbip_dsp48_addsub_v3_0_6_pkg
Compiling package xbip_dsp48_wrapper_v3_0_4.xbip_dsp48_wrapper_v3_0_4_pkg
Compiling package ieee.vital_timing
Compiling package ieee.vital_primitives
Compiling package unisim.vpkg
Compiling module xil_defaultlib.hdmi_in
Compiling architecture xilinx of entity mult_gen_v12_0_17.delay_line [\delay_line(c_xdevicefamily="zyn...]
Compiling architecture xilinx of entity mult_gen_v12_0_17.op_resize [\op_resize(ai_width=18,bi_width=...]
Compiling architecture xilinx of entity mult_gen_v12_0_17.dsp [\dsp(c_xdevicefamily="zynq",c_a_...]
Compiling architecture xilinx of entity mult_gen_v12_0_17.mult_gen_v12_0_17_viv [\mult_gen_v12_0_17_viv(c_verbosi...]
Compiling architecture xilinx of entity mult_gen_v12_0_17.mult_gen_v12_0_17 [\mult_gen_v12_0_17(c_xdevicefami...]
Compiling architecture mult_gen_0_arch of entity xil_defaultlib.mult_gen_0 [mult_gen_0_default]
Compiling module xil_defaultlib.single_delay(N=27)
Compiling module xil_defaultlib.delay_module(N=27)
Compiling architecture dsp48e1_v of entity unisim.DSP48E1 [\DSP48E1(acascreg=0,adreg=0,alum...]
Compiling architecture synth of entity xbip_dsp48_wrapper_v3_0_4.xbip_dsp48e1_wrapper_v3_0 [\xbip_dsp48e1_wrapper_v3_0(preg=...]
Compiling architecture synth of entity xbip_dsp48_addsub_v3_0_6.xbip_dsp48_addsub_synth [\xbip_dsp48_addsub_synth(c_xdevi...]
Compiling architecture synth of entity xbip_dsp48_addsub_v3_0_6.xbip_dsp48_addsub_v3_0_6_viv [\xbip_dsp48_addsub_v3_0_6_viv(c_...]
Compiling architecture synth of entity xbip_addsub_v3_0_6.xbip_addsub_v3_0_6_viv [\xbip_addsub_v3_0_6_viv(c_xdevic...]
Compiling architecture synth of entity xbip_pipe_v3_0_6.xbip_pipe_v3_0_6_viv [\xbip_pipe_v3_0_6_viv(c_latency=...]
Compiling architecture synth of entity c_addsub_v12_0_14.c_addsub_v12_0_14_viv [\c_addsub_v12_0_14_viv(c_xdevice...]
Compiling architecture xilinx of entity c_addsub_v12_0_14.c_addsub_v12_0_14 [\c_addsub_v12_0_14(c_xdevicefami...]
Compiling architecture c_addsub_0_arch of entity xil_defaultlib.c_addsub_0 [c_addsub_0_default]
Compiling module xil_defaultlib.single_delay(N=3)
Compiling module xil_defaultlib.delay_module(N=3,DELAY=6)
Compiling module xil_defaultlib.rgb2ycbcr
Compiling module xil_defaultlib.rgb2ycbcr_0
Compiling module xil_defaultlib.vp
Compiling module xil_defaultlib.hdmi_out
Compiling module xil_defaultlib.tb_hdmi
Compiling module xil_defaultlib.glbl
Built simulation snapshot tb_hdmi_behav
run_program: Time (s): cpu = 00:00:01 ; elapsed = 00:00:09 . Memory (MB): peak = 1250.254 ; gain = 0.000
INFO: [USF-XSim-69] 'elaborate' step finished in '9' seconds
INFO: [USF-XSim-4] XSim::Simulate design
INFO: [USF-XSim-61] Executing 'SIMULATE' step in 'D:/studia_zadania/Systemy_Rekonfigurowalne/lab6/hdmi_vga_zybo/hdmi_vga_zybo.sim/sim_1/behav/xsim'
INFO: [USF-XSim-98] *** Running xsim
   with args "tb_hdmi_behav -key {Behavioral:sim_1:Functional:tb_hdmi} -tclbatch {tb_hdmi.tcl} -log {simulate.log}"
INFO: [USF-XSim-8] Loading simulator feature
Time resolution is 1 ps
source tb_hdmi.tcl
# set curr_wave [current_wave_config]
# if { [string length $curr_wave] == 0 } {
#   if { [llength [get_objects]] > 0} {
#     add_wave /
#     set_property needs_save false [current_wave_config]
#   } else {
#      send_msg_id Add_Wave-1 WARNING "No top level signals found. Simulator will start without a wave window. If you want to open a wave window go to 'File->New Waveform Configuration' or type 'create_wave_config' in the TCL console."
#   }
# }
# run 1000ns
INFO: [USF-XSim-96] XSim completed. Design snapshot 'tb_hdmi_behav' loaded.
INFO: [USF-XSim-97] XSim simulation ran for 1000ns
launch_simulation: Time (s): cpu = 00:00:06 ; elapsed = 00:00:20 . Memory (MB): peak = 1250.254 ; gain = 0.000
close_sim
INFO: [Simtcl 6-16] Simulation closed
launch_simulation
Command: launch_simulation 
INFO: [Vivado 12-12493] Simulation top is 'tb_hdmi'
WARNING: [Vivado 12-12986] Compiled library path does not exist: ''
INFO: [Runs 36-567] Checking/generating simulation output products for IPs/BDs (if any)...
INFO: [Vivado 12-5682] Launching behavioral simulation in 'D:/studia_zadania/Systemy_Rekonfigurowalne/lab6/hdmi_vga_zybo/hdmi_vga_zybo.sim/sim_1/behav/xsim'
INFO: [Vivado 12-4795] Using compiled simulation libraries for IPs
INFO: [SIM-utils-51] Simulation object is 'sim_1'
INFO: [SIM-utils-72] Using boost library from 'C:/Xilinx/Vivado/2021.2/tps/boost_1_72_0'
INFO: [USF-XSim-7] Finding pre-compiled libraries...
INFO: [USF-XSim-11] File 'C:/Xilinx/Vivado/2021.2/data/xsim/xsim.ini' copied to run dir:'D:/studia_zadania/Systemy_Rekonfigurowalne/lab6/hdmi_vga_zybo/hdmi_vga_zybo.sim/sim_1/behav/xsim'
INFO: [SIM-utils-20] The project contains locked or custom IPs. The pre-compiled version of these IPs will not be referenced and the sources from these IP libraries will be compiled locally.
INFO: [SIM-utils-54] Inspecting design source files for 'tb_hdmi' in fileset 'sim_1'...
INFO: [SIM-utils-43] Exported 'D:/studia_zadania/Systemy_Rekonfigurowalne/lab6/hdmi_vga_zybo/hdmi_vga_zybo.sim/sim_1/behav/xsim/dist_mem_gen_0.mif'
INFO: [SIM-utils-43] Exported 'D:/studia_zadania/Systemy_Rekonfigurowalne/lab6/hdmi_vga_zybo/hdmi_vga_zybo.sim/sim_1/behav/xsim/lut.coe'
INFO: [SIM-utils-43] Exported 'D:/studia_zadania/Systemy_Rekonfigurowalne/lab6/hdmi_vga_zybo/hdmi_vga_zybo.sim/sim_1/behav/xsim/lut.coe'
INFO: [USF-XSim-97] Finding global include files...
INFO: [USF-XSim-98] Fetching design files from 'sim_1'...
INFO: [USF-XSim-2] XSim::Compile design
INFO: [USF-XSim-61] Executing 'COMPILE and ANALYZE' step in 'D:/studia_zadania/Systemy_Rekonfigurowalne/lab6/hdmi_vga_zybo/hdmi_vga_zybo.sim/sim_1/behav/xsim'
"xvlog --incr --relax -prj tb_hdmi_vlog.prj"
INFO: [VRFC 10-2263] Analyzing Verilog file "D:/studia_zadania/Systemy_Rekonfigurowalne/lab6/hdmi_vga_zybo/hdmi_vga_zybo.gen/sources_1/ip/rgb2ycbcr_0/src/delay_module.v" into library xil_defaultlib
INFO: [VRFC 10-311] analyzing module single_delay
INFO: [VRFC 10-311] analyzing module delay_module
INFO: [VRFC 10-2263] Analyzing Verilog file "D:/studia_zadania/Systemy_Rekonfigurowalne/lab6/hdmi_vga_zybo/hdmi_vga_zybo.gen/sources_1/ip/rgb2ycbcr_0/src/rgb2ycbcr.v" into library xil_defaultlib
INFO: [VRFC 10-311] analyzing module rgb2ycbcr
INFO: [VRFC 10-2263] Analyzing Verilog file "D:/studia_zadania/Systemy_Rekonfigurowalne/lab6/hdmi_vga_zybo/hdmi_vga_zybo.gen/sources_1/ip/rgb2ycbcr_0/sim/rgb2ycbcr_0.v" into library xil_defaultlib
INFO: [VRFC 10-311] analyzing module rgb2ycbcr_0
INFO: [VRFC 10-2263] Analyzing Verilog file "D:/studia_zadania/Systemy_Rekonfigurowalne/lab6/hdmi_vga_zybo/hdmi_vga_zybo.srcs/sources_1/imports/tb_src/hdmi_in.v" into library xil_defaultlib
INFO: [VRFC 10-311] analyzing module hdmi_in
INFO: [VRFC 10-2263] Analyzing Verilog file "D:/studia_zadania/Systemy_Rekonfigurowalne/lab6/hdmi_vga_zybo/hdmi_vga_zybo.srcs/sources_1/imports/tb_src/hdmi_out.v" into library xil_defaultlib
INFO: [VRFC 10-311] analyzing module hdmi_out
INFO: [VRFC 10-2263] Analyzing Verilog file "D:/studia_zadania/Systemy_Rekonfigurowalne/lab6/hdmi_vga_zybo/hdmi_vga_zybo.srcs/sources_1/new/vp.v" into library xil_defaultlib
INFO: [VRFC 10-311] analyzing module vp
INFO: [VRFC 10-2263] Analyzing Verilog file "D:/studia_zadania/Systemy_Rekonfigurowalne/lab6/hdmi_vga_zybo/hdmi_vga_zybo.srcs/sim_1/imports/tb_src/tb_hdmi.v" into library xil_defaultlib
INFO: [VRFC 10-311] analyzing module tb_hdmi
"xvhdl --incr --relax -prj tb_hdmi_vhdl.prj"
INFO: [USF-XSim-69] 'compile' step finished in '5' seconds
INFO: [USF-XSim-3] XSim::Elaborate design
INFO: [USF-XSim-61] Executing 'ELABORATE' step in 'D:/studia_zadania/Systemy_Rekonfigurowalne/lab6/hdmi_vga_zybo/hdmi_vga_zybo.sim/sim_1/behav/xsim'
"xelab --incr --debug typical --relax --mt 2 -L xil_defaultlib -L xbip_utils_v3_0_10 -L c_reg_fd_v12_0_6 -L xbip_dsp48_wrapper_v3_0_4 -L xbip_pipe_v3_0_6 -L xbip_dsp48_addsub_v3_0_6 -L xbip_addsub_v3_0_6 -L c_addsub_v12_0_14 -L xbip_bram18k_v3_0_6 -L mult_gen_v12_0_17 -L unisims_ver -L unimacro_ver -L secureip -L xpm --snapshot tb_hdmi_behav xil_defaultlib.tb_hdmi xil_defaultlib.glbl -log elaborate.log"
Vivado Simulator v2021.2
Copyright 1986-1999, 2001-2021 Xilinx, Inc. All Rights Reserved.
Running: C:/Xilinx/Vivado/2021.2/bin/unwrapped/win64.o/xelab.exe --incr --debug typical --relax --mt 2 -L xil_defaultlib -L xbip_utils_v3_0_10 -L c_reg_fd_v12_0_6 -L xbip_dsp48_wrapper_v3_0_4 -L xbip_pipe_v3_0_6 -L xbip_dsp48_addsub_v3_0_6 -L xbip_addsub_v3_0_6 -L c_addsub_v12_0_14 -L xbip_bram18k_v3_0_6 -L mult_gen_v12_0_17 -L unisims_ver -L unimacro_ver -L secureip -L xpm --snapshot tb_hdmi_behav xil_defaultlib.tb_hdmi xil_defaultlib.glbl -log elaborate.log 
Using 2 slave threads.
Starting static elaboration
Pass Through NonSizing Optimizer
WARNING: [VRFC 10-3091] actual bit length 32 differs from formal bit length 1 for port 'ce' [D:/studia_zadania/Systemy_Rekonfigurowalne/lab6/hdmi_vga_zybo/hdmi_vga_zybo.gen/sources_1/ip/rgb2ycbcr_0/src/rgb2ycbcr.v:155]
WARNING: [VRFC 10-3091] actual bit length 32 differs from formal bit length 1 for port 'ce' [D:/studia_zadania/Systemy_Rekonfigurowalne/lab6/hdmi_vga_zybo/hdmi_vga_zybo.gen/sources_1/ip/rgb2ycbcr_0/src/rgb2ycbcr.v:245]
Completed static elaboration
Starting simulation data flow analysis
Completed simulation data flow analysis
Time Resolution for simulation is 1ps
Compiling package std.standard
Compiling package std.textio
Compiling package ieee.std_logic_1164
Compiling package ieee.numeric_std
Compiling package mult_gen_v12_0_17.mult_gen_v12_0_17_viv_comp
Compiling package xbip_utils_v3_0_10.xbip_utils_v3_0_10_pkg
Compiling package mult_gen_v12_0_17.mult_gen_v12_0_17_pkg
Compiling package ieee.std_logic_arith
Compiling package ieee.std_logic_signed
Compiling package unisim.vcomponents
Compiling package mult_gen_v12_0_17.dsp_pkg
Compiling package c_addsub_v12_0_14.c_addsub_v12_0_14_viv_comp
Compiling package xbip_pipe_v3_0_6.xbip_pipe_v3_0_6_viv_comp
Compiling package xbip_addsub_v3_0_6.xbip_addsub_v3_0_6_viv_comp
Compiling package c_addsub_v12_0_14.c_addsub_v12_0_14_pkg
Compiling package c_addsub_v12_0_14.c_addsub_v12_0_14_pkg_legacy
Compiling package xbip_dsp48_addsub_v3_0_6.xbip_dsp48_addsub_v3_0_6_viv_com...
Compiling package xbip_dsp48_addsub_v3_0_6.xbip_dsp48_addsub_v3_0_6_pkg
Compiling package xbip_dsp48_wrapper_v3_0_4.xbip_dsp48_wrapper_v3_0_4_pkg
Compiling package ieee.vital_timing
Compiling package ieee.vital_primitives
Compiling package unisim.vpkg
Compiling module xil_defaultlib.hdmi_in
Compiling architecture xilinx of entity mult_gen_v12_0_17.delay_line [\delay_line(c_xdevicefamily="zyn...]
Compiling architecture xilinx of entity mult_gen_v12_0_17.op_resize [\op_resize(ai_width=18,bi_width=...]
Compiling architecture xilinx of entity mult_gen_v12_0_17.dsp [\dsp(c_xdevicefamily="zynq",c_a_...]
Compiling architecture xilinx of entity mult_gen_v12_0_17.mult_gen_v12_0_17_viv [\mult_gen_v12_0_17_viv(c_verbosi...]
Compiling architecture xilinx of entity mult_gen_v12_0_17.mult_gen_v12_0_17 [\mult_gen_v12_0_17(c_xdevicefami...]
Compiling architecture mult_gen_0_arch of entity xil_defaultlib.mult_gen_0 [mult_gen_0_default]
Compiling module xil_defaultlib.single_delay(N=27)
Compiling module xil_defaultlib.delay_module(N=27)
Compiling architecture dsp48e1_v of entity unisim.DSP48E1 [\DSP48E1(acascreg=0,adreg=0,alum...]
Compiling architecture synth of entity xbip_dsp48_wrapper_v3_0_4.xbip_dsp48e1_wrapper_v3_0 [\xbip_dsp48e1_wrapper_v3_0(preg=...]
Compiling architecture synth of entity xbip_dsp48_addsub_v3_0_6.xbip_dsp48_addsub_synth [\xbip_dsp48_addsub_synth(c_xdevi...]
Compiling architecture synth of entity xbip_dsp48_addsub_v3_0_6.xbip_dsp48_addsub_v3_0_6_viv [\xbip_dsp48_addsub_v3_0_6_viv(c_...]
Compiling architecture synth of entity xbip_addsub_v3_0_6.xbip_addsub_v3_0_6_viv [\xbip_addsub_v3_0_6_viv(c_xdevic...]
Compiling architecture synth of entity xbip_pipe_v3_0_6.xbip_pipe_v3_0_6_viv [\xbip_pipe_v3_0_6_viv(c_latency=...]
Compiling architecture synth of entity c_addsub_v12_0_14.c_addsub_v12_0_14_viv [\c_addsub_v12_0_14_viv(c_xdevice...]
Compiling architecture xilinx of entity c_addsub_v12_0_14.c_addsub_v12_0_14 [\c_addsub_v12_0_14(c_xdevicefami...]
Compiling architecture c_addsub_0_arch of entity xil_defaultlib.c_addsub_0 [c_addsub_0_default]
Compiling module xil_defaultlib.single_delay(N=3)
Compiling module xil_defaultlib.delay_module(N=3,DELAY=6)
Compiling module xil_defaultlib.rgb2ycbcr
Compiling module xil_defaultlib.rgb2ycbcr_0
Compiling module xil_defaultlib.vp
Compiling module xil_defaultlib.hdmi_out
Compiling module xil_defaultlib.tb_hdmi
Compiling module xil_defaultlib.glbl
Built simulation snapshot tb_hdmi_behav
run_program: Time (s): cpu = 00:00:01 ; elapsed = 00:00:09 . Memory (MB): peak = 1250.254 ; gain = 0.000
INFO: [USF-XSim-69] 'elaborate' step finished in '8' seconds
INFO: [USF-XSim-4] XSim::Simulate design
INFO: [USF-XSim-61] Executing 'SIMULATE' step in 'D:/studia_zadania/Systemy_Rekonfigurowalne/lab6/hdmi_vga_zybo/hdmi_vga_zybo.sim/sim_1/behav/xsim'
INFO: [USF-XSim-98] *** Running xsim
   with args "tb_hdmi_behav -key {Behavioral:sim_1:Functional:tb_hdmi} -tclbatch {tb_hdmi.tcl} -log {simulate.log}"
INFO: [USF-XSim-8] Loading simulator feature
Time resolution is 1 ps
source tb_hdmi.tcl
# set curr_wave [current_wave_config]
# if { [string length $curr_wave] == 0 } {
#   if { [llength [get_objects]] > 0} {
#     add_wave /
#     set_property needs_save false [current_wave_config]
#   } else {
#      send_msg_id Add_Wave-1 WARNING "No top level signals found. Simulator will start without a wave window. If you want to open a wave window go to 'File->New Waveform Configuration' or type 'create_wave_config' in the TCL console."
#   }
# }
# run 1000ns
INFO: [USF-XSim-96] XSim completed. Design snapshot 'tb_hdmi_behav' loaded.
INFO: [USF-XSim-97] XSim simulation ran for 1000ns
launch_simulation: Time (s): cpu = 00:00:04 ; elapsed = 00:00:19 . Memory (MB): peak = 1250.254 ; gain = 0.000
close_sim
INFO: [Simtcl 6-16] Simulation closed
launch_simulation
Command: launch_simulation 
INFO: [Vivado 12-12493] Simulation top is 'tb_hdmi'
WARNING: [Vivado 12-12986] Compiled library path does not exist: ''
INFO: [Runs 36-567] Checking/generating simulation output products for IPs/BDs (if any)...
INFO: [Vivado 12-5682] Launching behavioral simulation in 'D:/studia_zadania/Systemy_Rekonfigurowalne/lab6/hdmi_vga_zybo/hdmi_vga_zybo.sim/sim_1/behav/xsim'
INFO: [Vivado 12-4795] Using compiled simulation libraries for IPs
INFO: [SIM-utils-51] Simulation object is 'sim_1'
INFO: [SIM-utils-72] Using boost library from 'C:/Xilinx/Vivado/2021.2/tps/boost_1_72_0'
INFO: [USF-XSim-7] Finding pre-compiled libraries...
INFO: [USF-XSim-11] File 'C:/Xilinx/Vivado/2021.2/data/xsim/xsim.ini' copied to run dir:'D:/studia_zadania/Systemy_Rekonfigurowalne/lab6/hdmi_vga_zybo/hdmi_vga_zybo.sim/sim_1/behav/xsim'
INFO: [SIM-utils-20] The project contains locked or custom IPs. The pre-compiled version of these IPs will not be referenced and the sources from these IP libraries will be compiled locally.
INFO: [SIM-utils-54] Inspecting design source files for 'tb_hdmi' in fileset 'sim_1'...
INFO: [SIM-utils-43] Exported 'D:/studia_zadania/Systemy_Rekonfigurowalne/lab6/hdmi_vga_zybo/hdmi_vga_zybo.sim/sim_1/behav/xsim/dist_mem_gen_0.mif'
INFO: [SIM-utils-43] Exported 'D:/studia_zadania/Systemy_Rekonfigurowalne/lab6/hdmi_vga_zybo/hdmi_vga_zybo.sim/sim_1/behav/xsim/lut.coe'
INFO: [SIM-utils-43] Exported 'D:/studia_zadania/Systemy_Rekonfigurowalne/lab6/hdmi_vga_zybo/hdmi_vga_zybo.sim/sim_1/behav/xsim/lut.coe'
INFO: [USF-XSim-97] Finding global include files...
INFO: [USF-XSim-98] Fetching design files from 'sim_1'...
INFO: [USF-XSim-2] XSim::Compile design
INFO: [USF-XSim-61] Executing 'COMPILE and ANALYZE' step in 'D:/studia_zadania/Systemy_Rekonfigurowalne/lab6/hdmi_vga_zybo/hdmi_vga_zybo.sim/sim_1/behav/xsim'
"xvlog --incr --relax -prj tb_hdmi_vlog.prj"
INFO: [VRFC 10-2263] Analyzing Verilog file "D:/studia_zadania/Systemy_Rekonfigurowalne/lab6/hdmi_vga_zybo/hdmi_vga_zybo.gen/sources_1/ip/rgb2ycbcr_0/src/delay_module.v" into library xil_defaultlib
INFO: [VRFC 10-311] analyzing module single_delay
INFO: [VRFC 10-311] analyzing module delay_module
INFO: [VRFC 10-2263] Analyzing Verilog file "D:/studia_zadania/Systemy_Rekonfigurowalne/lab6/hdmi_vga_zybo/hdmi_vga_zybo.gen/sources_1/ip/rgb2ycbcr_0/src/rgb2ycbcr.v" into library xil_defaultlib
INFO: [VRFC 10-311] analyzing module rgb2ycbcr
INFO: [VRFC 10-2263] Analyzing Verilog file "D:/studia_zadania/Systemy_Rekonfigurowalne/lab6/hdmi_vga_zybo/hdmi_vga_zybo.gen/sources_1/ip/rgb2ycbcr_0/sim/rgb2ycbcr_0.v" into library xil_defaultlib
INFO: [VRFC 10-311] analyzing module rgb2ycbcr_0
INFO: [VRFC 10-2263] Analyzing Verilog file "D:/studia_zadania/Systemy_Rekonfigurowalne/lab6/hdmi_vga_zybo/hdmi_vga_zybo.srcs/sources_1/imports/tb_src/hdmi_in.v" into library xil_defaultlib
INFO: [VRFC 10-311] analyzing module hdmi_in
INFO: [VRFC 10-2263] Analyzing Verilog file "D:/studia_zadania/Systemy_Rekonfigurowalne/lab6/hdmi_vga_zybo/hdmi_vga_zybo.srcs/sources_1/imports/tb_src/hdmi_out.v" into library xil_defaultlib
INFO: [VRFC 10-311] analyzing module hdmi_out
INFO: [VRFC 10-2263] Analyzing Verilog file "D:/studia_zadania/Systemy_Rekonfigurowalne/lab6/hdmi_vga_zybo/hdmi_vga_zybo.srcs/sources_1/new/vp.v" into library xil_defaultlib
INFO: [VRFC 10-311] analyzing module vp
INFO: [VRFC 10-2263] Analyzing Verilog file "D:/studia_zadania/Systemy_Rekonfigurowalne/lab6/hdmi_vga_zybo/hdmi_vga_zybo.srcs/sim_1/imports/tb_src/tb_hdmi.v" into library xil_defaultlib
INFO: [VRFC 10-311] analyzing module tb_hdmi
"xvhdl --incr --relax -prj tb_hdmi_vhdl.prj"
INFO: [USF-XSim-69] 'compile' step finished in '5' seconds
INFO: [USF-XSim-3] XSim::Elaborate design
INFO: [USF-XSim-61] Executing 'ELABORATE' step in 'D:/studia_zadania/Systemy_Rekonfigurowalne/lab6/hdmi_vga_zybo/hdmi_vga_zybo.sim/sim_1/behav/xsim'
"xelab --incr --debug typical --relax --mt 2 -L xil_defaultlib -L xbip_utils_v3_0_10 -L c_reg_fd_v12_0_6 -L xbip_dsp48_wrapper_v3_0_4 -L xbip_pipe_v3_0_6 -L xbip_dsp48_addsub_v3_0_6 -L xbip_addsub_v3_0_6 -L c_addsub_v12_0_14 -L xbip_bram18k_v3_0_6 -L mult_gen_v12_0_17 -L unisims_ver -L unimacro_ver -L secureip -L xpm --snapshot tb_hdmi_behav xil_defaultlib.tb_hdmi xil_defaultlib.glbl -log elaborate.log"
Vivado Simulator v2021.2
Copyright 1986-1999, 2001-2021 Xilinx, Inc. All Rights Reserved.
Running: C:/Xilinx/Vivado/2021.2/bin/unwrapped/win64.o/xelab.exe --incr --debug typical --relax --mt 2 -L xil_defaultlib -L xbip_utils_v3_0_10 -L c_reg_fd_v12_0_6 -L xbip_dsp48_wrapper_v3_0_4 -L xbip_pipe_v3_0_6 -L xbip_dsp48_addsub_v3_0_6 -L xbip_addsub_v3_0_6 -L c_addsub_v12_0_14 -L xbip_bram18k_v3_0_6 -L mult_gen_v12_0_17 -L unisims_ver -L unimacro_ver -L secureip -L xpm --snapshot tb_hdmi_behav xil_defaultlib.tb_hdmi xil_defaultlib.glbl -log elaborate.log 
Using 2 slave threads.
Starting static elaboration
Pass Through NonSizing Optimizer
WARNING: [VRFC 10-3091] actual bit length 32 differs from formal bit length 1 for port 'ce' [D:/studia_zadania/Systemy_Rekonfigurowalne/lab6/hdmi_vga_zybo/hdmi_vga_zybo.gen/sources_1/ip/rgb2ycbcr_0/src/rgb2ycbcr.v:155]
WARNING: [VRFC 10-3091] actual bit length 32 differs from formal bit length 1 for port 'ce' [D:/studia_zadania/Systemy_Rekonfigurowalne/lab6/hdmi_vga_zybo/hdmi_vga_zybo.gen/sources_1/ip/rgb2ycbcr_0/src/rgb2ycbcr.v:245]
Completed static elaboration
Starting simulation data flow analysis
Completed simulation data flow analysis
Time Resolution for simulation is 1ps
Compiling package std.standard
Compiling package std.textio
Compiling package ieee.std_logic_1164
Compiling package ieee.numeric_std
Compiling package mult_gen_v12_0_17.mult_gen_v12_0_17_viv_comp
Compiling package xbip_utils_v3_0_10.xbip_utils_v3_0_10_pkg
Compiling package mult_gen_v12_0_17.mult_gen_v12_0_17_pkg
Compiling package ieee.std_logic_arith
Compiling package ieee.std_logic_signed
Compiling package unisim.vcomponents
Compiling package mult_gen_v12_0_17.dsp_pkg
Compiling package c_addsub_v12_0_14.c_addsub_v12_0_14_viv_comp
Compiling package xbip_pipe_v3_0_6.xbip_pipe_v3_0_6_viv_comp
Compiling package xbip_addsub_v3_0_6.xbip_addsub_v3_0_6_viv_comp
Compiling package c_addsub_v12_0_14.c_addsub_v12_0_14_pkg
Compiling package c_addsub_v12_0_14.c_addsub_v12_0_14_pkg_legacy
Compiling package xbip_dsp48_addsub_v3_0_6.xbip_dsp48_addsub_v3_0_6_viv_com...
Compiling package xbip_dsp48_addsub_v3_0_6.xbip_dsp48_addsub_v3_0_6_pkg
Compiling package xbip_dsp48_wrapper_v3_0_4.xbip_dsp48_wrapper_v3_0_4_pkg
Compiling package ieee.vital_timing
Compiling package ieee.vital_primitives
Compiling package unisim.vpkg
Compiling module xil_defaultlib.hdmi_in
Compiling architecture xilinx of entity mult_gen_v12_0_17.delay_line [\delay_line(c_xdevicefamily="zyn...]
Compiling architecture xilinx of entity mult_gen_v12_0_17.op_resize [\op_resize(ai_width=18,bi_width=...]
Compiling architecture xilinx of entity mult_gen_v12_0_17.dsp [\dsp(c_xdevicefamily="zynq",c_a_...]
Compiling architecture xilinx of entity mult_gen_v12_0_17.mult_gen_v12_0_17_viv [\mult_gen_v12_0_17_viv(c_verbosi...]
Compiling architecture xilinx of entity mult_gen_v12_0_17.mult_gen_v12_0_17 [\mult_gen_v12_0_17(c_xdevicefami...]
Compiling architecture mult_gen_0_arch of entity xil_defaultlib.mult_gen_0 [mult_gen_0_default]
Compiling module xil_defaultlib.single_delay(N=27)
Compiling module xil_defaultlib.delay_module(N=27)
Compiling architecture dsp48e1_v of entity unisim.DSP48E1 [\DSP48E1(acascreg=0,adreg=0,alum...]
Compiling architecture synth of entity xbip_dsp48_wrapper_v3_0_4.xbip_dsp48e1_wrapper_v3_0 [\xbip_dsp48e1_wrapper_v3_0(preg=...]
Compiling architecture synth of entity xbip_dsp48_addsub_v3_0_6.xbip_dsp48_addsub_synth [\xbip_dsp48_addsub_synth(c_xdevi...]
Compiling architecture synth of entity xbip_dsp48_addsub_v3_0_6.xbip_dsp48_addsub_v3_0_6_viv [\xbip_dsp48_addsub_v3_0_6_viv(c_...]
Compiling architecture synth of entity xbip_addsub_v3_0_6.xbip_addsub_v3_0_6_viv [\xbip_addsub_v3_0_6_viv(c_xdevic...]
Compiling architecture synth of entity xbip_pipe_v3_0_6.xbip_pipe_v3_0_6_viv [\xbip_pipe_v3_0_6_viv(c_latency=...]
Compiling architecture synth of entity c_addsub_v12_0_14.c_addsub_v12_0_14_viv [\c_addsub_v12_0_14_viv(c_xdevice...]
Compiling architecture xilinx of entity c_addsub_v12_0_14.c_addsub_v12_0_14 [\c_addsub_v12_0_14(c_xdevicefami...]
Compiling architecture c_addsub_0_arch of entity xil_defaultlib.c_addsub_0 [c_addsub_0_default]
Compiling module xil_defaultlib.single_delay(N=3)
Compiling module xil_defaultlib.delay_module(N=3,DELAY=6)
Compiling module xil_defaultlib.rgb2ycbcr
Compiling module xil_defaultlib.rgb2ycbcr_0
Compiling module xil_defaultlib.vp
Compiling module xil_defaultlib.hdmi_out
Compiling module xil_defaultlib.tb_hdmi
Compiling module xil_defaultlib.glbl
Built simulation snapshot tb_hdmi_behav
run_program: Time (s): cpu = 00:00:00 ; elapsed = 00:00:08 . Memory (MB): peak = 1250.254 ; gain = 0.000
INFO: [USF-XSim-69] 'elaborate' step finished in '8' seconds
INFO: [USF-XSim-4] XSim::Simulate design
INFO: [USF-XSim-61] Executing 'SIMULATE' step in 'D:/studia_zadania/Systemy_Rekonfigurowalne/lab6/hdmi_vga_zybo/hdmi_vga_zybo.sim/sim_1/behav/xsim'
INFO: [USF-XSim-98] *** Running xsim
   with args "tb_hdmi_behav -key {Behavioral:sim_1:Functional:tb_hdmi} -tclbatch {tb_hdmi.tcl} -log {simulate.log}"
INFO: [USF-XSim-8] Loading simulator feature
Time resolution is 1 ps
source tb_hdmi.tcl
# set curr_wave [current_wave_config]
# if { [string length $curr_wave] == 0 } {
#   if { [llength [get_objects]] > 0} {
#     add_wave /
#     set_property needs_save false [current_wave_config]
#   } else {
#      send_msg_id Add_Wave-1 WARNING "No top level signals found. Simulator will start without a wave window. If you want to open a wave window go to 'File->New Waveform Configuration' or type 'create_wave_config' in the TCL console."
#   }
# }
# run 1000ns
INFO: [USF-XSim-96] XSim completed. Design snapshot 'tb_hdmi_behav' loaded.
INFO: [USF-XSim-97] XSim simulation ran for 1000ns
launch_simulation: Time (s): cpu = 00:00:03 ; elapsed = 00:00:16 . Memory (MB): peak = 1250.254 ; gain = 0.000
close_sim
INFO: [Simtcl 6-16] Simulation closed
launch_simulation
Command: launch_simulation 
INFO: [Vivado 12-12493] Simulation top is 'tb_hdmi'
WARNING: [Vivado 12-12986] Compiled library path does not exist: ''
INFO: [Runs 36-567] Checking/generating simulation output products for IPs/BDs (if any)...
INFO: [Vivado 12-5682] Launching behavioral simulation in 'D:/studia_zadania/Systemy_Rekonfigurowalne/lab6/hdmi_vga_zybo/hdmi_vga_zybo.sim/sim_1/behav/xsim'
INFO: [Vivado 12-4795] Using compiled simulation libraries for IPs
INFO: [SIM-utils-51] Simulation object is 'sim_1'
INFO: [SIM-utils-72] Using boost library from 'C:/Xilinx/Vivado/2021.2/tps/boost_1_72_0'
INFO: [USF-XSim-7] Finding pre-compiled libraries...
INFO: [USF-XSim-11] File 'C:/Xilinx/Vivado/2021.2/data/xsim/xsim.ini' copied to run dir:'D:/studia_zadania/Systemy_Rekonfigurowalne/lab6/hdmi_vga_zybo/hdmi_vga_zybo.sim/sim_1/behav/xsim'
INFO: [SIM-utils-20] The project contains locked or custom IPs. The pre-compiled version of these IPs will not be referenced and the sources from these IP libraries will be compiled locally.
INFO: [SIM-utils-54] Inspecting design source files for 'tb_hdmi' in fileset 'sim_1'...
INFO: [SIM-utils-43] Exported 'D:/studia_zadania/Systemy_Rekonfigurowalne/lab6/hdmi_vga_zybo/hdmi_vga_zybo.sim/sim_1/behav/xsim/dist_mem_gen_0.mif'
INFO: [SIM-utils-43] Exported 'D:/studia_zadania/Systemy_Rekonfigurowalne/lab6/hdmi_vga_zybo/hdmi_vga_zybo.sim/sim_1/behav/xsim/lut.coe'
INFO: [SIM-utils-43] Exported 'D:/studia_zadania/Systemy_Rekonfigurowalne/lab6/hdmi_vga_zybo/hdmi_vga_zybo.sim/sim_1/behav/xsim/lut.coe'
INFO: [USF-XSim-97] Finding global include files...
INFO: [USF-XSim-98] Fetching design files from 'sim_1'...
INFO: [USF-XSim-2] XSim::Compile design
INFO: [USF-XSim-61] Executing 'COMPILE and ANALYZE' step in 'D:/studia_zadania/Systemy_Rekonfigurowalne/lab6/hdmi_vga_zybo/hdmi_vga_zybo.sim/sim_1/behav/xsim'
"xvlog --incr --relax -prj tb_hdmi_vlog.prj"
"xvhdl --incr --relax -prj tb_hdmi_vhdl.prj"
INFO: [USF-XSim-69] 'compile' step finished in '4' seconds
INFO: [USF-XSim-3] XSim::Elaborate design
INFO: [USF-XSim-61] Executing 'ELABORATE' step in 'D:/studia_zadania/Systemy_Rekonfigurowalne/lab6/hdmi_vga_zybo/hdmi_vga_zybo.sim/sim_1/behav/xsim'
"xelab --incr --debug typical --relax --mt 2 -L xil_defaultlib -L xbip_utils_v3_0_10 -L c_reg_fd_v12_0_6 -L xbip_dsp48_wrapper_v3_0_4 -L xbip_pipe_v3_0_6 -L xbip_dsp48_addsub_v3_0_6 -L xbip_addsub_v3_0_6 -L c_addsub_v12_0_14 -L xbip_bram18k_v3_0_6 -L mult_gen_v12_0_17 -L unisims_ver -L unimacro_ver -L secureip -L xpm --snapshot tb_hdmi_behav xil_defaultlib.tb_hdmi xil_defaultlib.glbl -log elaborate.log"
Vivado Simulator v2021.2
Copyright 1986-1999, 2001-2021 Xilinx, Inc. All Rights Reserved.
Running: C:/Xilinx/Vivado/2021.2/bin/unwrapped/win64.o/xelab.exe --incr --debug typical --relax --mt 2 -L xil_defaultlib -L xbip_utils_v3_0_10 -L c_reg_fd_v12_0_6 -L xbip_dsp48_wrapper_v3_0_4 -L xbip_pipe_v3_0_6 -L xbip_dsp48_addsub_v3_0_6 -L xbip_addsub_v3_0_6 -L c_addsub_v12_0_14 -L xbip_bram18k_v3_0_6 -L mult_gen_v12_0_17 -L unisims_ver -L unimacro_ver -L secureip -L xpm --snapshot tb_hdmi_behav xil_defaultlib.tb_hdmi xil_defaultlib.glbl -log elaborate.log 
Using 2 slave threads.
Starting static elaboration
Pass Through NonSizing Optimizer
WARNING: [VRFC 10-3091] actual bit length 32 differs from formal bit length 1 for port 'ce' [D:/studia_zadania/Systemy_Rekonfigurowalne/lab6/hdmi_vga_zybo/hdmi_vga_zybo.gen/sources_1/ip/rgb2ycbcr_0/src/rgb2ycbcr.v:155]
WARNING: [VRFC 10-3091] actual bit length 32 differs from formal bit length 1 for port 'ce' [D:/studia_zadania/Systemy_Rekonfigurowalne/lab6/hdmi_vga_zybo/hdmi_vga_zybo.gen/sources_1/ip/rgb2ycbcr_0/src/rgb2ycbcr.v:245]
Completed static elaboration
INFO: [XSIM 43-4323] No Change in HDL. Linking previously generated obj files to create kernel
INFO: [USF-XSim-69] 'elaborate' step finished in '4' seconds
INFO: [USF-XSim-4] XSim::Simulate design
INFO: [USF-XSim-61] Executing 'SIMULATE' step in 'D:/studia_zadania/Systemy_Rekonfigurowalne/lab6/hdmi_vga_zybo/hdmi_vga_zybo.sim/sim_1/behav/xsim'
INFO: [USF-XSim-98] *** Running xsim
   with args "tb_hdmi_behav -key {Behavioral:sim_1:Functional:tb_hdmi} -tclbatch {tb_hdmi.tcl} -log {simulate.log}"
INFO: [USF-XSim-8] Loading simulator feature
Time resolution is 1 ps
source tb_hdmi.tcl
# set curr_wave [current_wave_config]
# if { [string length $curr_wave] == 0 } {
#   if { [llength [get_objects]] > 0} {
#     add_wave /
#     set_property needs_save false [current_wave_config]
#   } else {
#      send_msg_id Add_Wave-1 WARNING "No top level signals found. Simulator will start without a wave window. If you want to open a wave window go to 'File->New Waveform Configuration' or type 'create_wave_config' in the TCL console."
#   }
# }
# run 1000ns
INFO: [USF-XSim-96] XSim completed. Design snapshot 'tb_hdmi_behav' loaded.
INFO: [USF-XSim-97] XSim simulation ran for 1000ns
launch_simulation: Time (s): cpu = 00:00:04 ; elapsed = 00:00:11 . Memory (MB): peak = 1250.254 ; gain = 0.000
close_sim
INFO: [Simtcl 6-16] Simulation closed
launch_simulation
Command: launch_simulation 
INFO: [Vivado 12-12493] Simulation top is 'tb_hdmi'
WARNING: [Vivado 12-12986] Compiled library path does not exist: ''
INFO: [Runs 36-567] Checking/generating simulation output products for IPs/BDs (if any)...
INFO: [Vivado 12-5682] Launching behavioral simulation in 'D:/studia_zadania/Systemy_Rekonfigurowalne/lab6/hdmi_vga_zybo/hdmi_vga_zybo.sim/sim_1/behav/xsim'
INFO: [Vivado 12-4795] Using compiled simulation libraries for IPs
INFO: [SIM-utils-51] Simulation object is 'sim_1'
INFO: [SIM-utils-72] Using boost library from 'C:/Xilinx/Vivado/2021.2/tps/boost_1_72_0'
INFO: [USF-XSim-7] Finding pre-compiled libraries...
INFO: [USF-XSim-11] File 'C:/Xilinx/Vivado/2021.2/data/xsim/xsim.ini' copied to run dir:'D:/studia_zadania/Systemy_Rekonfigurowalne/lab6/hdmi_vga_zybo/hdmi_vga_zybo.sim/sim_1/behav/xsim'
INFO: [SIM-utils-20] The project contains locked or custom IPs. The pre-compiled version of these IPs will not be referenced and the sources from these IP libraries will be compiled locally.
INFO: [SIM-utils-54] Inspecting design source files for 'tb_hdmi' in fileset 'sim_1'...
INFO: [SIM-utils-43] Exported 'D:/studia_zadania/Systemy_Rekonfigurowalne/lab6/hdmi_vga_zybo/hdmi_vga_zybo.sim/sim_1/behav/xsim/dist_mem_gen_0.mif'
INFO: [SIM-utils-43] Exported 'D:/studia_zadania/Systemy_Rekonfigurowalne/lab6/hdmi_vga_zybo/hdmi_vga_zybo.sim/sim_1/behav/xsim/lut.coe'
INFO: [SIM-utils-43] Exported 'D:/studia_zadania/Systemy_Rekonfigurowalne/lab6/hdmi_vga_zybo/hdmi_vga_zybo.sim/sim_1/behav/xsim/lut.coe'
INFO: [USF-XSim-97] Finding global include files...
INFO: [USF-XSim-98] Fetching design files from 'sim_1'...
INFO: [USF-XSim-2] XSim::Compile design
INFO: [USF-XSim-61] Executing 'COMPILE and ANALYZE' step in 'D:/studia_zadania/Systemy_Rekonfigurowalne/lab6/hdmi_vga_zybo/hdmi_vga_zybo.sim/sim_1/behav/xsim'
"xvlog --incr --relax -prj tb_hdmi_vlog.prj"
INFO: [VRFC 10-2263] Analyzing Verilog file "D:/studia_zadania/Systemy_Rekonfigurowalne/lab6/hdmi_vga_zybo/hdmi_vga_zybo.gen/sources_1/ip/rgb2ycbcr_0/src/delay_module.v" into library xil_defaultlib
INFO: [VRFC 10-311] analyzing module single_delay
INFO: [VRFC 10-311] analyzing module delay_module
INFO: [VRFC 10-2263] Analyzing Verilog file "D:/studia_zadania/Systemy_Rekonfigurowalne/lab6/hdmi_vga_zybo/hdmi_vga_zybo.gen/sources_1/ip/rgb2ycbcr_0/src/rgb2ycbcr.v" into library xil_defaultlib
INFO: [VRFC 10-311] analyzing module rgb2ycbcr
INFO: [VRFC 10-2263] Analyzing Verilog file "D:/studia_zadania/Systemy_Rekonfigurowalne/lab6/hdmi_vga_zybo/hdmi_vga_zybo.gen/sources_1/ip/rgb2ycbcr_0/sim/rgb2ycbcr_0.v" into library xil_defaultlib
INFO: [VRFC 10-311] analyzing module rgb2ycbcr_0
INFO: [VRFC 10-2263] Analyzing Verilog file "D:/studia_zadania/Systemy_Rekonfigurowalne/lab6/hdmi_vga_zybo/hdmi_vga_zybo.srcs/sources_1/imports/tb_src/hdmi_in.v" into library xil_defaultlib
INFO: [VRFC 10-311] analyzing module hdmi_in
INFO: [VRFC 10-2263] Analyzing Verilog file "D:/studia_zadania/Systemy_Rekonfigurowalne/lab6/hdmi_vga_zybo/hdmi_vga_zybo.srcs/sources_1/imports/tb_src/hdmi_out.v" into library xil_defaultlib
INFO: [VRFC 10-311] analyzing module hdmi_out
INFO: [VRFC 10-2263] Analyzing Verilog file "D:/studia_zadania/Systemy_Rekonfigurowalne/lab6/hdmi_vga_zybo/hdmi_vga_zybo.srcs/sources_1/new/vp.v" into library xil_defaultlib
INFO: [VRFC 10-311] analyzing module vp
INFO: [VRFC 10-2263] Analyzing Verilog file "D:/studia_zadania/Systemy_Rekonfigurowalne/lab6/hdmi_vga_zybo/hdmi_vga_zybo.srcs/sim_1/imports/tb_src/tb_hdmi.v" into library xil_defaultlib
INFO: [VRFC 10-311] analyzing module tb_hdmi
"xvhdl --incr --relax -prj tb_hdmi_vhdl.prj"
INFO: [USF-XSim-69] 'compile' step finished in '5' seconds
INFO: [USF-XSim-3] XSim::Elaborate design
INFO: [USF-XSim-61] Executing 'ELABORATE' step in 'D:/studia_zadania/Systemy_Rekonfigurowalne/lab6/hdmi_vga_zybo/hdmi_vga_zybo.sim/sim_1/behav/xsim'
"xelab --incr --debug typical --relax --mt 2 -L xil_defaultlib -L xbip_utils_v3_0_10 -L c_reg_fd_v12_0_6 -L xbip_dsp48_wrapper_v3_0_4 -L xbip_pipe_v3_0_6 -L xbip_dsp48_addsub_v3_0_6 -L xbip_addsub_v3_0_6 -L c_addsub_v12_0_14 -L xbip_bram18k_v3_0_6 -L mult_gen_v12_0_17 -L unisims_ver -L unimacro_ver -L secureip -L xpm --snapshot tb_hdmi_behav xil_defaultlib.tb_hdmi xil_defaultlib.glbl -log elaborate.log"
Vivado Simulator v2021.2
Copyright 1986-1999, 2001-2021 Xilinx, Inc. All Rights Reserved.
Running: C:/Xilinx/Vivado/2021.2/bin/unwrapped/win64.o/xelab.exe --incr --debug typical --relax --mt 2 -L xil_defaultlib -L xbip_utils_v3_0_10 -L c_reg_fd_v12_0_6 -L xbip_dsp48_wrapper_v3_0_4 -L xbip_pipe_v3_0_6 -L xbip_dsp48_addsub_v3_0_6 -L xbip_addsub_v3_0_6 -L c_addsub_v12_0_14 -L xbip_bram18k_v3_0_6 -L mult_gen_v12_0_17 -L unisims_ver -L unimacro_ver -L secureip -L xpm --snapshot tb_hdmi_behav xil_defaultlib.tb_hdmi xil_defaultlib.glbl -log elaborate.log 
Using 2 slave threads.
Starting static elaboration
Pass Through NonSizing Optimizer
WARNING: [VRFC 10-3091] actual bit length 32 differs from formal bit length 1 for port 'ce' [D:/studia_zadania/Systemy_Rekonfigurowalne/lab6/hdmi_vga_zybo/hdmi_vga_zybo.gen/sources_1/ip/rgb2ycbcr_0/src/rgb2ycbcr.v:155]
WARNING: [VRFC 10-3091] actual bit length 32 differs from formal bit length 1 for port 'ce' [D:/studia_zadania/Systemy_Rekonfigurowalne/lab6/hdmi_vga_zybo/hdmi_vga_zybo.gen/sources_1/ip/rgb2ycbcr_0/src/rgb2ycbcr.v:245]
Completed static elaboration
Starting simulation data flow analysis
Completed simulation data flow analysis
Time Resolution for simulation is 1ps
Compiling package std.standard
Compiling package std.textio
Compiling package ieee.std_logic_1164
Compiling package ieee.numeric_std
Compiling package mult_gen_v12_0_17.mult_gen_v12_0_17_viv_comp
Compiling package xbip_utils_v3_0_10.xbip_utils_v3_0_10_pkg
Compiling package mult_gen_v12_0_17.mult_gen_v12_0_17_pkg
Compiling package ieee.std_logic_arith
Compiling package ieee.std_logic_signed
Compiling package unisim.vcomponents
Compiling package mult_gen_v12_0_17.dsp_pkg
Compiling package c_addsub_v12_0_14.c_addsub_v12_0_14_viv_comp
Compiling package xbip_pipe_v3_0_6.xbip_pipe_v3_0_6_viv_comp
Compiling package xbip_addsub_v3_0_6.xbip_addsub_v3_0_6_viv_comp
Compiling package c_addsub_v12_0_14.c_addsub_v12_0_14_pkg
Compiling package c_addsub_v12_0_14.c_addsub_v12_0_14_pkg_legacy
Compiling package xbip_dsp48_addsub_v3_0_6.xbip_dsp48_addsub_v3_0_6_viv_com...
Compiling package xbip_dsp48_addsub_v3_0_6.xbip_dsp48_addsub_v3_0_6_pkg
Compiling package xbip_dsp48_wrapper_v3_0_4.xbip_dsp48_wrapper_v3_0_4_pkg
Compiling package ieee.vital_timing
Compiling package ieee.vital_primitives
Compiling package unisim.vpkg
Compiling module xil_defaultlib.hdmi_in
Compiling architecture xilinx of entity mult_gen_v12_0_17.delay_line [\delay_line(c_xdevicefamily="zyn...]
Compiling architecture xilinx of entity mult_gen_v12_0_17.op_resize [\op_resize(ai_width=18,bi_width=...]
Compiling architecture xilinx of entity mult_gen_v12_0_17.dsp [\dsp(c_xdevicefamily="zynq",c_a_...]
Compiling architecture xilinx of entity mult_gen_v12_0_17.mult_gen_v12_0_17_viv [\mult_gen_v12_0_17_viv(c_verbosi...]
Compiling architecture xilinx of entity mult_gen_v12_0_17.mult_gen_v12_0_17 [\mult_gen_v12_0_17(c_xdevicefami...]
Compiling architecture mult_gen_0_arch of entity xil_defaultlib.mult_gen_0 [mult_gen_0_default]
Compiling module xil_defaultlib.single_delay(N=27)
Compiling module xil_defaultlib.delay_module(N=27)
Compiling architecture dsp48e1_v of entity unisim.DSP48E1 [\DSP48E1(acascreg=0,adreg=0,alum...]
Compiling architecture synth of entity xbip_dsp48_wrapper_v3_0_4.xbip_dsp48e1_wrapper_v3_0 [\xbip_dsp48e1_wrapper_v3_0(preg=...]
Compiling architecture synth of entity xbip_dsp48_addsub_v3_0_6.xbip_dsp48_addsub_synth [\xbip_dsp48_addsub_synth(c_xdevi...]
Compiling architecture synth of entity xbip_dsp48_addsub_v3_0_6.xbip_dsp48_addsub_v3_0_6_viv [\xbip_dsp48_addsub_v3_0_6_viv(c_...]
Compiling architecture synth of entity xbip_addsub_v3_0_6.xbip_addsub_v3_0_6_viv [\xbip_addsub_v3_0_6_viv(c_xdevic...]
Compiling architecture synth of entity xbip_pipe_v3_0_6.xbip_pipe_v3_0_6_viv [\xbip_pipe_v3_0_6_viv(c_latency=...]
Compiling architecture synth of entity c_addsub_v12_0_14.c_addsub_v12_0_14_viv [\c_addsub_v12_0_14_viv(c_xdevice...]
Compiling architecture xilinx of entity c_addsub_v12_0_14.c_addsub_v12_0_14 [\c_addsub_v12_0_14(c_xdevicefami...]
Compiling architecture c_addsub_0_arch of entity xil_defaultlib.c_addsub_0 [c_addsub_0_default]
Compiling module xil_defaultlib.single_delay(N=3)
Compiling module xil_defaultlib.delay_module(N=3,DELAY=6)
Compiling module xil_defaultlib.rgb2ycbcr
Compiling module xil_defaultlib.rgb2ycbcr_0
Compiling module xil_defaultlib.vp
Compiling module xil_defaultlib.hdmi_out
Compiling module xil_defaultlib.tb_hdmi
Compiling module xil_defaultlib.glbl
Built simulation snapshot tb_hdmi_behav
run_program: Time (s): cpu = 00:00:00 ; elapsed = 00:00:08 . Memory (MB): peak = 1250.254 ; gain = 0.000
INFO: [USF-XSim-69] 'elaborate' step finished in '8' seconds
INFO: [USF-XSim-4] XSim::Simulate design
INFO: [USF-XSim-61] Executing 'SIMULATE' step in 'D:/studia_zadania/Systemy_Rekonfigurowalne/lab6/hdmi_vga_zybo/hdmi_vga_zybo.sim/sim_1/behav/xsim'
INFO: [USF-XSim-98] *** Running xsim
   with args "tb_hdmi_behav -key {Behavioral:sim_1:Functional:tb_hdmi} -tclbatch {tb_hdmi.tcl} -log {simulate.log}"
INFO: [USF-XSim-8] Loading simulator feature
Time resolution is 1 ps
source tb_hdmi.tcl
# set curr_wave [current_wave_config]
# if { [string length $curr_wave] == 0 } {
#   if { [llength [get_objects]] > 0} {
#     add_wave /
#     set_property needs_save false [current_wave_config]
#   } else {
#      send_msg_id Add_Wave-1 WARNING "No top level signals found. Simulator will start without a wave window. If you want to open a wave window go to 'File->New Waveform Configuration' or type 'create_wave_config' in the TCL console."
#   }
# }
# run 1000ns
INFO: [USF-XSim-96] XSim completed. Design snapshot 'tb_hdmi_behav' loaded.
INFO: [USF-XSim-97] XSim simulation ran for 1000ns
launch_simulation: Time (s): cpu = 00:00:03 ; elapsed = 00:00:15 . Memory (MB): peak = 1250.254 ; gain = 0.000
close_sim
INFO: [Simtcl 6-16] Simulation closed
launch_simulation
Command: launch_simulation 
INFO: [Vivado 12-12493] Simulation top is 'tb_hdmi'
WARNING: [Vivado 12-12986] Compiled library path does not exist: ''
INFO: [Runs 36-567] Checking/generating simulation output products for IPs/BDs (if any)...
INFO: [Vivado 12-5682] Launching behavioral simulation in 'D:/studia_zadania/Systemy_Rekonfigurowalne/lab6/hdmi_vga_zybo/hdmi_vga_zybo.sim/sim_1/behav/xsim'
INFO: [Vivado 12-4795] Using compiled simulation libraries for IPs
INFO: [SIM-utils-51] Simulation object is 'sim_1'
INFO: [SIM-utils-72] Using boost library from 'C:/Xilinx/Vivado/2021.2/tps/boost_1_72_0'
INFO: [USF-XSim-7] Finding pre-compiled libraries...
INFO: [USF-XSim-11] File 'C:/Xilinx/Vivado/2021.2/data/xsim/xsim.ini' copied to run dir:'D:/studia_zadania/Systemy_Rekonfigurowalne/lab6/hdmi_vga_zybo/hdmi_vga_zybo.sim/sim_1/behav/xsim'
INFO: [SIM-utils-20] The project contains locked or custom IPs. The pre-compiled version of these IPs will not be referenced and the sources from these IP libraries will be compiled locally.
INFO: [SIM-utils-54] Inspecting design source files for 'tb_hdmi' in fileset 'sim_1'...
INFO: [SIM-utils-43] Exported 'D:/studia_zadania/Systemy_Rekonfigurowalne/lab6/hdmi_vga_zybo/hdmi_vga_zybo.sim/sim_1/behav/xsim/dist_mem_gen_0.mif'
INFO: [SIM-utils-43] Exported 'D:/studia_zadania/Systemy_Rekonfigurowalne/lab6/hdmi_vga_zybo/hdmi_vga_zybo.sim/sim_1/behav/xsim/lut.coe'
INFO: [SIM-utils-43] Exported 'D:/studia_zadania/Systemy_Rekonfigurowalne/lab6/hdmi_vga_zybo/hdmi_vga_zybo.sim/sim_1/behav/xsim/lut.coe'
INFO: [USF-XSim-97] Finding global include files...
INFO: [USF-XSim-98] Fetching design files from 'sim_1'...
INFO: [USF-XSim-2] XSim::Compile design
INFO: [USF-XSim-61] Executing 'COMPILE and ANALYZE' step in 'D:/studia_zadania/Systemy_Rekonfigurowalne/lab6/hdmi_vga_zybo/hdmi_vga_zybo.sim/sim_1/behav/xsim'
"xvlog --incr --relax -prj tb_hdmi_vlog.prj"
INFO: [VRFC 10-2263] Analyzing Verilog file "D:/studia_zadania/Systemy_Rekonfigurowalne/lab6/hdmi_vga_zybo/hdmi_vga_zybo.gen/sources_1/ip/rgb2ycbcr_0/src/delay_module.v" into library xil_defaultlib
INFO: [VRFC 10-311] analyzing module single_delay
INFO: [VRFC 10-311] analyzing module delay_module
INFO: [VRFC 10-2263] Analyzing Verilog file "D:/studia_zadania/Systemy_Rekonfigurowalne/lab6/hdmi_vga_zybo/hdmi_vga_zybo.gen/sources_1/ip/rgb2ycbcr_0/src/rgb2ycbcr.v" into library xil_defaultlib
INFO: [VRFC 10-311] analyzing module rgb2ycbcr
INFO: [VRFC 10-2263] Analyzing Verilog file "D:/studia_zadania/Systemy_Rekonfigurowalne/lab6/hdmi_vga_zybo/hdmi_vga_zybo.gen/sources_1/ip/rgb2ycbcr_0/sim/rgb2ycbcr_0.v" into library xil_defaultlib
INFO: [VRFC 10-311] analyzing module rgb2ycbcr_0
INFO: [VRFC 10-2263] Analyzing Verilog file "D:/studia_zadania/Systemy_Rekonfigurowalne/lab6/hdmi_vga_zybo/hdmi_vga_zybo.srcs/sources_1/imports/tb_src/hdmi_in.v" into library xil_defaultlib
INFO: [VRFC 10-311] analyzing module hdmi_in
INFO: [VRFC 10-2263] Analyzing Verilog file "D:/studia_zadania/Systemy_Rekonfigurowalne/lab6/hdmi_vga_zybo/hdmi_vga_zybo.srcs/sources_1/imports/tb_src/hdmi_out.v" into library xil_defaultlib
INFO: [VRFC 10-311] analyzing module hdmi_out
INFO: [VRFC 10-2263] Analyzing Verilog file "D:/studia_zadania/Systemy_Rekonfigurowalne/lab6/hdmi_vga_zybo/hdmi_vga_zybo.srcs/sources_1/new/vp.v" into library xil_defaultlib
INFO: [VRFC 10-311] analyzing module vp
INFO: [VRFC 10-2263] Analyzing Verilog file "D:/studia_zadania/Systemy_Rekonfigurowalne/lab6/hdmi_vga_zybo/hdmi_vga_zybo.srcs/sim_1/imports/tb_src/tb_hdmi.v" into library xil_defaultlib
INFO: [VRFC 10-311] analyzing module tb_hdmi
"xvhdl --incr --relax -prj tb_hdmi_vhdl.prj"
INFO: [USF-XSim-69] 'compile' step finished in '5' seconds
INFO: [USF-XSim-3] XSim::Elaborate design
INFO: [USF-XSim-61] Executing 'ELABORATE' step in 'D:/studia_zadania/Systemy_Rekonfigurowalne/lab6/hdmi_vga_zybo/hdmi_vga_zybo.sim/sim_1/behav/xsim'
"xelab --incr --debug typical --relax --mt 2 -L xil_defaultlib -L xbip_utils_v3_0_10 -L c_reg_fd_v12_0_6 -L xbip_dsp48_wrapper_v3_0_4 -L xbip_pipe_v3_0_6 -L xbip_dsp48_addsub_v3_0_6 -L xbip_addsub_v3_0_6 -L c_addsub_v12_0_14 -L xbip_bram18k_v3_0_6 -L mult_gen_v12_0_17 -L unisims_ver -L unimacro_ver -L secureip -L xpm --snapshot tb_hdmi_behav xil_defaultlib.tb_hdmi xil_defaultlib.glbl -log elaborate.log"
Vivado Simulator v2021.2
Copyright 1986-1999, 2001-2021 Xilinx, Inc. All Rights Reserved.
Running: C:/Xilinx/Vivado/2021.2/bin/unwrapped/win64.o/xelab.exe --incr --debug typical --relax --mt 2 -L xil_defaultlib -L xbip_utils_v3_0_10 -L c_reg_fd_v12_0_6 -L xbip_dsp48_wrapper_v3_0_4 -L xbip_pipe_v3_0_6 -L xbip_dsp48_addsub_v3_0_6 -L xbip_addsub_v3_0_6 -L c_addsub_v12_0_14 -L xbip_bram18k_v3_0_6 -L mult_gen_v12_0_17 -L unisims_ver -L unimacro_ver -L secureip -L xpm --snapshot tb_hdmi_behav xil_defaultlib.tb_hdmi xil_defaultlib.glbl -log elaborate.log 
Using 2 slave threads.
Starting static elaboration
Pass Through NonSizing Optimizer
WARNING: [VRFC 10-3091] actual bit length 32 differs from formal bit length 1 for port 'ce' [D:/studia_zadania/Systemy_Rekonfigurowalne/lab6/hdmi_vga_zybo/hdmi_vga_zybo.gen/sources_1/ip/rgb2ycbcr_0/src/rgb2ycbcr.v:155]
WARNING: [VRFC 10-3091] actual bit length 32 differs from formal bit length 1 for port 'ce' [D:/studia_zadania/Systemy_Rekonfigurowalne/lab6/hdmi_vga_zybo/hdmi_vga_zybo.gen/sources_1/ip/rgb2ycbcr_0/src/rgb2ycbcr.v:245]
Completed static elaboration
Starting simulation data flow analysis
Completed simulation data flow analysis
Time Resolution for simulation is 1ps
Compiling package std.standard
Compiling package std.textio
Compiling package ieee.std_logic_1164
Compiling package ieee.numeric_std
Compiling package mult_gen_v12_0_17.mult_gen_v12_0_17_viv_comp
Compiling package xbip_utils_v3_0_10.xbip_utils_v3_0_10_pkg
Compiling package mult_gen_v12_0_17.mult_gen_v12_0_17_pkg
Compiling package ieee.std_logic_arith
Compiling package ieee.std_logic_signed
Compiling package unisim.vcomponents
Compiling package mult_gen_v12_0_17.dsp_pkg
Compiling package c_addsub_v12_0_14.c_addsub_v12_0_14_viv_comp
Compiling package xbip_pipe_v3_0_6.xbip_pipe_v3_0_6_viv_comp
Compiling package xbip_addsub_v3_0_6.xbip_addsub_v3_0_6_viv_comp
Compiling package c_addsub_v12_0_14.c_addsub_v12_0_14_pkg
Compiling package c_addsub_v12_0_14.c_addsub_v12_0_14_pkg_legacy
Compiling package xbip_dsp48_addsub_v3_0_6.xbip_dsp48_addsub_v3_0_6_viv_com...
Compiling package xbip_dsp48_addsub_v3_0_6.xbip_dsp48_addsub_v3_0_6_pkg
Compiling package xbip_dsp48_wrapper_v3_0_4.xbip_dsp48_wrapper_v3_0_4_pkg
Compiling package ieee.vital_timing
Compiling package ieee.vital_primitives
Compiling package unisim.vpkg
Compiling module xil_defaultlib.hdmi_in
Compiling architecture xilinx of entity mult_gen_v12_0_17.delay_line [\delay_line(c_xdevicefamily="zyn...]
Compiling architecture xilinx of entity mult_gen_v12_0_17.op_resize [\op_resize(ai_width=18,bi_width=...]
Compiling architecture xilinx of entity mult_gen_v12_0_17.dsp [\dsp(c_xdevicefamily="zynq",c_a_...]
Compiling architecture xilinx of entity mult_gen_v12_0_17.mult_gen_v12_0_17_viv [\mult_gen_v12_0_17_viv(c_verbosi...]
Compiling architecture xilinx of entity mult_gen_v12_0_17.mult_gen_v12_0_17 [\mult_gen_v12_0_17(c_xdevicefami...]
Compiling architecture mult_gen_0_arch of entity xil_defaultlib.mult_gen_0 [mult_gen_0_default]
Compiling module xil_defaultlib.single_delay(N=27)
Compiling module xil_defaultlib.delay_module(N=27)
Compiling architecture dsp48e1_v of entity unisim.DSP48E1 [\DSP48E1(acascreg=0,adreg=0,alum...]
Compiling architecture synth of entity xbip_dsp48_wrapper_v3_0_4.xbip_dsp48e1_wrapper_v3_0 [\xbip_dsp48e1_wrapper_v3_0(preg=...]
Compiling architecture synth of entity xbip_dsp48_addsub_v3_0_6.xbip_dsp48_addsub_synth [\xbip_dsp48_addsub_synth(c_xdevi...]
Compiling architecture synth of entity xbip_dsp48_addsub_v3_0_6.xbip_dsp48_addsub_v3_0_6_viv [\xbip_dsp48_addsub_v3_0_6_viv(c_...]
Compiling architecture synth of entity xbip_addsub_v3_0_6.xbip_addsub_v3_0_6_viv [\xbip_addsub_v3_0_6_viv(c_xdevic...]
Compiling architecture synth of entity xbip_pipe_v3_0_6.xbip_pipe_v3_0_6_viv [\xbip_pipe_v3_0_6_viv(c_latency=...]
Compiling architecture synth of entity c_addsub_v12_0_14.c_addsub_v12_0_14_viv [\c_addsub_v12_0_14_viv(c_xdevice...]
Compiling architecture xilinx of entity c_addsub_v12_0_14.c_addsub_v12_0_14 [\c_addsub_v12_0_14(c_xdevicefami...]
Compiling architecture c_addsub_0_arch of entity xil_defaultlib.c_addsub_0 [c_addsub_0_default]
Compiling module xil_defaultlib.single_delay(N=3)
Compiling module xil_defaultlib.delay_module(N=3,DELAY=6)
Compiling module xil_defaultlib.rgb2ycbcr
Compiling module xil_defaultlib.rgb2ycbcr_0
Compiling module xil_defaultlib.vp
Compiling module xil_defaultlib.hdmi_out
Compiling module xil_defaultlib.tb_hdmi
Compiling module xil_defaultlib.glbl
Built simulation snapshot tb_hdmi_behav
run_program: Time (s): cpu = 00:00:00 ; elapsed = 00:00:08 . Memory (MB): peak = 1250.254 ; gain = 0.000
INFO: [USF-XSim-69] 'elaborate' step finished in '8' seconds
INFO: [USF-XSim-4] XSim::Simulate design
INFO: [USF-XSim-61] Executing 'SIMULATE' step in 'D:/studia_zadania/Systemy_Rekonfigurowalne/lab6/hdmi_vga_zybo/hdmi_vga_zybo.sim/sim_1/behav/xsim'
INFO: [USF-XSim-98] *** Running xsim
   with args "tb_hdmi_behav -key {Behavioral:sim_1:Functional:tb_hdmi} -tclbatch {tb_hdmi.tcl} -log {simulate.log}"
INFO: [USF-XSim-8] Loading simulator feature
Time resolution is 1 ps
source tb_hdmi.tcl
# set curr_wave [current_wave_config]
# if { [string length $curr_wave] == 0 } {
#   if { [llength [get_objects]] > 0} {
#     add_wave /
#     set_property needs_save false [current_wave_config]
#   } else {
#      send_msg_id Add_Wave-1 WARNING "No top level signals found. Simulator will start without a wave window. If you want to open a wave window go to 'File->New Waveform Configuration' or type 'create_wave_config' in the TCL console."
#   }
# }
# run 1000ns
INFO: [USF-XSim-96] XSim completed. Design snapshot 'tb_hdmi_behav' loaded.
INFO: [USF-XSim-97] XSim simulation ran for 1000ns
launch_simulation: Time (s): cpu = 00:00:03 ; elapsed = 00:00:15 . Memory (MB): peak = 1250.254 ; gain = 0.000
close_sim
INFO: [Simtcl 6-16] Simulation closed
exit
INFO: [Common 17-206] Exiting Vivado at Sat Apr 23 00:14:10 2022...
