INFO: [VRFC 10-2263] Analyzing Verilog file "D:/studia_zadania/SR/hdmi_vga_zybo.xpr/hdmi_vga_zybo/hdmi_vga_zybo.sim/sim_1/synth/timing/xsim/tb_hdmi_time_synth.v" into library xil_defaultlib
INFO: [VRFC 10-311] analyzing module c_addsub_0
INFO: [VRFC 10-311] analyzing module c_addsub_0__1
INFO: [VRFC 10-311] analyzing module c_addsub_0__2
INFO: [VRFC 10-311] analyzing module c_addsub_0__3
INFO: [VRFC 10-311] analyzing module c_addsub_0__4
INFO: [VRFC 10-311] analyzing module c_addsub_0__5
INFO: [VRFC 10-311] analyzing module c_addsub_0__6
INFO: [VRFC 10-311] analyzing module c_addsub_0__7
INFO: [VRFC 10-311] analyzing module c_addsub_0__8
INFO: [VRFC 10-311] analyzing module delay_module
INFO: [VRFC 10-311] analyzing module delay_module__parameterized0
INFO: [VRFC 10-311] analyzing module delay_module__parameterized0_0
INFO: [VRFC 10-311] analyzing module delay_module__parameterized0_1
INFO: [VRFC 10-311] analyzing module mult_gen_0
INFO: [VRFC 10-311] analyzing module mult_gen_0__1
INFO: [VRFC 10-311] analyzing module mult_gen_0__2
INFO: [VRFC 10-311] analyzing module mult_gen_0__3
INFO: [VRFC 10-311] analyzing module mult_gen_0__4
INFO: [VRFC 10-311] analyzing module mult_gen_0__5
INFO: [VRFC 10-311] analyzing module mult_gen_0__6
INFO: [VRFC 10-311] analyzing module mult_gen_0__7
INFO: [VRFC 10-311] analyzing module mult_gen_0__8
INFO: [VRFC 10-311] analyzing module rgb2ycbcr
INFO: [VRFC 10-311] analyzing module rgb2ycbcr_0
INFO: [VRFC 10-311] analyzing module single_delay
INFO: [VRFC 10-311] analyzing module single_delay__parameterized0
INFO: [VRFC 10-311] analyzing module single_delay__parameterized0_2
INFO: [VRFC 10-311] analyzing module single_delay__parameterized0_3
INFO: [VRFC 10-311] analyzing module single_delay__parameterized0_4
INFO: [VRFC 10-311] analyzing module single_delay__parameterized0_5
INFO: [VRFC 10-311] analyzing module single_delay__parameterized0_6
INFO: [VRFC 10-311] analyzing module single_delay__parameterized0_7
INFO: [VRFC 10-311] analyzing module single_delay__parameterized0_8
INFO: [VRFC 10-311] analyzing module single_delay__parameterized0_9
INFO: [VRFC 10-311] analyzing module vp
INFO: [VRFC 10-311] analyzing module c_addsub_v12_0_14
INFO: [VRFC 10-311] analyzing module c_addsub_v12_0_14__1
INFO: [VRFC 10-311] analyzing module c_addsub_v12_0_14__2
INFO: [VRFC 10-311] analyzing module c_addsub_v12_0_14__3
INFO: [VRFC 10-311] analyzing module c_addsub_v12_0_14__4
INFO: [VRFC 10-311] analyzing module c_addsub_v12_0_14__5
INFO: [VRFC 10-311] analyzing module c_addsub_v12_0_14__6
INFO: [VRFC 10-311] analyzing module c_addsub_v12_0_14__7
INFO: [VRFC 10-311] analyzing module c_addsub_v12_0_14__8
INFO: [VRFC 10-311] analyzing module c_addsub_v12_0_14_viv
INFO: [VRFC 10-311] analyzing module c_addsub_v12_0_14_viv__1
INFO: [VRFC 10-311] analyzing module c_addsub_v12_0_14_viv__2
INFO: [VRFC 10-311] analyzing module c_addsub_v12_0_14_viv__3
INFO: [VRFC 10-311] analyzing module c_addsub_v12_0_14_viv__4
INFO: [VRFC 10-311] analyzing module c_addsub_v12_0_14_viv__5
INFO: [VRFC 10-311] analyzing module c_addsub_v12_0_14_viv__6
INFO: [VRFC 10-311] analyzing module c_addsub_v12_0_14_viv__7
INFO: [VRFC 10-311] analyzing module c_addsub_v12_0_14_viv__8
INFO: [VRFC 10-311] analyzing module dsp
INFO: [VRFC 10-311] analyzing module dsp_50
INFO: [VRFC 10-311] analyzing module dsp_51
INFO: [VRFC 10-311] analyzing module dsp_52
INFO: [VRFC 10-311] analyzing module dsp_53
INFO: [VRFC 10-311] analyzing module dsp_54
INFO: [VRFC 10-311] analyzing module dsp_55
INFO: [VRFC 10-311] analyzing module dsp_56
INFO: [VRFC 10-311] analyzing module dsp_57
INFO: [VRFC 10-311] analyzing module mult_gen_v12_0_17
INFO: [VRFC 10-311] analyzing module mult_gen_v12_0_17__1
INFO: [VRFC 10-311] analyzing module mult_gen_v12_0_17__2
INFO: [VRFC 10-311] analyzing module mult_gen_v12_0_17__3
INFO: [VRFC 10-311] analyzing module mult_gen_v12_0_17__4
INFO: [VRFC 10-311] analyzing module mult_gen_v12_0_17__5
INFO: [VRFC 10-311] analyzing module mult_gen_v12_0_17__6
INFO: [VRFC 10-311] analyzing module mult_gen_v12_0_17__7
INFO: [VRFC 10-311] analyzing module mult_gen_v12_0_17__8
INFO: [VRFC 10-311] analyzing module mult_gen_v12_0_17_viv
INFO: [VRFC 10-311] analyzing module mult_gen_v12_0_17_viv__1
INFO: [VRFC 10-311] analyzing module mult_gen_v12_0_17_viv__2
INFO: [VRFC 10-311] analyzing module mult_gen_v12_0_17_viv__3
INFO: [VRFC 10-311] analyzing module mult_gen_v12_0_17_viv__4
INFO: [VRFC 10-311] analyzing module mult_gen_v12_0_17_viv__5
INFO: [VRFC 10-311] analyzing module mult_gen_v12_0_17_viv__6
INFO: [VRFC 10-311] analyzing module mult_gen_v12_0_17_viv__7
INFO: [VRFC 10-311] analyzing module mult_gen_v12_0_17_viv__8
INFO: [VRFC 10-311] analyzing module xbip_addsub_v3_0_6_viv
INFO: [VRFC 10-311] analyzing module xbip_addsub_v3_0_6_viv_11
INFO: [VRFC 10-311] analyzing module xbip_addsub_v3_0_6_viv_16
INFO: [VRFC 10-311] analyzing module xbip_addsub_v3_0_6_viv_21
INFO: [VRFC 10-311] analyzing module xbip_addsub_v3_0_6_viv_26
INFO: [VRFC 10-311] analyzing module xbip_addsub_v3_0_6_viv_31
INFO: [VRFC 10-311] analyzing module xbip_addsub_v3_0_6_viv_36
INFO: [VRFC 10-311] analyzing module xbip_addsub_v3_0_6_viv_41
INFO: [VRFC 10-311] analyzing module xbip_addsub_v3_0_6_viv_46
INFO: [VRFC 10-311] analyzing module xbip_dsp48_addsub_synth
INFO: [VRFC 10-311] analyzing module xbip_dsp48_addsub_synth_13
INFO: [VRFC 10-311] analyzing module xbip_dsp48_addsub_synth_18
INFO: [VRFC 10-311] analyzing module xbip_dsp48_addsub_synth_23
INFO: [VRFC 10-311] analyzing module xbip_dsp48_addsub_synth_28
INFO: [VRFC 10-311] analyzing module xbip_dsp48_addsub_synth_33
INFO: [VRFC 10-311] analyzing module xbip_dsp48_addsub_synth_38
INFO: [VRFC 10-311] analyzing module xbip_dsp48_addsub_synth_43
INFO: [VRFC 10-311] analyzing module xbip_dsp48_addsub_synth_48
INFO: [VRFC 10-311] analyzing module xbip_dsp48_addsub_v3_0_6_viv
INFO: [VRFC 10-311] analyzing module xbip_dsp48_addsub_v3_0_6_viv_12
INFO: [VRFC 10-311] analyzing module xbip_dsp48_addsub_v3_0_6_viv_17
INFO: [VRFC 10-311] analyzing module xbip_dsp48_addsub_v3_0_6_viv_22
INFO: [VRFC 10-311] analyzing module xbip_dsp48_addsub_v3_0_6_viv_27
INFO: [VRFC 10-311] analyzing module xbip_dsp48_addsub_v3_0_6_viv_32
INFO: [VRFC 10-311] analyzing module xbip_dsp48_addsub_v3_0_6_viv_37
INFO: [VRFC 10-311] analyzing module xbip_dsp48_addsub_v3_0_6_viv_42
INFO: [VRFC 10-311] analyzing module xbip_dsp48_addsub_v3_0_6_viv_47
INFO: [VRFC 10-311] analyzing module xbip_dsp48e1_wrapper_v3_0
INFO: [VRFC 10-311] analyzing module xbip_dsp48e1_wrapper_v3_0_14
INFO: [VRFC 10-311] analyzing module xbip_dsp48e1_wrapper_v3_0_19
INFO: [VRFC 10-311] analyzing module xbip_dsp48e1_wrapper_v3_0_24
INFO: [VRFC 10-311] analyzing module xbip_dsp48e1_wrapper_v3_0_29
INFO: [VRFC 10-311] analyzing module xbip_dsp48e1_wrapper_v3_0_34
INFO: [VRFC 10-311] analyzing module xbip_dsp48e1_wrapper_v3_0_39
INFO: [VRFC 10-311] analyzing module xbip_dsp48e1_wrapper_v3_0_44
INFO: [VRFC 10-311] analyzing module xbip_dsp48e1_wrapper_v3_0_49
INFO: [VRFC 10-311] analyzing module xbip_pipe_v3_0_6_viv
INFO: [VRFC 10-311] analyzing module xbip_pipe_v3_0_6_viv_10
INFO: [VRFC 10-311] analyzing module xbip_pipe_v3_0_6_viv_15
INFO: [VRFC 10-311] analyzing module xbip_pipe_v3_0_6_viv_20
INFO: [VRFC 10-311] analyzing module xbip_pipe_v3_0_6_viv_25
INFO: [VRFC 10-311] analyzing module xbip_pipe_v3_0_6_viv_30
INFO: [VRFC 10-311] analyzing module xbip_pipe_v3_0_6_viv_35
INFO: [VRFC 10-311] analyzing module xbip_pipe_v3_0_6_viv_40
INFO: [VRFC 10-311] analyzing module xbip_pipe_v3_0_6_viv_45
INFO: [VRFC 10-311] analyzing module glbl
INFO: [VRFC 10-2263] Analyzing Verilog file "D:/studia_zadania/SR/hdmi_vga_zybo.xpr/hdmi_vga_zybo/hdmi_vga_zybo.srcs/sources_1/imports/tb_src/hdmi_in.v" into library xil_defaultlib
INFO: [VRFC 10-311] analyzing module hdmi_in
INFO: [VRFC 10-2263] Analyzing Verilog file "D:/studia_zadania/SR/hdmi_vga_zybo.xpr/hdmi_vga_zybo/hdmi_vga_zybo.srcs/sources_1/imports/tb_src/hdmi_out.v" into library xil_defaultlib
INFO: [VRFC 10-311] analyzing module hdmi_out
INFO: [VRFC 10-2263] Analyzing Verilog file "D:/studia_zadania/SR/hdmi_vga_zybo.xpr/hdmi_vga_zybo/hdmi_vga_zybo.srcs/sim_1/imports/tb_src/tb_hdmi.v" into library xil_defaultlib
INFO: [VRFC 10-311] analyzing module tb_hdmi
